This file contains any messages produced by compilers while
running configure, to aid debugging if configure makes a mistake.

It was created by bwtool configure 1.0, which was
generated by GNU Autoconf 2.69.  Invocation command line was

  $ ./configure --prefix=/Users/svetlana CFLAGS=-g -O0 -I/Users/svetlana/include LDFLAGS=-L/Users/svetlana/lib

## --------- ##
## Platform. ##
## --------- ##

hostname = Need
uname -m = x86_64
uname -r = 15.6.0
uname -s = Darwin
uname -v = Darwin Kernel Version 15.6.0: Mon Aug 29 20:21:34 PDT 2016; root:xnu-3248.60.11~1/RELEASE_X86_64

/usr/bin/uname -p = i386
/bin/uname -X     = unknown

/bin/arch              = unknown
/usr/bin/arch -k       = unknown
/usr/convex/getsysinfo = unknown
/usr/bin/hostinfo      = Mach kernel version:
	 Darwin Kernel Version 15.6.0: Mon Aug 29 20:21:34 PDT 2016; root:xnu-3248.60.11~1/RELEASE_X86_64
Kernel configured for up to 8 processors.
4 processors are physically available.
8 processors are logically available.
Processor type: x86_64h (Intel x86-64h Haswell)
Processors active: 0 1 2 3 4 5 6 7
Primary memory available: 16.00 gigabytes
Default processor set: 340 tasks, 2123 threads, 8 processors
Load average: 3.39, Mach factor: 5.14
/bin/machine           = unknown
/usr/bin/oslevel       = unknown
/bin/universe          = unknown

PATH: /usr/local/bin
PATH: /usr/bin
PATH: /bin
PATH: /usr/sbin
PATH: /sbin
PATH: /opt/X11/bin


## ----------- ##
## Core tests. ##
## ----------- ##

configure:2389: checking build system type
configure:2403: result: x86_64-apple-darwin15.6.0
configure:2423: checking host system type
configure:2436: result: x86_64-apple-darwin15.6.0
configure:2456: checking target system type
configure:2469: result: x86_64-apple-darwin15.6.0
configure:2512: checking for a BSD-compatible install
configure:2580: result: /usr/bin/install -c
configure:2591: checking whether build environment is sane
configure:2646: result: yes
configure:2797: checking for a thread-safe mkdir -p
configure:2836: result: ./install-sh -c -d
configure:2843: checking for gawk
configure:2873: result: no
configure:2843: checking for mawk
configure:2873: result: no
configure:2843: checking for nawk
configure:2873: result: no
configure:2843: checking for awk
configure:2859: found /usr/bin/awk
configure:2870: result: awk
configure:2881: checking whether make sets $(MAKE)
configure:2903: result: yes
configure:2932: checking whether make supports nested variables
configure:2949: result: yes
configure:3128: checking for gcc
configure:3144: found /usr/bin/gcc
configure:3155: result: gcc
configure:3384: checking for C compiler version
configure:3393: gcc --version >&5
Apple LLVM version 7.3.0 (clang-703.0.31)
Target: x86_64-apple-darwin15.6.0
Thread model: posix
InstalledDir: /Library/Developer/CommandLineTools/usr/bin
Configured with: --prefix=/Library/Developer/CommandLineTools/usr --with-gxx-include-dir=/usr/include/c++/4.2.1
configure:3404: $? = 0
configure:3393: gcc -v >&5
Configured with: --prefix=/Library/Developer/CommandLineTools/usr --with-gxx-include-dir=/usr/include/c++/4.2.1
Apple LLVM version 7.3.0 (clang-703.0.31)
Target: x86_64-apple-darwin15.6.0
Thread model: posix
InstalledDir: /Library/Developer/CommandLineTools/usr/bin
configure:3404: $? = 0
configure:3393: gcc -V >&5
clang: error: argument to '-V' is missing (expected 1 value)
clang: error: no input files
configure:3404: $? = 1
configure:3393: gcc -qversion >&5
clang: error: unknown argument: '-qversion'
clang: error: no input files
configure:3404: $? = 1
configure:3424: checking whether the C compiler works
configure:3446: gcc -g -O0 -I/Users/svetlana/include  -L/Users/svetlana/lib conftest.c  >&5
configure:3450: $? = 0
configure:3498: result: yes
configure:3501: checking for C compiler default output file name
configure:3503: result: a.out
configure:3509: checking for suffix of executables
configure:3516: gcc -o conftest -g -O0 -I/Users/svetlana/include  -L/Users/svetlana/lib conftest.c  >&5
configure:3520: $? = 0
configure:3542: result: 
configure:3564: checking whether we are cross compiling
configure:3572: gcc -o conftest -g -O0 -I/Users/svetlana/include  -L/Users/svetlana/lib conftest.c  >&5
configure:3576: $? = 0
configure:3583: ./conftest
configure:3587: $? = 0
configure:3602: result: no
configure:3607: checking for suffix of object files
configure:3629: gcc -c -g -O0 -I/Users/svetlana/include  conftest.c >&5
configure:3633: $? = 0
configure:3654: result: o
configure:3658: checking whether we are using the GNU C compiler
configure:3677: gcc -c -g -O0 -I/Users/svetlana/include  conftest.c >&5
configure:3677: $? = 0
configure:3686: result: yes
configure:3695: checking whether gcc accepts -g
configure:3715: gcc -c -g  conftest.c >&5
configure:3715: $? = 0
configure:3756: result: yes
configure:3773: checking for gcc option to accept ISO C89
configure:3836: gcc  -c -g -O0 -I/Users/svetlana/include  conftest.c >&5
configure:3836: $? = 0
configure:3849: result: none needed
configure:3874: checking whether gcc understands -c and -o together
configure:3896: gcc -c conftest.c -o conftest2.o
configure:3899: $? = 0
configure:3896: gcc -c conftest.c -o conftest2.o
configure:3899: $? = 0
configure:3911: result: yes
configure:3939: checking for style of include used by make
configure:3967: result: GNU
configure:3993: checking dependency style of gcc
configure:4104: result: gcc3
configure:4162: checking for ranlib
configure:4178: found /usr/bin/ranlib
configure:4189: result: ranlib
configure:4219: checking whether to enable maintainer-specific portions of Makefiles
configure:4228: result: no
configure:4257: checking how to run the C preprocessor
configure:4288: gcc -E  conftest.c
configure:4288: $? = 0
configure:4302: gcc -E  conftest.c
conftest.c:11:10: fatal error: 'ac_nonexistent.h' file not found
#include <ac_nonexistent.h>
         ^
1 error generated.
configure:4302: $? = 1
configure: failed program was:
| /* confdefs.h */
| #define PACKAGE_NAME "bwtool"
| #define PACKAGE_TARNAME "bwtool"
| #define PACKAGE_VERSION "1.0"
| #define PACKAGE_STRING "bwtool 1.0"
| #define PACKAGE_BUGREPORT ""
| #define PACKAGE_URL ""
| #define PACKAGE "bwtool"
| #define VERSION "1.0"
| /* end confdefs.h.  */
| #include <ac_nonexistent.h>
configure:4327: result: gcc -E
configure:4347: gcc -E  conftest.c
configure:4347: $? = 0
configure:4361: gcc -E  conftest.c
conftest.c:11:10: fatal error: 'ac_nonexistent.h' file not found
#include <ac_nonexistent.h>
         ^
1 error generated.
configure:4361: $? = 1
configure: failed program was:
| /* confdefs.h */
| #define PACKAGE_NAME "bwtool"
| #define PACKAGE_TARNAME "bwtool"
| #define PACKAGE_VERSION "1.0"
| #define PACKAGE_STRING "bwtool 1.0"
| #define PACKAGE_BUGREPORT ""
| #define PACKAGE_URL ""
| #define PACKAGE "bwtool"
| #define VERSION "1.0"
| /* end confdefs.h.  */
| #include <ac_nonexistent.h>
configure:4390: checking for grep that handles long lines and -e
configure:4448: result: /usr/bin/grep
configure:4453: checking for egrep
configure:4515: result: /usr/bin/grep -E
configure:4520: checking for ANSI C header files
configure:4540: gcc -c -g -O0 -I/Users/svetlana/include  conftest.c >&5
configure:4540: $? = 0
configure:4613: gcc -o conftest -g -O0 -I/Users/svetlana/include  -L/Users/svetlana/lib conftest.c  >&5
configure:4613: $? = 0
configure:4613: ./conftest
configure:4613: $? = 0
configure:4624: result: yes
configure:4637: checking for sys/types.h
configure:4637: gcc -c -g -O0 -I/Users/svetlana/include  conftest.c >&5
configure:4637: $? = 0
configure:4637: result: yes
configure:4637: checking for sys/stat.h
configure:4637: gcc -c -g -O0 -I/Users/svetlana/include  conftest.c >&5
configure:4637: $? = 0
configure:4637: result: yes
configure:4637: checking for stdlib.h
configure:4637: gcc -c -g -O0 -I/Users/svetlana/include  conftest.c >&5
configure:4637: $? = 0
configure:4637: result: yes
configure:4637: checking for string.h
configure:4637: gcc -c -g -O0 -I/Users/svetlana/include  conftest.c >&5
configure:4637: $? = 0
configure:4637: result: yes
configure:4637: checking for memory.h
configure:4637: gcc -c -g -O0 -I/Users/svetlana/include  conftest.c >&5
configure:4637: $? = 0
configure:4637: result: yes
configure:4637: checking for strings.h
configure:4637: gcc -c -g -O0 -I/Users/svetlana/include  conftest.c >&5
configure:4637: $? = 0
configure:4637: result: yes
configure:4637: checking for inttypes.h
configure:4637: gcc -c -g -O0 -I/Users/svetlana/include  conftest.c >&5
configure:4637: $? = 0
configure:4637: result: yes
configure:4637: checking for stdint.h
configure:4637: gcc -c -g -O0 -I/Users/svetlana/include  conftest.c >&5
configure:4637: $? = 0
configure:4637: result: yes
configure:4637: checking for unistd.h
configure:4637: gcc -c -g -O0 -I/Users/svetlana/include  conftest.c >&5
configure:4637: $? = 0
configure:4637: result: yes
configure:4652: checking jkweb/common.h usability
configure:4652: gcc -c -g -O0 -I/Users/svetlana/include  conftest.c >&5
configure:4652: $? = 0
configure:4652: result: yes
configure:4652: checking jkweb/common.h presence
configure:4652: gcc -E  conftest.c
conftest.c:21:10: fatal error: 'jkweb/common.h' file not found
#include <jkweb/common.h>
         ^
1 error generated.
configure:4652: $? = 1
configure: failed program was:
| /* confdefs.h */
| #define PACKAGE_NAME "bwtool"
| #define PACKAGE_TARNAME "bwtool"
| #define PACKAGE_VERSION "1.0"
| #define PACKAGE_STRING "bwtool 1.0"
| #define PACKAGE_BUGREPORT ""
| #define PACKAGE_URL ""
| #define PACKAGE "bwtool"
| #define VERSION "1.0"
| #define STDC_HEADERS 1
| #define HAVE_SYS_TYPES_H 1
| #define HAVE_SYS_STAT_H 1
| #define HAVE_STDLIB_H 1
| #define HAVE_STRING_H 1
| #define HAVE_MEMORY_H 1
| #define HAVE_STRINGS_H 1
| #define HAVE_INTTYPES_H 1
| #define HAVE_STDINT_H 1
| #define HAVE_UNISTD_H 1
| /* end confdefs.h.  */
| #include <jkweb/common.h>
configure:4652: result: no
configure:4652: WARNING: jkweb/common.h: accepted by the compiler, rejected by the preprocessor!
configure:4652: WARNING: jkweb/common.h: proceeding with the compiler's result
configure:4652: checking for jkweb/common.h
configure:4652: result: yes
configure:4652: checking beato/bigs.h usability
configure:4652: gcc -c -g -O0 -I/Users/svetlana/include  conftest.c >&5
In file included from conftest.c:55:
In file included from /Users/svetlana/include/beato/bigs.h:5:
/Users/svetlana/include/jkweb/hash.h:62:5: error: unknown type name 'bits32'
    bits32 hashVal;
    ^
/Users/svetlana/include/jkweb/hash.h:68:5: error: unknown type name 'bits32'
    bits32 mask;        /* Mask hashCrc with this to get it to fit table. */
    ^
/Users/svetlana/include/jkweb/hash.h:74:5: error: unknown type name 'boolean'
    boolean autoExpand;         /* Automatically expand hash */
    ^
/Users/svetlana/include/jkweb/hash.h:91:1: error: unknown type name 'bits32'
bits32 hashString(char *string);
^
/Users/svetlana/include/jkweb/hash.h:94:1: error: unknown type name 'bits32'
bits32 hashCrc(char *string);
^
/Users/svetlana/include/jkweb/hash.h:224:45: error: unknown type name 'boolean'
struct hash *newHashExt(int powerOfTwoSize, boolean useLocalMem);
                                            ^
/Users/svetlana/include/jkweb/hash.h:264:1: error: unknown type name 'boolean'
boolean hashMayRemove(struct hash *hash, char *name);
^
In file included from conftest.c:55:
In file included from /Users/svetlana/include/beato/bigs.h:9:
In file included from /Users/svetlana/include/beato/metaBig.h:12:
In file included from /Users/svetlana/include/jkweb/bbiFile.h:6:
/Users/svetlana/include/jkweb/cirTree.h:20:5: error: unknown type name 'boolean'
    boolean isSwapped;          /* If TRUE need to byte swap everything. */
    ^
/Users/svetlana/include/jkweb/cirTree.h:21:5: error: unknown type name 'bits64'
    bits64 rootOffset;          /* Offset of root block. */
    ^
/Users/svetlana/include/jkweb/cirTree.h:22:5: error: unknown type name 'bits32'
    bits32 blockSize;           /* Size of block. */
    ^
/Users/svetlana/include/jkweb/cirTree.h:23:5: error: unknown type name 'bits64'
    bits64 itemCount;           /* Number of items indexed. */
    ^
/Users/svetlana/include/jkweb/cirTree.h:24:5: error: unknown type name 'bits32'
    bits32 startChromIx;        /* First chromosome in file. */
    ^
/Users/svetlana/include/jkweb/cirTree.h:25:5: error: unknown type name 'bits32'
    bits32 startBase;           /* Starting base position. */
    ^
/Users/svetlana/include/jkweb/cirTree.h:26:5: error: unknown type name 'bits32'
    bits32 endChromIx;          /* Ending chromosome in file. */
    ^
/Users/svetlana/include/jkweb/cirTree.h:27:5: error: unknown type name 'bits32'
    bits32 endBase;             /* Ending base position. */
    ^
/Users/svetlana/include/jkweb/cirTree.h:28:5: error: unknown type name 'bits64'
    bits64 fileSize;            /* Total size of index file. */
    ^
/Users/svetlana/include/jkweb/cirTree.h:29:5: error: unknown type name 'bits32'
    bits32 itemsPerSlot;        /* Max number of items to put in each index slot at lowest level. */
    ^
/Users/svetlana/include/jkweb/cirTree.h:46:2: error: unknown type name 'bits32'
        bits32 chromIx, bits32 start, bits32 end);
        ^
/Users/svetlana/include/jkweb/cirTree.h:46:18: error: unknown type name 'bits32'
        bits32 chromIx, bits32 start, bits32 end);
                        ^
fatal error: too many errors emitted, stopping now [-ferror-limit=]
20 errors generated.
configure:4652: $? = 1
configure: failed program was:
| /* confdefs.h */
| #define PACKAGE_NAME "bwtool"
| #define PACKAGE_TARNAME "bwtool"
| #define PACKAGE_VERSION "1.0"
| #define PACKAGE_STRING "bwtool 1.0"
| #define PACKAGE_BUGREPORT ""
| #define PACKAGE_URL ""
| #define PACKAGE "bwtool"
| #define VERSION "1.0"
| #define STDC_HEADERS 1
| #define HAVE_SYS_TYPES_H 1
| #define HAVE_SYS_STAT_H 1
| #define HAVE_STDLIB_H 1
| #define HAVE_STRING_H 1
| #define HAVE_MEMORY_H 1
| #define HAVE_STRINGS_H 1
| #define HAVE_INTTYPES_H 1
| #define HAVE_STDINT_H 1
| #define HAVE_UNISTD_H 1
| #define HAVE_JKWEB_COMMON_H 1
| /* end confdefs.h.  */
| #include <stdio.h>
| #ifdef HAVE_SYS_TYPES_H
| # include <sys/types.h>
| #endif
| #ifdef HAVE_SYS_STAT_H
| # include <sys/stat.h>
| #endif
| #ifdef STDC_HEADERS
| # include <stdlib.h>
| # include <stddef.h>
| #else
| # ifdef HAVE_STDLIB_H
| #  include <stdlib.h>
| # endif
| #endif
| #ifdef HAVE_STRING_H
| # if !defined STDC_HEADERS && defined HAVE_MEMORY_H
| #  include <memory.h>
| # endif
| # include <string.h>
| #endif
| #ifdef HAVE_STRINGS_H
| # include <strings.h>
| #endif
| #ifdef HAVE_INTTYPES_H
| # include <inttypes.h>
| #endif
| #ifdef HAVE_STDINT_H
| # include <stdint.h>
| #endif
| #ifdef HAVE_UNISTD_H
| # include <unistd.h>
| #endif
| #include <beato/bigs.h>
configure:4652: result: no
configure:4652: checking beato/bigs.h presence
configure:4652: gcc -E  conftest.c
conftest.c:22:10: fatal error: 'beato/bigs.h' file not found
#include <beato/bigs.h>
         ^
1 error generated.
configure:4652: $? = 1
configure: failed program was:
| /* confdefs.h */
| #define PACKAGE_NAME "bwtool"
| #define PACKAGE_TARNAME "bwtool"
| #define PACKAGE_VERSION "1.0"
| #define PACKAGE_STRING "bwtool 1.0"
| #define PACKAGE_BUGREPORT ""
| #define PACKAGE_URL ""
| #define PACKAGE "bwtool"
| #define VERSION "1.0"
| #define STDC_HEADERS 1
| #define HAVE_SYS_TYPES_H 1
| #define HAVE_SYS_STAT_H 1
| #define HAVE_STDLIB_H 1
| #define HAVE_STRING_H 1
| #define HAVE_MEMORY_H 1
| #define HAVE_STRINGS_H 1
| #define HAVE_INTTYPES_H 1
| #define HAVE_STDINT_H 1
| #define HAVE_UNISTD_H 1
| #define HAVE_JKWEB_COMMON_H 1
| /* end confdefs.h.  */
| #include <beato/bigs.h>
configure:4652: result: no
configure:4652: checking for beato/bigs.h
configure:4652: result: no
configure:4652: checking arpa/inet.h usability
configure:4652: gcc -c -g -O0 -I/Users/svetlana/include  conftest.c >&5
configure:4652: $? = 0
configure:4652: result: yes
configure:4652: checking arpa/inet.h presence
configure:4652: gcc -E  conftest.c
configure:4652: $? = 0
configure:4652: result: yes
configure:4652: checking for arpa/inet.h
configure:4652: result: yes
configure:4652: checking fcntl.h usability
configure:4652: gcc -c -g -O0 -I/Users/svetlana/include  conftest.c >&5
configure:4652: $? = 0
configure:4652: result: yes
configure:4652: checking fcntl.h presence
configure:4652: gcc -E  conftest.c
configure:4652: $? = 0
configure:4652: result: yes
configure:4652: checking for fcntl.h
configure:4652: result: yes
configure:4652: checking float.h usability
configure:4652: gcc -c -g -O0 -I/Users/svetlana/include  conftest.c >&5
configure:4652: $? = 0
configure:4652: result: yes
configure:4652: checking float.h presence
configure:4652: gcc -E  conftest.c
configure:4652: $? = 0
configure:4652: result: yes
configure:4652: checking for float.h
configure:4652: result: yes
configure:4652: checking limits.h usability
configure:4652: gcc -c -g -O0 -I/Users/svetlana/include  conftest.c >&5
configure:4652: $? = 0
configure:4652: result: yes
configure:4652: checking limits.h presence
configure:4652: gcc -E  conftest.c
configure:4652: $? = 0
configure:4652: result: yes
configure:4652: checking for limits.h
configure:4652: result: yes
configure:4652: checking math.h usability
configure:4652: gcc -c -g -O0 -I/Users/svetlana/include  conftest.c >&5
configure:4652: $? = 0
configure:4652: result: yes
configure:4652: checking math.h presence
configure:4652: gcc -E  conftest.c
configure:4652: $? = 0
configure:4652: result: yes
configure:4652: checking for math.h
configure:4652: result: yes
configure:4652: checking netdb.h usability
configure:4652: gcc -c -g -O0 -I/Users/svetlana/include  conftest.c >&5
configure:4652: $? = 0
configure:4652: result: yes
configure:4652: checking netdb.h presence
configure:4652: gcc -E  conftest.c
configure:4652: $? = 0
configure:4652: result: yes
configure:4652: checking for netdb.h
configure:4652: result: yes
configure:4652: checking netinet/in.h usability
configure:4652: gcc -c -g -O0 -I/Users/svetlana/include  conftest.c >&5
configure:4652: $? = 0
configure:4652: result: yes
configure:4652: checking netinet/in.h presence
configure:4652: gcc -E  conftest.c
configure:4652: $? = 0
configure:4652: result: yes
configure:4652: checking for netinet/in.h
configure:4652: result: yes
configure:4652: checking pthread.h usability
configure:4652: gcc -c -g -O0 -I/Users/svetlana/include  conftest.c >&5
configure:4652: $? = 0
configure:4652: result: yes
configure:4652: checking pthread.h presence
configure:4652: gcc -E  conftest.c
configure:4652: $? = 0
configure:4652: result: yes
configure:4652: checking for pthread.h
configure:4652: result: yes
configure:4652: checking for stdlib.h
configure:4652: result: yes
configure:4652: checking for string.h
configure:4652: result: yes
configure:4652: checking for strings.h
configure:4652: result: yes
configure:4652: checking sys/file.h usability
configure:4652: gcc -c -g -O0 -I/Users/svetlana/include  conftest.c >&5
configure:4652: $? = 0
configure:4652: result: yes
configure:4652: checking sys/file.h presence
configure:4652: gcc -E  conftest.c
configure:4652: $? = 0
configure:4652: result: yes
configure:4652: checking for sys/file.h
configure:4652: result: yes
configure:4652: checking sys/socket.h usability
configure:4652: gcc -c -g -O0 -I/Users/svetlana/include  conftest.c >&5
configure:4652: $? = 0
configure:4652: result: yes
configure:4652: checking sys/socket.h presence
configure:4652: gcc -E  conftest.c
configure:4652: $? = 0
configure:4652: result: yes
configure:4652: checking for sys/socket.h
configure:4652: result: yes
configure:4652: checking sys/statvfs.h usability
configure:4652: gcc -c -g -O0 -I/Users/svetlana/include  conftest.c >&5
configure:4652: $? = 0
configure:4652: result: yes
configure:4652: checking sys/statvfs.h presence
configure:4652: gcc -E  conftest.c
configure:4652: $? = 0
configure:4652: result: yes
configure:4652: checking for sys/statvfs.h
configure:4652: result: yes
configure:4652: checking sys/time.h usability
configure:4652: gcc -c -g -O0 -I/Users/svetlana/include  conftest.c >&5
configure:4652: $? = 0
configure:4652: result: yes
configure:4652: checking sys/time.h presence
configure:4652: gcc -E  conftest.c
configure:4652: $? = 0
configure:4652: result: yes
configure:4652: checking for sys/time.h
configure:4652: result: yes
configure:4652: checking syslog.h usability
configure:4652: gcc -c -g -O0 -I/Users/svetlana/include  conftest.c >&5
configure:4652: $? = 0
configure:4652: result: yes
configure:4652: checking syslog.h presence
configure:4652: gcc -E  conftest.c
configure:4652: $? = 0
configure:4652: result: yes
configure:4652: checking for syslog.h
configure:4652: result: yes
configure:4652: checking termios.h usability
configure:4652: gcc -c -g -O0 -I/Users/svetlana/include  conftest.c >&5
configure:4652: $? = 0
configure:4652: result: yes
configure:4652: checking termios.h presence
configure:4652: gcc -E  conftest.c
configure:4652: $? = 0
configure:4652: result: yes
configure:4652: checking for termios.h
configure:4652: result: yes
configure:4652: checking for unistd.h
configure:4652: result: yes
configure:4652: checking utime.h usability
configure:4652: gcc -c -g -O0 -I/Users/svetlana/include  conftest.c >&5
configure:4652: $? = 0
configure:4652: result: yes
configure:4652: checking utime.h presence
configure:4652: gcc -E  conftest.c
configure:4652: $? = 0
configure:4652: result: yes
configure:4652: checking for utime.h
configure:4652: result: yes
configure:4665: checking for library containing pthread_create
configure:4696: gcc -o conftest -g -O0 -I/Users/svetlana/include  -L/Users/svetlana/lib conftest.c  >&5
configure:4696: $? = 0
configure:4713: result: none required
configure:4732: checking for library containing pow
configure:4763: gcc -o conftest -g -O0 -I/Users/svetlana/include  -L/Users/svetlana/lib conftest.c  >&5
conftest.c:48:6: warning: incompatible redeclaration of library function 'pow' [-Wincompatible-library-redeclaration]
char pow ();
     ^
conftest.c:48:6: note: 'pow' is a builtin with type 'double (double, double)'
1 warning generated.
configure:4763: $? = 0
configure:4780: result: none required
configure:4799: checking for library containing zlibVersion
configure:4830: gcc -o conftest -g -O0 -I/Users/svetlana/include  -L/Users/svetlana/lib conftest.c  >&5
Undefined symbols for architecture x86_64:
  "_zlibVersion", referenced from:
      _main in conftest-420ff6.o
ld: symbol(s) not found for architecture x86_64
clang: error: linker command failed with exit code 1 (use -v to see invocation)
configure:4830: $? = 1
configure: failed program was:
| /* confdefs.h */
| #define PACKAGE_NAME "bwtool"
| #define PACKAGE_TARNAME "bwtool"
| #define PACKAGE_VERSION "1.0"
| #define PACKAGE_STRING "bwtool 1.0"
| #define PACKAGE_BUGREPORT ""
| #define PACKAGE_URL ""
| #define PACKAGE "bwtool"
| #define VERSION "1.0"
| #define STDC_HEADERS 1
| #define HAVE_SYS_TYPES_H 1
| #define HAVE_SYS_STAT_H 1
| #define HAVE_STDLIB_H 1
| #define HAVE_STRING_H 1
| #define HAVE_MEMORY_H 1
| #define HAVE_STRINGS_H 1
| #define HAVE_INTTYPES_H 1
| #define HAVE_STDINT_H 1
| #define HAVE_UNISTD_H 1
| #define HAVE_JKWEB_COMMON_H 1
| #define HAVE_ARPA_INET_H 1
| #define HAVE_FCNTL_H 1
| #define HAVE_FLOAT_H 1
| #define HAVE_LIMITS_H 1
| #define HAVE_MATH_H 1
| #define HAVE_NETDB_H 1
| #define HAVE_NETINET_IN_H 1
| #define HAVE_PTHREAD_H 1
| #define HAVE_STDLIB_H 1
| #define HAVE_STRING_H 1
| #define HAVE_STRINGS_H 1
| #define HAVE_SYS_FILE_H 1
| #define HAVE_SYS_SOCKET_H 1
| #define HAVE_SYS_STATVFS_H 1
| #define HAVE_SYS_TIME_H 1
| #define HAVE_SYSLOG_H 1
| #define HAVE_TERMIOS_H 1
| #define HAVE_UNISTD_H 1
| #define HAVE_UTIME_H 1
| /* end confdefs.h.  */
| 
| /* Override any GCC internal prototype to avoid an error.
|    Use char because int might match the return type of a GCC
|    builtin and then its argument prototype would still apply.  */
| #ifdef __cplusplus
| extern "C"
| #endif
| char zlibVersion ();
| int
| main ()
| {
| return zlibVersion ();
|   ;
|   return 0;
| }
configure:4830: gcc -o conftest -g -O0 -I/Users/svetlana/include  -L/Users/svetlana/lib conftest.c -lz   >&5
configure:4830: $? = 0
configure:4847: result: -lz
configure:4867: checking for library containing slSort
configure:4898: gcc -o conftest -g -O0 -I/Users/svetlana/include  -L/Users/svetlana/lib conftest.c -lz  >&5
Undefined symbols for architecture x86_64:
  "_slSort", referenced from:
      _main in conftest-4bc630.o
ld: symbol(s) not found for architecture x86_64
clang: error: linker command failed with exit code 1 (use -v to see invocation)
configure:4898: $? = 1
configure: failed program was:
| /* confdefs.h */
| #define PACKAGE_NAME "bwtool"
| #define PACKAGE_TARNAME "bwtool"
| #define PACKAGE_VERSION "1.0"
| #define PACKAGE_STRING "bwtool 1.0"
| #define PACKAGE_BUGREPORT ""
| #define PACKAGE_URL ""
| #define PACKAGE "bwtool"
| #define VERSION "1.0"
| #define STDC_HEADERS 1
| #define HAVE_SYS_TYPES_H 1
| #define HAVE_SYS_STAT_H 1
| #define HAVE_STDLIB_H 1
| #define HAVE_STRING_H 1
| #define HAVE_MEMORY_H 1
| #define HAVE_STRINGS_H 1
| #define HAVE_INTTYPES_H 1
| #define HAVE_STDINT_H 1
| #define HAVE_UNISTD_H 1
| #define HAVE_JKWEB_COMMON_H 1
| #define HAVE_ARPA_INET_H 1
| #define HAVE_FCNTL_H 1
| #define HAVE_FLOAT_H 1
| #define HAVE_LIMITS_H 1
| #define HAVE_MATH_H 1
| #define HAVE_NETDB_H 1
| #define HAVE_NETINET_IN_H 1
| #define HAVE_PTHREAD_H 1
| #define HAVE_STDLIB_H 1
| #define HAVE_STRING_H 1
| #define HAVE_STRINGS_H 1
| #define HAVE_SYS_FILE_H 1
| #define HAVE_SYS_SOCKET_H 1
| #define HAVE_SYS_STATVFS_H 1
| #define HAVE_SYS_TIME_H 1
| #define HAVE_SYSLOG_H 1
| #define HAVE_TERMIOS_H 1
| #define HAVE_UNISTD_H 1
| #define HAVE_UTIME_H 1
| /* end confdefs.h.  */
| 
| /* Override any GCC internal prototype to avoid an error.
|    Use char because int might match the return type of a GCC
|    builtin and then its argument prototype would still apply.  */
| #ifdef __cplusplus
| extern "C"
| #endif
| char slSort ();
| int
| main ()
| {
| return slSort ();
|   ;
|   return 0;
| }
configure:4898: gcc -o conftest -g -O0 -I/Users/svetlana/include  -L/Users/svetlana/lib conftest.c -ljkweb  -lz  >&5
configure:4898: $? = 0
configure:4915: result: -ljkweb
configure:4938: checking checking for beato library containing perBaseWigFree
configure:4956: gcc -o conftest -g -O0 -I/Users/svetlana/include  -L/Users/svetlana/lib conftest.c -lbeato -ljkweb -lz  >&5
configure:4956: $? = 0
configure:4957: result: -lbeato
configure:5013: checking for special C compiler options needed for large files
configure:5058: result: no
configure:5064: checking for _FILE_OFFSET_BITS value needed for large files
configure:5089: gcc -c -g -O0 -I/Users/svetlana/include  conftest.c >&5
configure:5089: $? = 0
configure:5121: result: no
configure:5208: checking for stdbool.h that conforms to C99
configure:5275: gcc -c -g -O0 -I/Users/svetlana/include  conftest.c >&5
conftest.c:90:24: warning: address of 's' will always evaluate to 'true' [-Wpointer-bool-conversion]
             bool e = &s;
                  ~    ^
conftest.c:94:23: warning: address of array 'a' will always evaluate to 'true' [-Wpointer-bool-conversion]
             return (!a + !b + !c + !d + !e + !f + !g + !h + !i + !!j + !k + !!l
                     ~^
conftest.c:94:28: warning: address of array 'b' will always evaluate to 'true' [-Wpointer-bool-conversion]
             return (!a + !b + !c + !d + !e + !f + !g + !h + !i + !!j + !k + !!l
                          ~^
conftest.c:94:33: warning: address of array 'c' will always evaluate to 'true' [-Wpointer-bool-conversion]
             return (!a + !b + !c + !d + !e + !f + !g + !h + !i + !!j + !k + !!l
                               ~^
conftest.c:94:38: warning: address of array 'd' will always evaluate to 'true' [-Wpointer-bool-conversion]
             return (!a + !b + !c + !d + !e + !f + !g + !h + !i + !!j + !k + !!l
                                    ~^
conftest.c:94:48: warning: address of array 'f' will always evaluate to 'true' [-Wpointer-bool-conversion]
             return (!a + !b + !c + !d + !e + !f + !g + !h + !i + !!j + !k + !!l
                                              ~^
conftest.c:94:53: warning: address of array 'g' will always evaluate to 'true' [-Wpointer-bool-conversion]
             return (!a + !b + !c + !d + !e + !f + !g + !h + !i + !!j + !k + !!l
                                                   ~^
conftest.c:94:58: warning: address of array 'h' will always evaluate to 'true' [-Wpointer-bool-conversion]
             return (!a + !b + !c + !d + !e + !f + !g + !h + !i + !!j + !k + !!l
                                                        ~^
conftest.c:94:63: warning: address of array 'i' will always evaluate to 'true' [-Wpointer-bool-conversion]
             return (!a + !b + !c + !d + !e + !f + !g + !h + !i + !!j + !k + !!l
                                                             ~^
conftest.c:95:30: warning: address of array 'n' will always evaluate to 'true' [-Wpointer-bool-conversion]
                            ~^
conftest.c:95:35: warning: address of array 'o' will always evaluate to 'true' [-Wpointer-bool-conversion]
                                 ~^
conftest.c:95:40: warning: address of array 'p' will always evaluate to 'true' [-Wpointer-bool-conversion]
                                      ~^
12 warnings generated.
configure:5275: $? = 0
configure:5282: result: yes
configure:5284: checking for _Bool
configure:5284: gcc -c -g -O0 -I/Users/svetlana/include  conftest.c >&5
configure:5284: $? = 0
configure:5284: gcc -c -g -O0 -I/Users/svetlana/include  conftest.c >&5
conftest.c:77:20: error: expected expression
if (sizeof ((_Bool)))
                   ^
1 error generated.
configure:5284: $? = 1
configure: failed program was:
| /* confdefs.h */
| #define PACKAGE_NAME "bwtool"
| #define PACKAGE_TARNAME "bwtool"
| #define PACKAGE_VERSION "1.0"
| #define PACKAGE_STRING "bwtool 1.0"
| #define PACKAGE_BUGREPORT ""
| #define PACKAGE_URL ""
| #define PACKAGE "bwtool"
| #define VERSION "1.0"
| #define STDC_HEADERS 1
| #define HAVE_SYS_TYPES_H 1
| #define HAVE_SYS_STAT_H 1
| #define HAVE_STDLIB_H 1
| #define HAVE_STRING_H 1
| #define HAVE_MEMORY_H 1
| #define HAVE_STRINGS_H 1
| #define HAVE_INTTYPES_H 1
| #define HAVE_STDINT_H 1
| #define HAVE_UNISTD_H 1
| #define HAVE_JKWEB_COMMON_H 1
| #define HAVE_ARPA_INET_H 1
| #define HAVE_FCNTL_H 1
| #define HAVE_FLOAT_H 1
| #define HAVE_LIMITS_H 1
| #define HAVE_MATH_H 1
| #define HAVE_NETDB_H 1
| #define HAVE_NETINET_IN_H 1
| #define HAVE_PTHREAD_H 1
| #define HAVE_STDLIB_H 1
| #define HAVE_STRING_H 1
| #define HAVE_STRINGS_H 1
| #define HAVE_SYS_FILE_H 1
| #define HAVE_SYS_SOCKET_H 1
| #define HAVE_SYS_STATVFS_H 1
| #define HAVE_SYS_TIME_H 1
| #define HAVE_SYSLOG_H 1
| #define HAVE_TERMIOS_H 1
| #define HAVE_UNISTD_H 1
| #define HAVE_UTIME_H 1
| /* end confdefs.h.  */
| #include <stdio.h>
| #ifdef HAVE_SYS_TYPES_H
| # include <sys/types.h>
| #endif
| #ifdef HAVE_SYS_STAT_H
| # include <sys/stat.h>
| #endif
| #ifdef STDC_HEADERS
| # include <stdlib.h>
| # include <stddef.h>
| #else
| # ifdef HAVE_STDLIB_H
| #  include <stdlib.h>
| # endif
| #endif
| #ifdef HAVE_STRING_H
| # if !defined STDC_HEADERS && defined HAVE_MEMORY_H
| #  include <memory.h>
| # endif
| # include <string.h>
| #endif
| #ifdef HAVE_STRINGS_H
| # include <strings.h>
| #endif
| #ifdef HAVE_INTTYPES_H
| # include <inttypes.h>
| #endif
| #ifdef HAVE_STDINT_H
| # include <stdint.h>
| #endif
| #ifdef HAVE_UNISTD_H
| # include <unistd.h>
| #endif
| int
| main ()
| {
| if (sizeof ((_Bool)))
| 	    return 0;
|   ;
|   return 0;
| }
configure:5284: result: yes
configure:5301: checking for inline
configure:5317: gcc -c -g -O0 -I/Users/svetlana/include  conftest.c >&5
configure:5317: $? = 0
configure:5325: result: inline
configure:5343: checking for int16_t
configure:5343: gcc -c -g -O0 -I/Users/svetlana/include  conftest.c >&5
configure:5343: $? = 0
configure:5343: gcc -c -g -O0 -I/Users/svetlana/include  conftest.c >&5
conftest.c:80:24: error: 'test_array' declared as an array with a negative size
static int test_array [1 - 2 * !((int16_t) (((((int16_t) 1 << N) << N) - 1) * 2 + 1)
                       ^~~~~~~~~~~~~~~~~~~~~~~~~~~~~~~~~~~~~~~~~~~~~~~~~~~~~~~~~~~~~
1 error generated.
configure:5343: $? = 1
configure: failed program was:
| /* confdefs.h */
| #define PACKAGE_NAME "bwtool"
| #define PACKAGE_TARNAME "bwtool"
| #define PACKAGE_VERSION "1.0"
| #define PACKAGE_STRING "bwtool 1.0"
| #define PACKAGE_BUGREPORT ""
| #define PACKAGE_URL ""
| #define PACKAGE "bwtool"
| #define VERSION "1.0"
| #define STDC_HEADERS 1
| #define HAVE_SYS_TYPES_H 1
| #define HAVE_SYS_STAT_H 1
| #define HAVE_STDLIB_H 1
| #define HAVE_STRING_H 1
| #define HAVE_MEMORY_H 1
| #define HAVE_STRINGS_H 1
| #define HAVE_INTTYPES_H 1
| #define HAVE_STDINT_H 1
| #define HAVE_UNISTD_H 1
| #define HAVE_JKWEB_COMMON_H 1
| #define HAVE_ARPA_INET_H 1
| #define HAVE_FCNTL_H 1
| #define HAVE_FLOAT_H 1
| #define HAVE_LIMITS_H 1
| #define HAVE_MATH_H 1
| #define HAVE_NETDB_H 1
| #define HAVE_NETINET_IN_H 1
| #define HAVE_PTHREAD_H 1
| #define HAVE_STDLIB_H 1
| #define HAVE_STRING_H 1
| #define HAVE_STRINGS_H 1
| #define HAVE_SYS_FILE_H 1
| #define HAVE_SYS_SOCKET_H 1
| #define HAVE_SYS_STATVFS_H 1
| #define HAVE_SYS_TIME_H 1
| #define HAVE_SYSLOG_H 1
| #define HAVE_TERMIOS_H 1
| #define HAVE_UNISTD_H 1
| #define HAVE_UTIME_H 1
| #define HAVE__BOOL 1
| #define HAVE_STDBOOL_H 1
| /* end confdefs.h.  */
| #include <stdio.h>
| #ifdef HAVE_SYS_TYPES_H
| # include <sys/types.h>
| #endif
| #ifdef HAVE_SYS_STAT_H
| # include <sys/stat.h>
| #endif
| #ifdef STDC_HEADERS
| # include <stdlib.h>
| # include <stddef.h>
| #else
| # ifdef HAVE_STDLIB_H
| #  include <stdlib.h>
| # endif
| #endif
| #ifdef HAVE_STRING_H
| # if !defined STDC_HEADERS && defined HAVE_MEMORY_H
| #  include <memory.h>
| # endif
| # include <string.h>
| #endif
| #ifdef HAVE_STRINGS_H
| # include <strings.h>
| #endif
| #ifdef HAVE_INTTYPES_H
| # include <inttypes.h>
| #endif
| #ifdef HAVE_STDINT_H
| # include <stdint.h>
| #endif
| #ifdef HAVE_UNISTD_H
| # include <unistd.h>
| #endif
| 	        enum { N = 16 / 2 - 1 };
| int
| main ()
| {
| static int test_array [1 - 2 * !((int16_t) (((((int16_t) 1 << N) << N) - 1) * 2 + 1)
| 		 < (int16_t) (((((int16_t) 1 << N) << N) - 1) * 2 + 2))];
| test_array [0] = 0;
| return test_array [0];
| 
|   ;
|   return 0;
| }
configure:5343: result: yes
configure:5354: checking for int32_t
configure:5354: gcc -c -g -O0 -I/Users/svetlana/include  conftest.c >&5
configure:5354: $? = 0
configure:5354: gcc -c -g -O0 -I/Users/svetlana/include  conftest.c >&5
conftest.c:80:24: error: 'test_array' declared as an array with a negative size
static int test_array [1 - 2 * !((int32_t) (((((int32_t) 1 << N) << N) - 1) * 2 + 1)
                       ^~~~~~~~~~~~~~~~~~~~~~~~~~~~~~~~~~~~~~~~~~~~~~~~~~~~~~~~~~~~~
1 error generated.
configure:5354: $? = 1
configure: failed program was:
| /* confdefs.h */
| #define PACKAGE_NAME "bwtool"
| #define PACKAGE_TARNAME "bwtool"
| #define PACKAGE_VERSION "1.0"
| #define PACKAGE_STRING "bwtool 1.0"
| #define PACKAGE_BUGREPORT ""
| #define PACKAGE_URL ""
| #define PACKAGE "bwtool"
| #define VERSION "1.0"
| #define STDC_HEADERS 1
| #define HAVE_SYS_TYPES_H 1
| #define HAVE_SYS_STAT_H 1
| #define HAVE_STDLIB_H 1
| #define HAVE_STRING_H 1
| #define HAVE_MEMORY_H 1
| #define HAVE_STRINGS_H 1
| #define HAVE_INTTYPES_H 1
| #define HAVE_STDINT_H 1
| #define HAVE_UNISTD_H 1
| #define HAVE_JKWEB_COMMON_H 1
| #define HAVE_ARPA_INET_H 1
| #define HAVE_FCNTL_H 1
| #define HAVE_FLOAT_H 1
| #define HAVE_LIMITS_H 1
| #define HAVE_MATH_H 1
| #define HAVE_NETDB_H 1
| #define HAVE_NETINET_IN_H 1
| #define HAVE_PTHREAD_H 1
| #define HAVE_STDLIB_H 1
| #define HAVE_STRING_H 1
| #define HAVE_STRINGS_H 1
| #define HAVE_SYS_FILE_H 1
| #define HAVE_SYS_SOCKET_H 1
| #define HAVE_SYS_STATVFS_H 1
| #define HAVE_SYS_TIME_H 1
| #define HAVE_SYSLOG_H 1
| #define HAVE_TERMIOS_H 1
| #define HAVE_UNISTD_H 1
| #define HAVE_UTIME_H 1
| #define HAVE__BOOL 1
| #define HAVE_STDBOOL_H 1
| /* end confdefs.h.  */
| #include <stdio.h>
| #ifdef HAVE_SYS_TYPES_H
| # include <sys/types.h>
| #endif
| #ifdef HAVE_SYS_STAT_H
| # include <sys/stat.h>
| #endif
| #ifdef STDC_HEADERS
| # include <stdlib.h>
| # include <stddef.h>
| #else
| # ifdef HAVE_STDLIB_H
| #  include <stdlib.h>
| # endif
| #endif
| #ifdef HAVE_STRING_H
| # if !defined STDC_HEADERS && defined HAVE_MEMORY_H
| #  include <memory.h>
| # endif
| # include <string.h>
| #endif
| #ifdef HAVE_STRINGS_H
| # include <strings.h>
| #endif
| #ifdef HAVE_INTTYPES_H
| # include <inttypes.h>
| #endif
| #ifdef HAVE_STDINT_H
| # include <stdint.h>
| #endif
| #ifdef HAVE_UNISTD_H
| # include <unistd.h>
| #endif
| 	        enum { N = 32 / 2 - 1 };
| int
| main ()
| {
| static int test_array [1 - 2 * !((int32_t) (((((int32_t) 1 << N) << N) - 1) * 2 + 1)
| 		 < (int32_t) (((((int32_t) 1 << N) << N) - 1) * 2 + 2))];
| test_array [0] = 0;
| return test_array [0];
| 
|   ;
|   return 0;
| }
configure:5354: result: yes
configure:5365: checking for int64_t
configure:5365: gcc -c -g -O0 -I/Users/svetlana/include  conftest.c >&5
configure:5365: $? = 0
configure:5365: gcc -c -g -O0 -I/Users/svetlana/include  conftest.c >&5
conftest.c:80:24: error: 'test_array' declared as an array with a negative size
static int test_array [1 - 2 * !((int64_t) (((((int64_t) 1 << N) << N) - 1) * 2 + 1)
                       ^~~~~~~~~~~~~~~~~~~~~~~~~~~~~~~~~~~~~~~~~~~~~~~~~~~~~~~~~~~~~
1 error generated.
configure:5365: $? = 1
configure: failed program was:
| /* confdefs.h */
| #define PACKAGE_NAME "bwtool"
| #define PACKAGE_TARNAME "bwtool"
| #define PACKAGE_VERSION "1.0"
| #define PACKAGE_STRING "bwtool 1.0"
| #define PACKAGE_BUGREPORT ""
| #define PACKAGE_URL ""
| #define PACKAGE "bwtool"
| #define VERSION "1.0"
| #define STDC_HEADERS 1
| #define HAVE_SYS_TYPES_H 1
| #define HAVE_SYS_STAT_H 1
| #define HAVE_STDLIB_H 1
| #define HAVE_STRING_H 1
| #define HAVE_MEMORY_H 1
| #define HAVE_STRINGS_H 1
| #define HAVE_INTTYPES_H 1
| #define HAVE_STDINT_H 1
| #define HAVE_UNISTD_H 1
| #define HAVE_JKWEB_COMMON_H 1
| #define HAVE_ARPA_INET_H 1
| #define HAVE_FCNTL_H 1
| #define HAVE_FLOAT_H 1
| #define HAVE_LIMITS_H 1
| #define HAVE_MATH_H 1
| #define HAVE_NETDB_H 1
| #define HAVE_NETINET_IN_H 1
| #define HAVE_PTHREAD_H 1
| #define HAVE_STDLIB_H 1
| #define HAVE_STRING_H 1
| #define HAVE_STRINGS_H 1
| #define HAVE_SYS_FILE_H 1
| #define HAVE_SYS_SOCKET_H 1
| #define HAVE_SYS_STATVFS_H 1
| #define HAVE_SYS_TIME_H 1
| #define HAVE_SYSLOG_H 1
| #define HAVE_TERMIOS_H 1
| #define HAVE_UNISTD_H 1
| #define HAVE_UTIME_H 1
| #define HAVE__BOOL 1
| #define HAVE_STDBOOL_H 1
| /* end confdefs.h.  */
| #include <stdio.h>
| #ifdef HAVE_SYS_TYPES_H
| # include <sys/types.h>
| #endif
| #ifdef HAVE_SYS_STAT_H
| # include <sys/stat.h>
| #endif
| #ifdef STDC_HEADERS
| # include <stdlib.h>
| # include <stddef.h>
| #else
| # ifdef HAVE_STDLIB_H
| #  include <stdlib.h>
| # endif
| #endif
| #ifdef HAVE_STRING_H
| # if !defined STDC_HEADERS && defined HAVE_MEMORY_H
| #  include <memory.h>
| # endif
| # include <string.h>
| #endif
| #ifdef HAVE_STRINGS_H
| # include <strings.h>
| #endif
| #ifdef HAVE_INTTYPES_H
| # include <inttypes.h>
| #endif
| #ifdef HAVE_STDINT_H
| # include <stdint.h>
| #endif
| #ifdef HAVE_UNISTD_H
| # include <unistd.h>
| #endif
| 	        enum { N = 64 / 2 - 1 };
| int
| main ()
| {
| static int test_array [1 - 2 * !((int64_t) (((((int64_t) 1 << N) << N) - 1) * 2 + 1)
| 		 < (int64_t) (((((int64_t) 1 << N) << N) - 1) * 2 + 2))];
| test_array [0] = 0;
| return test_array [0];
| 
|   ;
|   return 0;
| }
configure:5365: result: yes
configure:5376: checking for int8_t
configure:5376: gcc -c -g -O0 -I/Users/svetlana/include  conftest.c >&5
configure:5376: $? = 0
configure:5376: gcc -c -g -O0 -I/Users/svetlana/include  conftest.c >&5
conftest.c:80:24: error: 'test_array' declared as an array with a negative size
static int test_array [1 - 2 * !((int8_t) (((((int8_t) 1 << N) << N) - 1) * 2 + 1)
                       ^~~~~~~~~~~~~~~~~~~~~~~~~~~~~~~~~~~~~~~~~~~~~~~~~~~~~~~~~~~
1 error generated.
configure:5376: $? = 1
configure: failed program was:
| /* confdefs.h */
| #define PACKAGE_NAME "bwtool"
| #define PACKAGE_TARNAME "bwtool"
| #define PACKAGE_VERSION "1.0"
| #define PACKAGE_STRING "bwtool 1.0"
| #define PACKAGE_BUGREPORT ""
| #define PACKAGE_URL ""
| #define PACKAGE "bwtool"
| #define VERSION "1.0"
| #define STDC_HEADERS 1
| #define HAVE_SYS_TYPES_H 1
| #define HAVE_SYS_STAT_H 1
| #define HAVE_STDLIB_H 1
| #define HAVE_STRING_H 1
| #define HAVE_MEMORY_H 1
| #define HAVE_STRINGS_H 1
| #define HAVE_INTTYPES_H 1
| #define HAVE_STDINT_H 1
| #define HAVE_UNISTD_H 1
| #define HAVE_JKWEB_COMMON_H 1
| #define HAVE_ARPA_INET_H 1
| #define HAVE_FCNTL_H 1
| #define HAVE_FLOAT_H 1
| #define HAVE_LIMITS_H 1
| #define HAVE_MATH_H 1
| #define HAVE_NETDB_H 1
| #define HAVE_NETINET_IN_H 1
| #define HAVE_PTHREAD_H 1
| #define HAVE_STDLIB_H 1
| #define HAVE_STRING_H 1
| #define HAVE_STRINGS_H 1
| #define HAVE_SYS_FILE_H 1
| #define HAVE_SYS_SOCKET_H 1
| #define HAVE_SYS_STATVFS_H 1
| #define HAVE_SYS_TIME_H 1
| #define HAVE_SYSLOG_H 1
| #define HAVE_TERMIOS_H 1
| #define HAVE_UNISTD_H 1
| #define HAVE_UTIME_H 1
| #define HAVE__BOOL 1
| #define HAVE_STDBOOL_H 1
| /* end confdefs.h.  */
| #include <stdio.h>
| #ifdef HAVE_SYS_TYPES_H
| # include <sys/types.h>
| #endif
| #ifdef HAVE_SYS_STAT_H
| # include <sys/stat.h>
| #endif
| #ifdef STDC_HEADERS
| # include <stdlib.h>
| # include <stddef.h>
| #else
| # ifdef HAVE_STDLIB_H
| #  include <stdlib.h>
| # endif
| #endif
| #ifdef HAVE_STRING_H
| # if !defined STDC_HEADERS && defined HAVE_MEMORY_H
| #  include <memory.h>
| # endif
| # include <string.h>
| #endif
| #ifdef HAVE_STRINGS_H
| # include <strings.h>
| #endif
| #ifdef HAVE_INTTYPES_H
| # include <inttypes.h>
| #endif
| #ifdef HAVE_STDINT_H
| # include <stdint.h>
| #endif
| #ifdef HAVE_UNISTD_H
| # include <unistd.h>
| #endif
| 	        enum { N = 8 / 2 - 1 };
| int
| main ()
| {
| static int test_array [1 - 2 * !((int8_t) (((((int8_t) 1 << N) << N) - 1) * 2 + 1)
| 		 < (int8_t) (((((int8_t) 1 << N) << N) - 1) * 2 + 2))];
| test_array [0] = 0;
| return test_array [0];
| 
|   ;
|   return 0;
| }
configure:5376: result: yes
configure:5387: checking for off_t
configure:5387: gcc -c -g -O0 -I/Users/svetlana/include  conftest.c >&5
configure:5387: $? = 0
configure:5387: gcc -c -g -O0 -I/Users/svetlana/include  conftest.c >&5
conftest.c:79:20: error: expected expression
if (sizeof ((off_t)))
                   ^
1 error generated.
configure:5387: $? = 1
configure: failed program was:
| /* confdefs.h */
| #define PACKAGE_NAME "bwtool"
| #define PACKAGE_TARNAME "bwtool"
| #define PACKAGE_VERSION "1.0"
| #define PACKAGE_STRING "bwtool 1.0"
| #define PACKAGE_BUGREPORT ""
| #define PACKAGE_URL ""
| #define PACKAGE "bwtool"
| #define VERSION "1.0"
| #define STDC_HEADERS 1
| #define HAVE_SYS_TYPES_H 1
| #define HAVE_SYS_STAT_H 1
| #define HAVE_STDLIB_H 1
| #define HAVE_STRING_H 1
| #define HAVE_MEMORY_H 1
| #define HAVE_STRINGS_H 1
| #define HAVE_INTTYPES_H 1
| #define HAVE_STDINT_H 1
| #define HAVE_UNISTD_H 1
| #define HAVE_JKWEB_COMMON_H 1
| #define HAVE_ARPA_INET_H 1
| #define HAVE_FCNTL_H 1
| #define HAVE_FLOAT_H 1
| #define HAVE_LIMITS_H 1
| #define HAVE_MATH_H 1
| #define HAVE_NETDB_H 1
| #define HAVE_NETINET_IN_H 1
| #define HAVE_PTHREAD_H 1
| #define HAVE_STDLIB_H 1
| #define HAVE_STRING_H 1
| #define HAVE_STRINGS_H 1
| #define HAVE_SYS_FILE_H 1
| #define HAVE_SYS_SOCKET_H 1
| #define HAVE_SYS_STATVFS_H 1
| #define HAVE_SYS_TIME_H 1
| #define HAVE_SYSLOG_H 1
| #define HAVE_TERMIOS_H 1
| #define HAVE_UNISTD_H 1
| #define HAVE_UTIME_H 1
| #define HAVE__BOOL 1
| #define HAVE_STDBOOL_H 1
| /* end confdefs.h.  */
| #include <stdio.h>
| #ifdef HAVE_SYS_TYPES_H
| # include <sys/types.h>
| #endif
| #ifdef HAVE_SYS_STAT_H
| # include <sys/stat.h>
| #endif
| #ifdef STDC_HEADERS
| # include <stdlib.h>
| # include <stddef.h>
| #else
| # ifdef HAVE_STDLIB_H
| #  include <stdlib.h>
| # endif
| #endif
| #ifdef HAVE_STRING_H
| # if !defined STDC_HEADERS && defined HAVE_MEMORY_H
| #  include <memory.h>
| # endif
| # include <string.h>
| #endif
| #ifdef HAVE_STRINGS_H
| # include <strings.h>
| #endif
| #ifdef HAVE_INTTYPES_H
| # include <inttypes.h>
| #endif
| #ifdef HAVE_STDINT_H
| # include <stdint.h>
| #endif
| #ifdef HAVE_UNISTD_H
| # include <unistd.h>
| #endif
| int
| main ()
| {
| if (sizeof ((off_t)))
| 	    return 0;
|   ;
|   return 0;
| }
configure:5387: result: yes
configure:5398: checking for pid_t
configure:5398: gcc -c -g -O0 -I/Users/svetlana/include  conftest.c >&5
configure:5398: $? = 0
configure:5398: gcc -c -g -O0 -I/Users/svetlana/include  conftest.c >&5
conftest.c:79:20: error: expected expression
if (sizeof ((pid_t)))
                   ^
1 error generated.
configure:5398: $? = 1
configure: failed program was:
| /* confdefs.h */
| #define PACKAGE_NAME "bwtool"
| #define PACKAGE_TARNAME "bwtool"
| #define PACKAGE_VERSION "1.0"
| #define PACKAGE_STRING "bwtool 1.0"
| #define PACKAGE_BUGREPORT ""
| #define PACKAGE_URL ""
| #define PACKAGE "bwtool"
| #define VERSION "1.0"
| #define STDC_HEADERS 1
| #define HAVE_SYS_TYPES_H 1
| #define HAVE_SYS_STAT_H 1
| #define HAVE_STDLIB_H 1
| #define HAVE_STRING_H 1
| #define HAVE_MEMORY_H 1
| #define HAVE_STRINGS_H 1
| #define HAVE_INTTYPES_H 1
| #define HAVE_STDINT_H 1
| #define HAVE_UNISTD_H 1
| #define HAVE_JKWEB_COMMON_H 1
| #define HAVE_ARPA_INET_H 1
| #define HAVE_FCNTL_H 1
| #define HAVE_FLOAT_H 1
| #define HAVE_LIMITS_H 1
| #define HAVE_MATH_H 1
| #define HAVE_NETDB_H 1
| #define HAVE_NETINET_IN_H 1
| #define HAVE_PTHREAD_H 1
| #define HAVE_STDLIB_H 1
| #define HAVE_STRING_H 1
| #define HAVE_STRINGS_H 1
| #define HAVE_SYS_FILE_H 1
| #define HAVE_SYS_SOCKET_H 1
| #define HAVE_SYS_STATVFS_H 1
| #define HAVE_SYS_TIME_H 1
| #define HAVE_SYSLOG_H 1
| #define HAVE_TERMIOS_H 1
| #define HAVE_UNISTD_H 1
| #define HAVE_UTIME_H 1
| #define HAVE__BOOL 1
| #define HAVE_STDBOOL_H 1
| /* end confdefs.h.  */
| #include <stdio.h>
| #ifdef HAVE_SYS_TYPES_H
| # include <sys/types.h>
| #endif
| #ifdef HAVE_SYS_STAT_H
| # include <sys/stat.h>
| #endif
| #ifdef STDC_HEADERS
| # include <stdlib.h>
| # include <stddef.h>
| #else
| # ifdef HAVE_STDLIB_H
| #  include <stdlib.h>
| # endif
| #endif
| #ifdef HAVE_STRING_H
| # if !defined STDC_HEADERS && defined HAVE_MEMORY_H
| #  include <memory.h>
| # endif
| # include <string.h>
| #endif
| #ifdef HAVE_STRINGS_H
| # include <strings.h>
| #endif
| #ifdef HAVE_INTTYPES_H
| # include <inttypes.h>
| #endif
| #ifdef HAVE_STDINT_H
| # include <stdint.h>
| #endif
| #ifdef HAVE_UNISTD_H
| # include <unistd.h>
| #endif
| int
| main ()
| {
| if (sizeof ((pid_t)))
| 	    return 0;
|   ;
|   return 0;
| }
configure:5398: result: yes
configure:5409: checking for size_t
configure:5409: gcc -c -g -O0 -I/Users/svetlana/include  conftest.c >&5
configure:5409: $? = 0
configure:5409: gcc -c -g -O0 -I/Users/svetlana/include  conftest.c >&5
conftest.c:79:21: error: expected expression
if (sizeof ((size_t)))
                    ^
1 error generated.
configure:5409: $? = 1
configure: failed program was:
| /* confdefs.h */
| #define PACKAGE_NAME "bwtool"
| #define PACKAGE_TARNAME "bwtool"
| #define PACKAGE_VERSION "1.0"
| #define PACKAGE_STRING "bwtool 1.0"
| #define PACKAGE_BUGREPORT ""
| #define PACKAGE_URL ""
| #define PACKAGE "bwtool"
| #define VERSION "1.0"
| #define STDC_HEADERS 1
| #define HAVE_SYS_TYPES_H 1
| #define HAVE_SYS_STAT_H 1
| #define HAVE_STDLIB_H 1
| #define HAVE_STRING_H 1
| #define HAVE_MEMORY_H 1
| #define HAVE_STRINGS_H 1
| #define HAVE_INTTYPES_H 1
| #define HAVE_STDINT_H 1
| #define HAVE_UNISTD_H 1
| #define HAVE_JKWEB_COMMON_H 1
| #define HAVE_ARPA_INET_H 1
| #define HAVE_FCNTL_H 1
| #define HAVE_FLOAT_H 1
| #define HAVE_LIMITS_H 1
| #define HAVE_MATH_H 1
| #define HAVE_NETDB_H 1
| #define HAVE_NETINET_IN_H 1
| #define HAVE_PTHREAD_H 1
| #define HAVE_STDLIB_H 1
| #define HAVE_STRING_H 1
| #define HAVE_STRINGS_H 1
| #define HAVE_SYS_FILE_H 1
| #define HAVE_SYS_SOCKET_H 1
| #define HAVE_SYS_STATVFS_H 1
| #define HAVE_SYS_TIME_H 1
| #define HAVE_SYSLOG_H 1
| #define HAVE_TERMIOS_H 1
| #define HAVE_UNISTD_H 1
| #define HAVE_UTIME_H 1
| #define HAVE__BOOL 1
| #define HAVE_STDBOOL_H 1
| /* end confdefs.h.  */
| #include <stdio.h>
| #ifdef HAVE_SYS_TYPES_H
| # include <sys/types.h>
| #endif
| #ifdef HAVE_SYS_STAT_H
| # include <sys/stat.h>
| #endif
| #ifdef STDC_HEADERS
| # include <stdlib.h>
| # include <stddef.h>
| #else
| # ifdef HAVE_STDLIB_H
| #  include <stdlib.h>
| # endif
| #endif
| #ifdef HAVE_STRING_H
| # if !defined STDC_HEADERS && defined HAVE_MEMORY_H
| #  include <memory.h>
| # endif
| # include <string.h>
| #endif
| #ifdef HAVE_STRINGS_H
| # include <strings.h>
| #endif
| #ifdef HAVE_INTTYPES_H
| # include <inttypes.h>
| #endif
| #ifdef HAVE_STDINT_H
| # include <stdint.h>
| #endif
| #ifdef HAVE_UNISTD_H
| # include <unistd.h>
| #endif
| int
| main ()
| {
| if (sizeof ((size_t)))
| 	    return 0;
|   ;
|   return 0;
| }
configure:5409: result: yes
configure:5420: checking for ssize_t
configure:5420: gcc -c -g -O0 -I/Users/svetlana/include  conftest.c >&5
configure:5420: $? = 0
configure:5420: gcc -c -g -O0 -I/Users/svetlana/include  conftest.c >&5
conftest.c:79:22: error: expected expression
if (sizeof ((ssize_t)))
                     ^
1 error generated.
configure:5420: $? = 1
configure: failed program was:
| /* confdefs.h */
| #define PACKAGE_NAME "bwtool"
| #define PACKAGE_TARNAME "bwtool"
| #define PACKAGE_VERSION "1.0"
| #define PACKAGE_STRING "bwtool 1.0"
| #define PACKAGE_BUGREPORT ""
| #define PACKAGE_URL ""
| #define PACKAGE "bwtool"
| #define VERSION "1.0"
| #define STDC_HEADERS 1
| #define HAVE_SYS_TYPES_H 1
| #define HAVE_SYS_STAT_H 1
| #define HAVE_STDLIB_H 1
| #define HAVE_STRING_H 1
| #define HAVE_MEMORY_H 1
| #define HAVE_STRINGS_H 1
| #define HAVE_INTTYPES_H 1
| #define HAVE_STDINT_H 1
| #define HAVE_UNISTD_H 1
| #define HAVE_JKWEB_COMMON_H 1
| #define HAVE_ARPA_INET_H 1
| #define HAVE_FCNTL_H 1
| #define HAVE_FLOAT_H 1
| #define HAVE_LIMITS_H 1
| #define HAVE_MATH_H 1
| #define HAVE_NETDB_H 1
| #define HAVE_NETINET_IN_H 1
| #define HAVE_PTHREAD_H 1
| #define HAVE_STDLIB_H 1
| #define HAVE_STRING_H 1
| #define HAVE_STRINGS_H 1
| #define HAVE_SYS_FILE_H 1
| #define HAVE_SYS_SOCKET_H 1
| #define HAVE_SYS_STATVFS_H 1
| #define HAVE_SYS_TIME_H 1
| #define HAVE_SYSLOG_H 1
| #define HAVE_TERMIOS_H 1
| #define HAVE_UNISTD_H 1
| #define HAVE_UTIME_H 1
| #define HAVE__BOOL 1
| #define HAVE_STDBOOL_H 1
| /* end confdefs.h.  */
| #include <stdio.h>
| #ifdef HAVE_SYS_TYPES_H
| # include <sys/types.h>
| #endif
| #ifdef HAVE_SYS_STAT_H
| # include <sys/stat.h>
| #endif
| #ifdef STDC_HEADERS
| # include <stdlib.h>
| # include <stddef.h>
| #else
| # ifdef HAVE_STDLIB_H
| #  include <stdlib.h>
| # endif
| #endif
| #ifdef HAVE_STRING_H
| # if !defined STDC_HEADERS && defined HAVE_MEMORY_H
| #  include <memory.h>
| # endif
| # include <string.h>
| #endif
| #ifdef HAVE_STRINGS_H
| # include <strings.h>
| #endif
| #ifdef HAVE_INTTYPES_H
| # include <inttypes.h>
| #endif
| #ifdef HAVE_STDINT_H
| # include <stdint.h>
| #endif
| #ifdef HAVE_UNISTD_H
| # include <unistd.h>
| #endif
| int
| main ()
| {
| if (sizeof ((ssize_t)))
| 	    return 0;
|   ;
|   return 0;
| }
configure:5420: result: yes
configure:5431: checking for uid_t in sys/types.h
configure:5450: result: yes
configure:5461: checking for uint16_t
configure:5461: gcc -c -g -O0 -I/Users/svetlana/include  conftest.c >&5
configure:5461: $? = 0
configure:5461: result: yes
configure:5473: checking for uint32_t
configure:5473: gcc -c -g -O0 -I/Users/svetlana/include  conftest.c >&5
configure:5473: $? = 0
configure:5473: result: yes
configure:5487: checking for uint8_t
configure:5487: gcc -c -g -O0 -I/Users/svetlana/include  conftest.c >&5
configure:5487: $? = 0
configure:5487: result: yes
configure:5505: checking vfork.h usability
configure:5505: gcc -c -g -O0 -I/Users/svetlana/include  conftest.c >&5
conftest.c:76:10: fatal error: 'vfork.h' file not found
#include <vfork.h>
         ^
1 error generated.
configure:5505: $? = 1
configure: failed program was:
| /* confdefs.h */
| #define PACKAGE_NAME "bwtool"
| #define PACKAGE_TARNAME "bwtool"
| #define PACKAGE_VERSION "1.0"
| #define PACKAGE_STRING "bwtool 1.0"
| #define PACKAGE_BUGREPORT ""
| #define PACKAGE_URL ""
| #define PACKAGE "bwtool"
| #define VERSION "1.0"
| #define STDC_HEADERS 1
| #define HAVE_SYS_TYPES_H 1
| #define HAVE_SYS_STAT_H 1
| #define HAVE_STDLIB_H 1
| #define HAVE_STRING_H 1
| #define HAVE_MEMORY_H 1
| #define HAVE_STRINGS_H 1
| #define HAVE_INTTYPES_H 1
| #define HAVE_STDINT_H 1
| #define HAVE_UNISTD_H 1
| #define HAVE_JKWEB_COMMON_H 1
| #define HAVE_ARPA_INET_H 1
| #define HAVE_FCNTL_H 1
| #define HAVE_FLOAT_H 1
| #define HAVE_LIMITS_H 1
| #define HAVE_MATH_H 1
| #define HAVE_NETDB_H 1
| #define HAVE_NETINET_IN_H 1
| #define HAVE_PTHREAD_H 1
| #define HAVE_STDLIB_H 1
| #define HAVE_STRING_H 1
| #define HAVE_STRINGS_H 1
| #define HAVE_SYS_FILE_H 1
| #define HAVE_SYS_SOCKET_H 1
| #define HAVE_SYS_STATVFS_H 1
| #define HAVE_SYS_TIME_H 1
| #define HAVE_SYSLOG_H 1
| #define HAVE_TERMIOS_H 1
| #define HAVE_UNISTD_H 1
| #define HAVE_UTIME_H 1
| #define HAVE__BOOL 1
| #define HAVE_STDBOOL_H 1
| /* end confdefs.h.  */
| #include <stdio.h>
| #ifdef HAVE_SYS_TYPES_H
| # include <sys/types.h>
| #endif
| #ifdef HAVE_SYS_STAT_H
| # include <sys/stat.h>
| #endif
| #ifdef STDC_HEADERS
| # include <stdlib.h>
| # include <stddef.h>
| #else
| # ifdef HAVE_STDLIB_H
| #  include <stdlib.h>
| # endif
| #endif
| #ifdef HAVE_STRING_H
| # if !defined STDC_HEADERS && defined HAVE_MEMORY_H
| #  include <memory.h>
| # endif
| # include <string.h>
| #endif
| #ifdef HAVE_STRINGS_H
| # include <strings.h>
| #endif
| #ifdef HAVE_INTTYPES_H
| # include <inttypes.h>
| #endif
| #ifdef HAVE_STDINT_H
| # include <stdint.h>
| #endif
| #ifdef HAVE_UNISTD_H
| # include <unistd.h>
| #endif
| #include <vfork.h>
configure:5505: result: no
configure:5505: checking vfork.h presence
configure:5505: gcc -E  conftest.c
conftest.c:43:10: fatal error: 'vfork.h' file not found
#include <vfork.h>
         ^
1 error generated.
configure:5505: $? = 1
configure: failed program was:
| /* confdefs.h */
| #define PACKAGE_NAME "bwtool"
| #define PACKAGE_TARNAME "bwtool"
| #define PACKAGE_VERSION "1.0"
| #define PACKAGE_STRING "bwtool 1.0"
| #define PACKAGE_BUGREPORT ""
| #define PACKAGE_URL ""
| #define PACKAGE "bwtool"
| #define VERSION "1.0"
| #define STDC_HEADERS 1
| #define HAVE_SYS_TYPES_H 1
| #define HAVE_SYS_STAT_H 1
| #define HAVE_STDLIB_H 1
| #define HAVE_STRING_H 1
| #define HAVE_MEMORY_H 1
| #define HAVE_STRINGS_H 1
| #define HAVE_INTTYPES_H 1
| #define HAVE_STDINT_H 1
| #define HAVE_UNISTD_H 1
| #define HAVE_JKWEB_COMMON_H 1
| #define HAVE_ARPA_INET_H 1
| #define HAVE_FCNTL_H 1
| #define HAVE_FLOAT_H 1
| #define HAVE_LIMITS_H 1
| #define HAVE_MATH_H 1
| #define HAVE_NETDB_H 1
| #define HAVE_NETINET_IN_H 1
| #define HAVE_PTHREAD_H 1
| #define HAVE_STDLIB_H 1
| #define HAVE_STRING_H 1
| #define HAVE_STRINGS_H 1
| #define HAVE_SYS_FILE_H 1
| #define HAVE_SYS_SOCKET_H 1
| #define HAVE_SYS_STATVFS_H 1
| #define HAVE_SYS_TIME_H 1
| #define HAVE_SYSLOG_H 1
| #define HAVE_TERMIOS_H 1
| #define HAVE_UNISTD_H 1
| #define HAVE_UTIME_H 1
| #define HAVE__BOOL 1
| #define HAVE_STDBOOL_H 1
| /* end confdefs.h.  */
| #include <vfork.h>
configure:5505: result: no
configure:5505: checking for vfork.h
configure:5505: result: no
configure:5518: checking for fork
configure:5518: gcc -o conftest -g -O0 -I/Users/svetlana/include  -L/Users/svetlana/lib conftest.c -lbeato -ljkweb -lz  >&5
configure:5518: $? = 0
configure:5518: result: yes
configure:5518: checking for vfork
configure:5518: gcc -o conftest -g -O0 -I/Users/svetlana/include  -L/Users/svetlana/lib conftest.c -lbeato -ljkweb -lz  >&5
conftest.c:67:6: warning: incompatible redeclaration of library function 'vfork' [-Wincompatible-library-redeclaration]
char vfork ();
     ^
conftest.c:67:6: note: 'vfork' is a builtin with type 'int (void)'
1 warning generated.
configure:5518: $? = 0
configure:5518: result: yes
configure:5528: checking for working fork
configure:5550: gcc -o conftest -g -O0 -I/Users/svetlana/include  -L/Users/svetlana/lib conftest.c -lbeato -ljkweb -lz  >&5
configure:5550: $? = 0
configure:5550: ./conftest
configure:5550: $? = 0
configure:5560: result: yes
configure:5581: checking for working vfork
configure:5691: result: yes
configure:5716: checking for _LARGEFILE_SOURCE value needed for large files
configure:5735: gcc -o conftest -g -O0 -I/Users/svetlana/include  -L/Users/svetlana/lib conftest.c -lbeato -ljkweb -lz  >&5
configure:5735: $? = 0
configure:5763: result: no
configure:5786: checking for stdlib.h
configure:5786: result: yes
configure:5796: checking for GNU libc compatible malloc
configure:5820: gcc -o conftest -g -O0 -I/Users/svetlana/include  -L/Users/svetlana/lib conftest.c -lbeato -ljkweb -lz  >&5
configure:5820: $? = 0
configure:5820: ./conftest
configure:5820: $? = 0
configure:5830: result: yes
configure:5851: checking whether time.h and sys/time.h may both be included
configure:5871: gcc -c -g -O0 -I/Users/svetlana/include  conftest.c >&5
configure:5871: $? = 0
configure:5878: result: yes
configure:5892: checking for sys/time.h
configure:5892: result: yes
configure:5892: checking for unistd.h
configure:5892: result: yes
configure:5892: checking for stdlib.h
configure:5892: result: yes
configure:5892: checking for sys/param.h
configure:5892: gcc -c -g -O0 -I/Users/svetlana/include  conftest.c >&5
configure:5892: $? = 0
configure:5892: result: yes
configure:5913: checking for alarm
configure:5913: gcc -o conftest -g -O0 -I/Users/svetlana/include  -L/Users/svetlana/lib conftest.c -lbeato -ljkweb -lz  >&5
configure:5913: $? = 0
configure:5913: result: yes
configure:5926: checking for working mktime
configure:6128: gcc -o conftest -g -O0 -I/Users/svetlana/include  -L/Users/svetlana/lib conftest.c -lbeato -ljkweb -lz  >&5
configure:6128: $? = 0
configure:6128: ./conftest
configure:6128: $? = 1
configure: program exited with status 1
configure: failed program was:
| /* confdefs.h */
| #define PACKAGE_NAME "bwtool"
| #define PACKAGE_TARNAME "bwtool"
| #define PACKAGE_VERSION "1.0"
| #define PACKAGE_STRING "bwtool 1.0"
| #define PACKAGE_BUGREPORT ""
| #define PACKAGE_URL ""
| #define PACKAGE "bwtool"
| #define VERSION "1.0"
| #define STDC_HEADERS 1
| #define HAVE_SYS_TYPES_H 1
| #define HAVE_SYS_STAT_H 1
| #define HAVE_STDLIB_H 1
| #define HAVE_STRING_H 1
| #define HAVE_MEMORY_H 1
| #define HAVE_STRINGS_H 1
| #define HAVE_INTTYPES_H 1
| #define HAVE_STDINT_H 1
| #define HAVE_UNISTD_H 1
| #define HAVE_JKWEB_COMMON_H 1
| #define HAVE_ARPA_INET_H 1
| #define HAVE_FCNTL_H 1
| #define HAVE_FLOAT_H 1
| #define HAVE_LIMITS_H 1
| #define HAVE_MATH_H 1
| #define HAVE_NETDB_H 1
| #define HAVE_NETINET_IN_H 1
| #define HAVE_PTHREAD_H 1
| #define HAVE_STDLIB_H 1
| #define HAVE_STRING_H 1
| #define HAVE_STRINGS_H 1
| #define HAVE_SYS_FILE_H 1
| #define HAVE_SYS_SOCKET_H 1
| #define HAVE_SYS_STATVFS_H 1
| #define HAVE_SYS_TIME_H 1
| #define HAVE_SYSLOG_H 1
| #define HAVE_TERMIOS_H 1
| #define HAVE_UNISTD_H 1
| #define HAVE_UTIME_H 1
| #define HAVE__BOOL 1
| #define HAVE_STDBOOL_H 1
| #define HAVE_FORK 1
| #define HAVE_VFORK 1
| #define HAVE_WORKING_VFORK 1
| #define HAVE_WORKING_FORK 1
| #define HAVE_FSEEKO 1
| #define HAVE_STDLIB_H 1
| #define HAVE_MALLOC 1
| #define TIME_WITH_SYS_TIME 1
| #define HAVE_SYS_TIME_H 1
| #define HAVE_UNISTD_H 1
| #define HAVE_STDLIB_H 1
| #define HAVE_SYS_PARAM_H 1
| #define HAVE_ALARM 1
| /* end confdefs.h.  */
| /* Test program from Paul Eggert and Tony Leneis.  */
| #ifdef TIME_WITH_SYS_TIME
| # include <sys/time.h>
| # include <time.h>
| #else
| # ifdef HAVE_SYS_TIME_H
| #  include <sys/time.h>
| # else
| #  include <time.h>
| # endif
| #endif
| 
| #include <limits.h>
| #include <stdlib.h>
| 
| #ifdef HAVE_UNISTD_H
| # include <unistd.h>
| #endif
| 
| #ifndef HAVE_ALARM
| # define alarm(X) /* empty */
| #endif
| 
| /* Work around redefinition to rpl_putenv by other config tests.  */
| #undef putenv
| 
| static time_t time_t_max;
| static time_t time_t_min;
| 
| /* Values we'll use to set the TZ environment variable.  */
| static const char *tz_strings[] = {
|   (const char *) 0, "TZ=GMT0", "TZ=JST-9",
|   "TZ=EST+3EDT+2,M10.1.0/00:00:00,M2.3.0/00:00:00"
| };
| #define N_STRINGS (sizeof (tz_strings) / sizeof (tz_strings[0]))
| 
| /* Return 0 if mktime fails to convert a date in the spring-forward gap.
|    Based on a problem report from Andreas Jaeger.  */
| static int
| spring_forward_gap ()
| {
|   /* glibc (up to about 1998-10-07) failed this test. */
|   struct tm tm;
| 
|   /* Use the portable POSIX.1 specification "TZ=PST8PDT,M4.1.0,M10.5.0"
|      instead of "TZ=America/Vancouver" in order to detect the bug even
|      on systems that don't support the Olson extension, or don't have the
|      full zoneinfo tables installed.  */
|   putenv ((char*) "TZ=PST8PDT,M4.1.0,M10.5.0");
| 
|   tm.tm_year = 98;
|   tm.tm_mon = 3;
|   tm.tm_mday = 5;
|   tm.tm_hour = 2;
|   tm.tm_min = 0;
|   tm.tm_sec = 0;
|   tm.tm_isdst = -1;
|   return mktime (&tm) != (time_t) -1;
| }
| 
| static int
| mktime_test1 (time_t now)
| {
|   struct tm *lt;
|   return ! (lt = localtime (&now)) || mktime (lt) == now;
| }
| 
| static int
| mktime_test (time_t now)
| {
|   return (mktime_test1 (now)
| 	  && mktime_test1 ((time_t) (time_t_max - now))
| 	  && mktime_test1 ((time_t) (time_t_min + now)));
| }
| 
| static int
| irix_6_4_bug ()
| {
|   /* Based on code from Ariel Faigon.  */
|   struct tm tm;
|   tm.tm_year = 96;
|   tm.tm_mon = 3;
|   tm.tm_mday = 0;
|   tm.tm_hour = 0;
|   tm.tm_min = 0;
|   tm.tm_sec = 0;
|   tm.tm_isdst = -1;
|   mktime (&tm);
|   return tm.tm_mon == 2 && tm.tm_mday == 31;
| }
| 
| static int
| bigtime_test (int j)
| {
|   struct tm tm;
|   time_t now;
|   tm.tm_year = tm.tm_mon = tm.tm_mday = tm.tm_hour = tm.tm_min = tm.tm_sec = j;
|   now = mktime (&tm);
|   if (now != (time_t) -1)
|     {
|       struct tm *lt = localtime (&now);
|       if (! (lt
| 	     && lt->tm_year == tm.tm_year
| 	     && lt->tm_mon == tm.tm_mon
| 	     && lt->tm_mday == tm.tm_mday
| 	     && lt->tm_hour == tm.tm_hour
| 	     && lt->tm_min == tm.tm_min
| 	     && lt->tm_sec == tm.tm_sec
| 	     && lt->tm_yday == tm.tm_yday
| 	     && lt->tm_wday == tm.tm_wday
| 	     && ((lt->tm_isdst < 0 ? -1 : 0 < lt->tm_isdst)
| 		  == (tm.tm_isdst < 0 ? -1 : 0 < tm.tm_isdst))))
| 	return 0;
|     }
|   return 1;
| }
| 
| static int
| year_2050_test ()
| {
|   /* The correct answer for 2050-02-01 00:00:00 in Pacific time,
|      ignoring leap seconds.  */
|   unsigned long int answer = 2527315200UL;
| 
|   struct tm tm;
|   time_t t;
|   tm.tm_year = 2050 - 1900;
|   tm.tm_mon = 2 - 1;
|   tm.tm_mday = 1;
|   tm.tm_hour = tm.tm_min = tm.tm_sec = 0;
|   tm.tm_isdst = -1;
| 
|   /* Use the portable POSIX.1 specification "TZ=PST8PDT,M4.1.0,M10.5.0"
|      instead of "TZ=America/Vancouver" in order to detect the bug even
|      on systems that don't support the Olson extension, or don't have the
|      full zoneinfo tables installed.  */
|   putenv ((char*) "TZ=PST8PDT,M4.1.0,M10.5.0");
| 
|   t = mktime (&tm);
| 
|   /* Check that the result is either a failure, or close enough
|      to the correct answer that we can assume the discrepancy is
|      due to leap seconds.  */
|   return (t == (time_t) -1
| 	  || (0 < t && answer - 120 <= t && t <= answer + 120));
| }
| 
| int
| main ()
| {
|   time_t t, delta;
|   int i, j;
| 
|   /* This test makes some buggy mktime implementations loop.
|      Give up after 60 seconds; a mktime slower than that
|      isn't worth using anyway.  */
|   alarm (60);
| 
|   for (;;)
|     {
|       t = (time_t_max << 1) + 1;
|       if (t <= time_t_max)
| 	break;
|       time_t_max = t;
|     }
|   time_t_min = - ((time_t) ~ (time_t) 0 == (time_t) -1) - time_t_max;
| 
|   delta = time_t_max / 997; /* a suitable prime number */
|   for (i = 0; i < N_STRINGS; i++)
|     {
|       if (tz_strings[i])
| 	putenv ((char*) tz_strings[i]);
| 
|       for (t = 0; t <= time_t_max - delta; t += delta)
| 	if (! mktime_test (t))
| 	  return 1;
|       if (! (mktime_test ((time_t) 1)
| 	     && mktime_test ((time_t) (60 * 60))
| 	     && mktime_test ((time_t) (60 * 60 * 24))))
| 	return 1;
| 
|       for (j = 1; ; j <<= 1)
| 	if (! bigtime_test (j))
| 	  return 1;
| 	else if (INT_MAX / 2 < j)
| 	  break;
|       if (! bigtime_test (INT_MAX))
| 	return 1;
|     }
|   return ! (irix_6_4_bug () && spring_forward_gap () && year_2050_test ());
| }
configure:6138: result: no
configure:6156: checking for getpagesize
configure:6156: gcc -o conftest -g -O0 -I/Users/svetlana/include  -L/Users/svetlana/lib conftest.c -lbeato -ljkweb -lz  >&5
configure:6156: $? = 0
configure:6156: result: yes
configure:6165: checking for working mmap
configure:6312: gcc -o conftest -g -O0 -I/Users/svetlana/include  -L/Users/svetlana/lib conftest.c -lbeato -ljkweb -lz  >&5
configure:6312: $? = 0
configure:6312: ./conftest
configure:6312: $? = 0
configure:6322: result: yes
configure:6333: checking for stdlib.h
configure:6333: result: yes
configure:6343: checking for GNU libc compatible realloc
configure:6367: gcc -o conftest -g -O0 -I/Users/svetlana/include  -L/Users/svetlana/lib conftest.c -lbeato -ljkweb -lz  >&5
configure:6367: $? = 0
configure:6367: ./conftest
configure:6367: $? = 0
configure:6377: result: yes
configure:6398: checking for working strtod
configure:6439: gcc -o conftest -g -O0 -I/Users/svetlana/include  -L/Users/svetlana/lib conftest.c -lbeato -ljkweb -lz  >&5
configure:6439: $? = 0
configure:6439: ./conftest
configure:6439: $? = 0
configure:6449: result: yes
configure:6514: checking for bzero
configure:6514: gcc -o conftest -g -O0 -I/Users/svetlana/include  -L/Users/svetlana/lib conftest.c -lbeato -ljkweb -lz  >&5
conftest.c:83:6: warning: incompatible redeclaration of library function 'bzero' [-Wincompatible-library-redeclaration]
char bzero ();
     ^
conftest.c:83:6: note: 'bzero' is a builtin with type 'void (void *, unsigned long)'
1 warning generated.
configure:6514: $? = 0
configure:6514: result: yes
configure:6514: checking for dup2
configure:6514: gcc -o conftest -g -O0 -I/Users/svetlana/include  -L/Users/svetlana/lib conftest.c -lbeato -ljkweb -lz  >&5
configure:6514: $? = 0
configure:6514: result: yes
configure:6514: checking for floor
configure:6514: gcc -o conftest -g -O0 -I/Users/svetlana/include  -L/Users/svetlana/lib conftest.c -lbeato -ljkweb -lz  >&5
conftest.c:85:6: warning: incompatible redeclaration of library function 'floor' [-Wincompatible-library-redeclaration]
char floor ();
     ^
conftest.c:85:6: note: 'floor' is a builtin with type 'double (double)'
1 warning generated.
configure:6514: $? = 0
configure:6514: result: yes
configure:6514: checking for getcwd
configure:6514: gcc -o conftest -g -O0 -I/Users/svetlana/include  -L/Users/svetlana/lib conftest.c -lbeato -ljkweb -lz  >&5
configure:6514: $? = 0
configure:6514: result: yes
configure:6514: checking for gettimeofday
configure:6514: gcc -o conftest -g -O0 -I/Users/svetlana/include  -L/Users/svetlana/lib conftest.c -lbeato -ljkweb -lz  >&5
configure:6514: $? = 0
configure:6514: result: yes
configure:6514: checking for memmove
configure:6514: gcc -o conftest -g -O0 -I/Users/svetlana/include  -L/Users/svetlana/lib conftest.c -lbeato -ljkweb -lz  >&5
conftest.c:88:6: warning: incompatible redeclaration of library function 'memmove' [-Wincompatible-library-redeclaration]
char memmove ();
     ^
conftest.c:88:6: note: 'memmove' is a builtin with type 'void *(void *, const void *, unsigned long)'
1 warning generated.
configure:6514: $? = 0
configure:6514: result: yes
configure:6514: checking for memset
configure:6514: gcc -o conftest -g -O0 -I/Users/svetlana/include  -L/Users/svetlana/lib conftest.c -lbeato -ljkweb -lz  >&5
conftest.c:89:6: warning: incompatible redeclaration of library function 'memset' [-Wincompatible-library-redeclaration]
char memset ();
     ^
conftest.c:89:6: note: 'memset' is a builtin with type 'void *(void *, int, unsigned long)'
1 warning generated.
configure:6514: $? = 0
configure:6514: result: yes
configure:6514: checking for mkdir
configure:6514: gcc -o conftest -g -O0 -I/Users/svetlana/include  -L/Users/svetlana/lib conftest.c -lbeato -ljkweb -lz  >&5
configure:6514: $? = 0
configure:6514: result: yes
configure:6514: checking for munmap
configure:6514: gcc -o conftest -g -O0 -I/Users/svetlana/include  -L/Users/svetlana/lib conftest.c -lbeato -ljkweb -lz  >&5
configure:6514: $? = 0
configure:6514: result: yes
configure:6514: checking for pow
configure:6514: gcc -o conftest -g -O0 -I/Users/svetlana/include  -L/Users/svetlana/lib conftest.c -lbeato -ljkweb -lz  >&5
conftest.c:92:6: warning: incompatible redeclaration of library function 'pow' [-Wincompatible-library-redeclaration]
char pow ();
     ^
conftest.c:92:6: note: 'pow' is a builtin with type 'double (double, double)'
1 warning generated.
configure:6514: $? = 0
configure:6514: result: yes
configure:6514: checking for putenv
configure:6514: gcc -o conftest -g -O0 -I/Users/svetlana/include  -L/Users/svetlana/lib conftest.c -lbeato -ljkweb -lz  >&5
configure:6514: $? = 0
configure:6514: result: yes
configure:6514: checking for regcomp
configure:6514: gcc -o conftest -g -O0 -I/Users/svetlana/include  -L/Users/svetlana/lib conftest.c -lbeato -ljkweb -lz  >&5
configure:6514: $? = 0
configure:6514: result: yes
configure:6514: checking for rint
configure:6514: gcc -o conftest -g -O0 -I/Users/svetlana/include  -L/Users/svetlana/lib conftest.c -lbeato -ljkweb -lz  >&5
conftest.c:95:6: warning: incompatible redeclaration of library function 'rint' [-Wincompatible-library-redeclaration]
char rint ();
     ^
conftest.c:95:6: note: 'rint' is a builtin with type 'double (double)'
1 warning generated.
configure:6514: $? = 0
configure:6514: result: yes
configure:6514: checking for select
configure:6514: gcc -o conftest -g -O0 -I/Users/svetlana/include  -L/Users/svetlana/lib conftest.c -lbeato -ljkweb -lz  >&5
configure:6514: $? = 0
configure:6514: result: yes
configure:6514: checking for setenv
configure:6514: gcc -o conftest -g -O0 -I/Users/svetlana/include  -L/Users/svetlana/lib conftest.c -lbeato -ljkweb -lz  >&5
configure:6514: $? = 0
configure:6514: result: yes
configure:6514: checking for socket
configure:6514: gcc -o conftest -g -O0 -I/Users/svetlana/include  -L/Users/svetlana/lib conftest.c -lbeato -ljkweb -lz  >&5
configure:6514: $? = 0
configure:6514: result: yes
configure:6514: checking for sqrt
configure:6514: gcc -o conftest -g -O0 -I/Users/svetlana/include  -L/Users/svetlana/lib conftest.c -lbeato -ljkweb -lz  >&5
conftest.c:99:6: warning: incompatible redeclaration of library function 'sqrt' [-Wincompatible-library-redeclaration]
char sqrt ();
     ^
conftest.c:99:6: note: 'sqrt' is a builtin with type 'double (double)'
1 warning generated.
configure:6514: $? = 0
configure:6514: result: yes
configure:6514: checking for strcasecmp
configure:6514: gcc -o conftest -g -O0 -I/Users/svetlana/include  -L/Users/svetlana/lib conftest.c -lbeato -ljkweb -lz  >&5
conftest.c:100:6: warning: incompatible redeclaration of library function 'strcasecmp' [-Wincompatible-library-redeclaration]
char strcasecmp ();
     ^
conftest.c:100:6: note: 'strcasecmp' is a builtin with type 'int (const char *, const char *)'
1 warning generated.
configure:6514: $? = 0
configure:6514: result: yes
configure:6514: checking for strchr
configure:6514: gcc -o conftest -g -O0 -I/Users/svetlana/include  -L/Users/svetlana/lib conftest.c -lbeato -ljkweb -lz  >&5
conftest.c:101:6: warning: incompatible redeclaration of library function 'strchr' [-Wincompatible-library-redeclaration]
char strchr ();
     ^
conftest.c:101:6: note: 'strchr' is a builtin with type 'char *(const char *, int)'
1 warning generated.
configure:6514: $? = 0
configure:6514: result: yes
configure:6514: checking for strcspn
configure:6514: gcc -o conftest -g -O0 -I/Users/svetlana/include  -L/Users/svetlana/lib conftest.c -lbeato -ljkweb -lz  >&5
conftest.c:102:6: warning: incompatible redeclaration of library function 'strcspn' [-Wincompatible-library-redeclaration]
char strcspn ();
     ^
conftest.c:102:6: note: 'strcspn' is a builtin with type 'unsigned long (const char *, const char *)'
1 warning generated.
configure:6514: $? = 0
configure:6514: result: yes
configure:6514: checking for strdup
configure:6514: gcc -o conftest -g -O0 -I/Users/svetlana/include  -L/Users/svetlana/lib conftest.c -lbeato -ljkweb -lz  >&5
conftest.c:103:6: warning: incompatible redeclaration of library function 'strdup' [-Wincompatible-library-redeclaration]
char strdup ();
     ^
conftest.c:103:6: note: 'strdup' is a builtin with type 'char *(const char *)'
1 warning generated.
configure:6514: $? = 0
configure:6514: result: yes
configure:6514: checking for strerror
configure:6514: gcc -o conftest -g -O0 -I/Users/svetlana/include  -L/Users/svetlana/lib conftest.c -lbeato -ljkweb -lz  >&5
conftest.c:104:6: warning: incompatible redeclaration of library function 'strerror' [-Wincompatible-library-redeclaration]
char strerror ();
     ^
conftest.c:104:6: note: 'strerror' is a builtin with type 'char *(int)'
1 warning generated.
configure:6514: $? = 0
configure:6514: result: yes
configure:6514: checking for strrchr
configure:6514: gcc -o conftest -g -O0 -I/Users/svetlana/include  -L/Users/svetlana/lib conftest.c -lbeato -ljkweb -lz  >&5
conftest.c:105:6: warning: incompatible redeclaration of library function 'strrchr' [-Wincompatible-library-redeclaration]
char strrchr ();
     ^
conftest.c:105:6: note: 'strrchr' is a builtin with type 'char *(const char *, int)'
1 warning generated.
configure:6514: $? = 0
configure:6514: result: yes
configure:6514: checking for strspn
configure:6514: gcc -o conftest -g -O0 -I/Users/svetlana/include  -L/Users/svetlana/lib conftest.c -lbeato -ljkweb -lz  >&5
conftest.c:106:6: warning: incompatible redeclaration of library function 'strspn' [-Wincompatible-library-redeclaration]
char strspn ();
     ^
conftest.c:106:6: note: 'strspn' is a builtin with type 'unsigned long (const char *, const char *)'
1 warning generated.
configure:6514: $? = 0
configure:6514: result: yes
configure:6514: checking for strstr
configure:6514: gcc -o conftest -g -O0 -I/Users/svetlana/include  -L/Users/svetlana/lib conftest.c -lbeato -ljkweb -lz  >&5
conftest.c:107:6: warning: incompatible redeclaration of library function 'strstr' [-Wincompatible-library-redeclaration]
char strstr ();
     ^
conftest.c:107:6: note: 'strstr' is a builtin with type 'char *(const char *, const char *)'
1 warning generated.
configure:6514: $? = 0
configure:6514: result: yes
configure:6514: checking for strtol
configure:6514: gcc -o conftest -g -O0 -I/Users/svetlana/include  -L/Users/svetlana/lib conftest.c -lbeato -ljkweb -lz  >&5
configure:6514: $? = 0
configure:6514: result: yes
configure:6514: checking for tzset
configure:6514: gcc -o conftest -g -O0 -I/Users/svetlana/include  -L/Users/svetlana/lib conftest.c -lbeato -ljkweb -lz  >&5
configure:6514: $? = 0
configure:6514: result: yes
configure:6514: checking for uname
configure:6514: gcc -o conftest -g -O0 -I/Users/svetlana/include  -L/Users/svetlana/lib conftest.c -lbeato -ljkweb -lz  >&5
configure:6514: $? = 0
configure:6514: result: yes
configure:6514: checking for utime
configure:6514: gcc -o conftest -g -O0 -I/Users/svetlana/include  -L/Users/svetlana/lib conftest.c -lbeato -ljkweb -lz  >&5
configure:6514: $? = 0
configure:6514: result: yes
configure:6636: checking that generated files are newer than configure
configure:6642: result: done
configure:6669: creating ./config.status

## ---------------------- ##
## Running config.status. ##
## ---------------------- ##

This file was extended by bwtool config.status 1.0, which was
generated by GNU Autoconf 2.69.  Invocation command line was

  CONFIG_FILES    = 
  CONFIG_HEADERS  = 
  CONFIG_LINKS    = 
  CONFIG_COMMANDS = 
  $ ./config.status 

on Need

config.status:939: creating Makefile
config.status:939: creating tests/Makefile
config.status:939: creating config.h
config.status:1168: executing depfiles commands

## ---------------- ##
## Cache variables. ##
## ---------------- ##

ac_cv_build=x86_64-apple-darwin15.6.0
ac_cv_c_compiler_gnu=yes
ac_cv_c_inline=inline
ac_cv_c_int16_t=yes
ac_cv_c_int32_t=yes
ac_cv_c_int64_t=yes
ac_cv_c_int8_t=yes
ac_cv_c_uint16_t=yes
ac_cv_c_uint32_t=yes
ac_cv_c_uint8_t=yes
ac_cv_env_CC_set=
ac_cv_env_CC_value=
ac_cv_env_CFLAGS_set=set
ac_cv_env_CFLAGS_value='-g -O0 -I/Users/svetlana/include'
ac_cv_env_CPPFLAGS_set=
ac_cv_env_CPPFLAGS_value=
ac_cv_env_CPP_set=
ac_cv_env_CPP_value=
ac_cv_env_LDFLAGS_set=set
ac_cv_env_LDFLAGS_value=-L/Users/svetlana/lib
ac_cv_env_LIBS_set=
ac_cv_env_LIBS_value=
ac_cv_env_build_alias_set=
ac_cv_env_build_alias_value=
ac_cv_env_host_alias_set=
ac_cv_env_host_alias_value=
ac_cv_env_target_alias_set=
ac_cv_env_target_alias_value=
ac_cv_func_alarm=yes
ac_cv_func_bzero=yes
ac_cv_func_dup2=yes
ac_cv_func_floor=yes
ac_cv_func_fork=yes
ac_cv_func_fork_works=yes
ac_cv_func_getcwd=yes
ac_cv_func_getpagesize=yes
ac_cv_func_gettimeofday=yes
ac_cv_func_malloc_0_nonnull=yes
ac_cv_func_memmove=yes
ac_cv_func_memset=yes
ac_cv_func_mkdir=yes
ac_cv_func_mmap_fixed_mapped=yes
ac_cv_func_munmap=yes
ac_cv_func_pow=yes
ac_cv_func_putenv=yes
ac_cv_func_realloc_0_nonnull=yes
ac_cv_func_regcomp=yes
ac_cv_func_rint=yes
ac_cv_func_select=yes
ac_cv_func_setenv=yes
ac_cv_func_socket=yes
ac_cv_func_sqrt=yes
ac_cv_func_strcasecmp=yes
ac_cv_func_strchr=yes
ac_cv_func_strcspn=yes
ac_cv_func_strdup=yes
ac_cv_func_strerror=yes
ac_cv_func_strrchr=yes
ac_cv_func_strspn=yes
ac_cv_func_strstr=yes
ac_cv_func_strtod=yes
ac_cv_func_strtol=yes
ac_cv_func_tzset=yes
ac_cv_func_uname=yes
ac_cv_func_utime=yes
ac_cv_func_vfork=yes
ac_cv_func_vfork_works=yes
ac_cv_func_working_mktime=no
ac_cv_header_arpa_inet_h=yes
ac_cv_header_beato_bigs_h=no
ac_cv_header_fcntl_h=yes
ac_cv_header_float_h=yes
ac_cv_header_inttypes_h=yes
ac_cv_header_jkweb_common_h=yes
ac_cv_header_limits_h=yes
ac_cv_header_math_h=yes
ac_cv_header_memory_h=yes
ac_cv_header_netdb_h=yes
ac_cv_header_netinet_in_h=yes
ac_cv_header_pthread_h=yes
ac_cv_header_stdbool_h=yes
ac_cv_header_stdc=yes
ac_cv_header_stdint_h=yes
ac_cv_header_stdlib_h=yes
ac_cv_header_string_h=yes
ac_cv_header_strings_h=yes
ac_cv_header_sys_file_h=yes
ac_cv_header_sys_param_h=yes
ac_cv_header_sys_socket_h=yes
ac_cv_header_sys_stat_h=yes
ac_cv_header_sys_statvfs_h=yes
ac_cv_header_sys_time_h=yes
ac_cv_header_sys_types_h=yes
ac_cv_header_syslog_h=yes
ac_cv_header_termios_h=yes
ac_cv_header_time=yes
ac_cv_header_unistd_h=yes
ac_cv_header_utime_h=yes
ac_cv_header_vfork_h=no
ac_cv_host=x86_64-apple-darwin15.6.0
ac_cv_objext=o
ac_cv_path_EGREP='/usr/bin/grep -E'
ac_cv_path_GREP=/usr/bin/grep
ac_cv_path_install='/usr/bin/install -c'
ac_cv_prog_AWK=awk
ac_cv_prog_CPP='gcc -E'
ac_cv_prog_ac_ct_CC=gcc
ac_cv_prog_ac_ct_RANLIB=ranlib
ac_cv_prog_cc_c89=
ac_cv_prog_cc_g=yes
ac_cv_prog_make_make_set=yes
ac_cv_search_pow='none required'
ac_cv_search_pthread_create='none required'
ac_cv_search_slSort=-ljkweb
ac_cv_search_zlibVersion=-lz
ac_cv_sys_file_offset_bits=no
ac_cv_sys_largefile_CC=no
ac_cv_sys_largefile_source=no
ac_cv_target=x86_64-apple-darwin15.6.0
ac_cv_type__Bool=yes
ac_cv_type_off_t=yes
ac_cv_type_pid_t=yes
ac_cv_type_size_t=yes
ac_cv_type_ssize_t=yes
ac_cv_type_uid_t=yes
am_cv_CC_dependencies_compiler_type=gcc3
am_cv_make_support_nested_variables=yes
am_cv_prog_cc_c_o=yes

## ----------------- ##
## Output variables. ##
## ----------------- ##

ACLOCAL='${SHELL} /Users/svetlana/Documents/work/magic-2.0/bin/bwtool/missing aclocal-1.15'
AMDEPBACKSLASH='\'
AMDEP_FALSE='#'
AMDEP_TRUE=''
AMTAR='$${TAR-tar}'
AM_BACKSLASH='\'
AM_DEFAULT_V='$(AM_DEFAULT_VERBOSITY)'
AM_DEFAULT_VERBOSITY='1'
AM_V='$(V)'
AUTOCONF='${SHELL} /Users/svetlana/Documents/work/magic-2.0/bin/bwtool/missing autoconf'
AUTOHEADER='${SHELL} /Users/svetlana/Documents/work/magic-2.0/bin/bwtool/missing autoheader'
AUTOMAKE='${SHELL} /Users/svetlana/Documents/work/magic-2.0/bin/bwtool/missing automake-1.15'
AWK='awk'
CC='gcc'
CCDEPMODE='depmode=gcc3'
CFLAGS='-g -O0 -I/Users/svetlana/include'
CPP='gcc -E'
CPPFLAGS=''
CYGPATH_W='echo'
DEFS='-DHAVE_CONFIG_H'
DEPDIR='.deps'
ECHO_C='\c'
ECHO_N=''
ECHO_T=''
EGREP='/usr/bin/grep -E'
EXEEXT=''
GREP='/usr/bin/grep'
INSTALL_DATA='${INSTALL} -m 644'
INSTALL_PROGRAM='${INSTALL}'
INSTALL_SCRIPT='${INSTALL}'
INSTALL_STRIP_PROGRAM='$(install_sh) -c -s'
LDFLAGS='-L/Users/svetlana/lib'
LIBOBJS=' ${LIBOBJDIR}mktime$U.o'
LIBS='-lbeato -ljkweb -lz '
LTLIBOBJS=' ${LIBOBJDIR}mktime$U.lo'
MACHTYPE_WARN='-Wall -Wformat -Wimplicit -Wreturn-type -Wuninitialized'
MAINT='#'
MAINTAINER_MODE_FALSE=''
MAINTAINER_MODE_TRUE='#'
MAKEINFO='${SHELL} /Users/svetlana/Documents/work/magic-2.0/bin/bwtool/missing makeinfo'
MKDIR_P='./install-sh -c -d'
OBJEXT='o'
PACKAGE='bwtool'
PACKAGE_BUGREPORT=''
PACKAGE_NAME='bwtool'
PACKAGE_STRING='bwtool 1.0'
PACKAGE_TARNAME='bwtool'
PACKAGE_URL=''
PACKAGE_VERSION='1.0'
PATH_SEPARATOR=':'
POW_LIB=''
RANLIB='ranlib'
SET_MAKE=''
SHELL='/bin/sh'
STRIP=''
VERSION='1.0'
ac_ct_CC='gcc'
am__EXEEXT_FALSE=''
am__EXEEXT_TRUE='#'
am__fastdepCC_FALSE='#'
am__fastdepCC_TRUE=''
am__include='include'
am__isrc=''
am__leading_dot='.'
am__nodep='_no'
am__quote=''
am__tar='$${TAR-tar} chof - "$$tardir"'
am__untar='$${TAR-tar} xf -'
bindir='${exec_prefix}/bin'
build='x86_64-apple-darwin15.6.0'
build_alias=''
build_cpu='x86_64'
build_os='darwin15.6.0'
build_vendor='apple'
datadir='${datarootdir}'
datarootdir='${prefix}/share'
docdir='${datarootdir}/doc/${PACKAGE_TARNAME}'
dvidir='${docdir}'
exec_prefix='${prefix}'
host='x86_64-apple-darwin15.6.0'
host_alias=''
host_cpu='x86_64'
host_os='darwin15.6.0'
host_vendor='apple'
htmldir='${docdir}'
includedir='${prefix}/include'
infodir='${datarootdir}/info'
install_sh='${SHELL} /Users/svetlana/Documents/work/magic-2.0/bin/bwtool/install-sh'
libdir='${exec_prefix}/lib'
libexecdir='${exec_prefix}/libexec'
localedir='${datarootdir}/locale'
localstatedir='${prefix}/var'
mandir='${datarootdir}/man'
mkdir_p='$(MKDIR_P)'
oldincludedir='/usr/include'
pdfdir='${docdir}'
prefix='/Users/svetlana'
program_transform_name='s,x,x,'
psdir='${docdir}'
sbindir='${exec_prefix}/sbin'
sharedstatedir='${prefix}/com'
sysconfdir='${prefix}/etc'
target='x86_64-apple-darwin15.6.0'
target_alias=''
target_cpu='x86_64'
target_os='darwin15.6.0'
target_vendor='apple'

## ----------- ##
## confdefs.h. ##
## ----------- ##

/* confdefs.h */
#define PACKAGE_NAME "bwtool"
#define PACKAGE_TARNAME "bwtool"
#define PACKAGE_VERSION "1.0"
#define PACKAGE_STRING "bwtool 1.0"
#define PACKAGE_BUGREPORT ""
#define PACKAGE_URL ""
#define PACKAGE "bwtool"
#define VERSION "1.0"
#define STDC_HEADERS 1
#define HAVE_SYS_TYPES_H 1
#define HAVE_SYS_STAT_H 1
#define HAVE_STDLIB_H 1
#define HAVE_STRING_H 1
#define HAVE_MEMORY_H 1
#define HAVE_STRINGS_H 1
#define HAVE_INTTYPES_H 1
#define HAVE_STDINT_H 1
#define HAVE_UNISTD_H 1
#define HAVE_JKWEB_COMMON_H 1
#define HAVE_ARPA_INET_H 1
#define HAVE_FCNTL_H 1
#define HAVE_FLOAT_H 1
#define HAVE_LIMITS_H 1
#define HAVE_MATH_H 1
#define HAVE_NETDB_H 1
#define HAVE_NETINET_IN_H 1
#define HAVE_PTHREAD_H 1
#define HAVE_STDLIB_H 1
#define HAVE_STRING_H 1
#define HAVE_STRINGS_H 1
#define HAVE_SYS_FILE_H 1
#define HAVE_SYS_SOCKET_H 1
#define HAVE_SYS_STATVFS_H 1
#define HAVE_SYS_TIME_H 1
#define HAVE_SYSLOG_H 1
#define HAVE_TERMIOS_H 1
#define HAVE_UNISTD_H 1
#define HAVE_UTIME_H 1
#define HAVE__BOOL 1
#define HAVE_STDBOOL_H 1
#define HAVE_FORK 1
#define HAVE_VFORK 1
#define HAVE_WORKING_VFORK 1
#define HAVE_WORKING_FORK 1
#define HAVE_FSEEKO 1
#define HAVE_STDLIB_H 1
#define HAVE_MALLOC 1
#define TIME_WITH_SYS_TIME 1
#define HAVE_SYS_TIME_H 1
#define HAVE_UNISTD_H 1
#define HAVE_STDLIB_H 1
#define HAVE_SYS_PARAM_H 1
#define HAVE_ALARM 1
#define HAVE_GETPAGESIZE 1
#define HAVE_MMAP 1
#define HAVE_STDLIB_H 1
#define HAVE_REALLOC 1
#define HAVE_BZERO 1
#define HAVE_DUP2 1
#define HAVE_FLOOR 1
#define HAVE_GETCWD 1
#define HAVE_GETTIMEOFDAY 1
#define HAVE_MEMMOVE 1
#define HAVE_MEMSET 1
#define HAVE_MKDIR 1
#define HAVE_MUNMAP 1
#define HAVE_POW 1
#define HAVE_PUTENV 1
#define HAVE_REGCOMP 1
#define HAVE_RINT 1
#define HAVE_SELECT 1
#define HAVE_SETENV 1
#define HAVE_SOCKET 1
#define HAVE_SQRT 1
#define HAVE_STRCASECMP 1
#define HAVE_STRCHR 1
#define HAVE_STRCSPN 1
#define HAVE_STRDUP 1
#define HAVE_STRERROR 1
#define HAVE_STRRCHR 1
#define HAVE_STRSPN 1
#define HAVE_STRSTR 1
#define HAVE_STRTOL 1
#define HAVE_TZSET 1
#define HAVE_UNAME 1
#define HAVE_UTIME 1

configure: exit 0
