This file contains any messages produced by compilers while
running configure, to aid debugging if configure makes a mistake.

It was created by libbeato configure 1.0, which was
generated by GNU Autoconf 2.69.  Invocation command line was

  $ ./configure --prefix=/Users/svetlana CFLAGS=-g -O0 -I/Users/svetlana/include LDFLAGS=-L/Users/svetlana/lib

## --------- ##
## Platform. ##
## --------- ##

hostname = Need
uname -m = x86_64
uname -r = 15.6.0
uname -s = Darwin
uname -v = Darwin Kernel Version 15.6.0: Mon Aug 29 20:21:34 PDT 2016; root:xnu-3248.60.11~1/RELEASE_X86_64

/usr/bin/uname -p = i386
/bin/uname -X     = unknown

/bin/arch              = unknown
/usr/bin/arch -k       = unknown
/usr/convex/getsysinfo = unknown
/usr/bin/hostinfo      = Mach kernel version:
	 Darwin Kernel Version 15.6.0: Mon Aug 29 20:21:34 PDT 2016; root:xnu-3248.60.11~1/RELEASE_X86_64
Kernel configured for up to 8 processors.
4 processors are physically available.
8 processors are logically available.
Processor type: x86_64h (Intel x86-64h Haswell)
Processors active: 0 1 2 3 4 5 6 7
Primary memory available: 16.00 gigabytes
Default processor set: 340 tasks, 2153 threads, 8 processors
Load average: 1.63, Mach factor: 6.36
/bin/machine           = unknown
/usr/bin/oslevel       = unknown
/bin/universe          = unknown

PATH: /usr/local/bin
PATH: /usr/bin
PATH: /bin
PATH: /usr/sbin
PATH: /sbin
PATH: /opt/X11/bin


## ----------- ##
## Core tests. ##
## ----------- ##

configure:2391: checking build system type
configure:2405: result: x86_64-apple-darwin15.6.0
configure:2425: checking host system type
configure:2438: result: x86_64-apple-darwin15.6.0
configure:2458: checking target system type
configure:2471: result: x86_64-apple-darwin15.6.0
configure:2514: checking for a BSD-compatible install
configure:2582: result: /usr/bin/install -c
configure:2593: checking whether build environment is sane
configure:2648: result: yes
configure:2799: checking for a thread-safe mkdir -p
configure:2838: result: ./install-sh -c -d
configure:2845: checking for gawk
configure:2875: result: no
configure:2845: checking for mawk
configure:2875: result: no
configure:2845: checking for nawk
configure:2875: result: no
configure:2845: checking for awk
configure:2861: found /usr/bin/awk
configure:2872: result: awk
configure:2883: checking whether make sets $(MAKE)
configure:2905: result: yes
configure:2934: checking whether make supports nested variables
configure:2951: result: yes
configure:3130: checking for gcc
configure:3146: found /usr/bin/gcc
configure:3157: result: gcc
configure:3386: checking for C compiler version
configure:3395: gcc --version >&5
Apple LLVM version 7.3.0 (clang-703.0.31)
Target: x86_64-apple-darwin15.6.0
Thread model: posix
InstalledDir: /Library/Developer/CommandLineTools/usr/bin
Configured with: --prefix=/Library/Developer/CommandLineTools/usr --with-gxx-include-dir=/usr/include/c++/4.2.1
configure:3406: $? = 0
configure:3395: gcc -v >&5
Configured with: --prefix=/Library/Developer/CommandLineTools/usr --with-gxx-include-dir=/usr/include/c++/4.2.1
Apple LLVM version 7.3.0 (clang-703.0.31)
Target: x86_64-apple-darwin15.6.0
Thread model: posix
InstalledDir: /Library/Developer/CommandLineTools/usr/bin
configure:3406: $? = 0
configure:3395: gcc -V >&5
clang: error: argument to '-V' is missing (expected 1 value)
clang: error: no input files
configure:3406: $? = 1
configure:3395: gcc -qversion >&5
clang: error: unknown argument: '-qversion'
clang: error: no input files
configure:3406: $? = 1
configure:3426: checking whether the C compiler works
configure:3448: gcc -g -O0 -I/Users/svetlana/include  -L/Users/svetlana/lib conftest.c  >&5
ld: warning: directory not found for option '-L/Users/svetlana/lib'
configure:3452: $? = 0
configure:3500: result: yes
configure:3503: checking for C compiler default output file name
configure:3505: result: a.out
configure:3511: checking for suffix of executables
configure:3518: gcc -o conftest -g -O0 -I/Users/svetlana/include  -L/Users/svetlana/lib conftest.c  >&5
ld: warning: directory not found for option '-L/Users/svetlana/lib'
configure:3522: $? = 0
configure:3544: result: 
configure:3566: checking whether we are cross compiling
configure:3574: gcc -o conftest -g -O0 -I/Users/svetlana/include  -L/Users/svetlana/lib conftest.c  >&5
ld: warning: directory not found for option '-L/Users/svetlana/lib'
configure:3578: $? = 0
configure:3585: ./conftest
configure:3589: $? = 0
configure:3604: result: no
configure:3609: checking for suffix of object files
configure:3631: gcc -c -g -O0 -I/Users/svetlana/include  conftest.c >&5
configure:3635: $? = 0
configure:3656: result: o
configure:3660: checking whether we are using the GNU C compiler
configure:3679: gcc -c -g -O0 -I/Users/svetlana/include  conftest.c >&5
configure:3679: $? = 0
configure:3688: result: yes
configure:3697: checking whether gcc accepts -g
configure:3717: gcc -c -g  conftest.c >&5
configure:3717: $? = 0
configure:3758: result: yes
configure:3775: checking for gcc option to accept ISO C89
configure:3838: gcc  -c -g -O0 -I/Users/svetlana/include  conftest.c >&5
configure:3838: $? = 0
configure:3851: result: none needed
configure:3876: checking whether gcc understands -c and -o together
configure:3898: gcc -c conftest.c -o conftest2.o
configure:3901: $? = 0
configure:3898: gcc -c conftest.c -o conftest2.o
configure:3901: $? = 0
configure:3913: result: yes
configure:3941: checking for style of include used by make
configure:3969: result: GNU
configure:3995: checking dependency style of gcc
configure:4106: result: gcc3
configure:4164: checking for ranlib
configure:4180: found /usr/bin/ranlib
configure:4191: result: ranlib
configure:4221: checking whether to enable maintainer-specific portions of Makefiles
configure:4230: result: no
configure:4302: checking how to run the C preprocessor
configure:4333: gcc -E  conftest.c
configure:4333: $? = 0
configure:4347: gcc -E  conftest.c
conftest.c:13:10: fatal error: 'ac_nonexistent.h' file not found
#include <ac_nonexistent.h>
         ^
1 error generated.
configure:4347: $? = 1
configure: failed program was:
| /* confdefs.h */
| #define PACKAGE_NAME "libbeato"
| #define PACKAGE_TARNAME "libbeato"
| #define PACKAGE_VERSION "1.0"
| #define PACKAGE_STRING "libbeato 1.0"
| #define PACKAGE_BUGREPORT ""
| #define PACKAGE_URL ""
| #define PACKAGE "libbeato"
| #define VERSION "1.0"
| #define COLOR32 1
| #define MACHTYPE_x86_64 /**/
| /* end confdefs.h.  */
| #include <ac_nonexistent.h>
configure:4372: result: gcc -E
configure:4392: gcc -E  conftest.c
configure:4392: $? = 0
configure:4406: gcc -E  conftest.c
conftest.c:13:10: fatal error: 'ac_nonexistent.h' file not found
#include <ac_nonexistent.h>
         ^
1 error generated.
configure:4406: $? = 1
configure: failed program was:
| /* confdefs.h */
| #define PACKAGE_NAME "libbeato"
| #define PACKAGE_TARNAME "libbeato"
| #define PACKAGE_VERSION "1.0"
| #define PACKAGE_STRING "libbeato 1.0"
| #define PACKAGE_BUGREPORT ""
| #define PACKAGE_URL ""
| #define PACKAGE "libbeato"
| #define VERSION "1.0"
| #define COLOR32 1
| #define MACHTYPE_x86_64 /**/
| /* end confdefs.h.  */
| #include <ac_nonexistent.h>
configure:4435: checking for grep that handles long lines and -e
configure:4493: result: /usr/bin/grep
configure:4498: checking for egrep
configure:4560: result: /usr/bin/grep -E
configure:4565: checking for ANSI C header files
configure:4585: gcc -c -g -O0 -I/Users/svetlana/include  conftest.c >&5
configure:4585: $? = 0
configure:4658: gcc -o conftest -g -O0 -I/Users/svetlana/include  -L/Users/svetlana/lib conftest.c  >&5
ld: warning: directory not found for option '-L/Users/svetlana/lib'
configure:4658: $? = 0
configure:4658: ./conftest
configure:4658: $? = 0
configure:4669: result: yes
configure:4682: checking for sys/types.h
configure:4682: gcc -c -g -O0 -I/Users/svetlana/include  conftest.c >&5
configure:4682: $? = 0
configure:4682: result: yes
configure:4682: checking for sys/stat.h
configure:4682: gcc -c -g -O0 -I/Users/svetlana/include  conftest.c >&5
configure:4682: $? = 0
configure:4682: result: yes
configure:4682: checking for stdlib.h
configure:4682: gcc -c -g -O0 -I/Users/svetlana/include  conftest.c >&5
configure:4682: $? = 0
configure:4682: result: yes
configure:4682: checking for string.h
configure:4682: gcc -c -g -O0 -I/Users/svetlana/include  conftest.c >&5
configure:4682: $? = 0
configure:4682: result: yes
configure:4682: checking for memory.h
configure:4682: gcc -c -g -O0 -I/Users/svetlana/include  conftest.c >&5
configure:4682: $? = 0
configure:4682: result: yes
configure:4682: checking for strings.h
configure:4682: gcc -c -g -O0 -I/Users/svetlana/include  conftest.c >&5
configure:4682: $? = 0
configure:4682: result: yes
configure:4682: checking for inttypes.h
configure:4682: gcc -c -g -O0 -I/Users/svetlana/include  conftest.c >&5
configure:4682: $? = 0
configure:4682: result: yes
configure:4682: checking for stdint.h
configure:4682: gcc -c -g -O0 -I/Users/svetlana/include  conftest.c >&5
configure:4682: $? = 0
configure:4682: result: yes
configure:4682: checking for unistd.h
configure:4682: gcc -c -g -O0 -I/Users/svetlana/include  conftest.c >&5
configure:4682: $? = 0
configure:4682: result: yes
configure:4697: checking arpa/inet.h usability
configure:4697: gcc -c -g -O0 -I/Users/svetlana/include  conftest.c >&5
configure:4697: $? = 0
configure:4697: result: yes
configure:4697: checking arpa/inet.h presence
configure:4697: gcc -E  conftest.c
configure:4697: $? = 0
configure:4697: result: yes
configure:4697: checking for arpa/inet.h
configure:4697: result: yes
configure:4697: checking fcntl.h usability
configure:4697: gcc -c -g -O0 -I/Users/svetlana/include  conftest.c >&5
configure:4697: $? = 0
configure:4697: result: yes
configure:4697: checking fcntl.h presence
configure:4697: gcc -E  conftest.c
configure:4697: $? = 0
configure:4697: result: yes
configure:4697: checking for fcntl.h
configure:4697: result: yes
configure:4697: checking float.h usability
configure:4697: gcc -c -g -O0 -I/Users/svetlana/include  conftest.c >&5
configure:4697: $? = 0
configure:4697: result: yes
configure:4697: checking float.h presence
configure:4697: gcc -E  conftest.c
configure:4697: $? = 0
configure:4697: result: yes
configure:4697: checking for float.h
configure:4697: result: yes
configure:4697: checking limits.h usability
configure:4697: gcc -c -g -O0 -I/Users/svetlana/include  conftest.c >&5
configure:4697: $? = 0
configure:4697: result: yes
configure:4697: checking limits.h presence
configure:4697: gcc -E  conftest.c
configure:4697: $? = 0
configure:4697: result: yes
configure:4697: checking for limits.h
configure:4697: result: yes
configure:4697: checking netdb.h usability
configure:4697: gcc -c -g -O0 -I/Users/svetlana/include  conftest.c >&5
configure:4697: $? = 0
configure:4697: result: yes
configure:4697: checking netdb.h presence
configure:4697: gcc -E  conftest.c
configure:4697: $? = 0
configure:4697: result: yes
configure:4697: checking for netdb.h
configure:4697: result: yes
configure:4697: checking math.h usability
configure:4697: gcc -c -g -O0 -I/Users/svetlana/include  conftest.c >&5
configure:4697: $? = 0
configure:4697: result: yes
configure:4697: checking math.h presence
configure:4697: gcc -E  conftest.c
configure:4697: $? = 0
configure:4697: result: yes
configure:4697: checking for math.h
configure:4697: result: yes
configure:4697: checking netinet/in.h usability
configure:4697: gcc -c -g -O0 -I/Users/svetlana/include  conftest.c >&5
configure:4697: $? = 0
configure:4697: result: yes
configure:4697: checking netinet/in.h presence
configure:4697: gcc -E  conftest.c
configure:4697: $? = 0
configure:4697: result: yes
configure:4697: checking for netinet/in.h
configure:4697: result: yes
configure:4697: checking pthread.h usability
configure:4697: gcc -c -g -O0 -I/Users/svetlana/include  conftest.c >&5
configure:4697: $? = 0
configure:4697: result: yes
configure:4697: checking pthread.h presence
configure:4697: gcc -E  conftest.c
configure:4697: $? = 0
configure:4697: result: yes
configure:4697: checking for pthread.h
configure:4697: result: yes
configure:4697: checking for stdlib.h
configure:4697: result: yes
configure:4697: checking for string.h
configure:4697: result: yes
configure:4697: checking for strings.h
configure:4697: result: yes
configure:4697: checking sys/file.h usability
configure:4697: gcc -c -g -O0 -I/Users/svetlana/include  conftest.c >&5
configure:4697: $? = 0
configure:4697: result: yes
configure:4697: checking sys/file.h presence
configure:4697: gcc -E  conftest.c
configure:4697: $? = 0
configure:4697: result: yes
configure:4697: checking for sys/file.h
configure:4697: result: yes
configure:4697: checking sys/socket.h usability
configure:4697: gcc -c -g -O0 -I/Users/svetlana/include  conftest.c >&5
configure:4697: $? = 0
configure:4697: result: yes
configure:4697: checking sys/socket.h presence
configure:4697: gcc -E  conftest.c
configure:4697: $? = 0
configure:4697: result: yes
configure:4697: checking for sys/socket.h
configure:4697: result: yes
configure:4697: checking sys/statvfs.h usability
configure:4697: gcc -c -g -O0 -I/Users/svetlana/include  conftest.c >&5
configure:4697: $? = 0
configure:4697: result: yes
configure:4697: checking sys/statvfs.h presence
configure:4697: gcc -E  conftest.c
configure:4697: $? = 0
configure:4697: result: yes
configure:4697: checking for sys/statvfs.h
configure:4697: result: yes
configure:4697: checking sys/time.h usability
configure:4697: gcc -c -g -O0 -I/Users/svetlana/include  conftest.c >&5
configure:4697: $? = 0
configure:4697: result: yes
configure:4697: checking sys/time.h presence
configure:4697: gcc -E  conftest.c
configure:4697: $? = 0
configure:4697: result: yes
configure:4697: checking for sys/time.h
configure:4697: result: yes
configure:4697: checking syslog.h usability
configure:4697: gcc -c -g -O0 -I/Users/svetlana/include  conftest.c >&5
configure:4697: $? = 0
configure:4697: result: yes
configure:4697: checking syslog.h presence
configure:4697: gcc -E  conftest.c
configure:4697: $? = 0
configure:4697: result: yes
configure:4697: checking for syslog.h
configure:4697: result: yes
configure:4697: checking termios.h usability
configure:4697: gcc -c -g -O0 -I/Users/svetlana/include  conftest.c >&5
configure:4697: $? = 0
configure:4697: result: yes
configure:4697: checking termios.h presence
configure:4697: gcc -E  conftest.c
configure:4697: $? = 0
configure:4697: result: yes
configure:4697: checking for termios.h
configure:4697: result: yes
configure:4697: checking for unistd.h
configure:4697: result: yes
configure:4697: checking utime.h usability
configure:4697: gcc -c -g -O0 -I/Users/svetlana/include  conftest.c >&5
configure:4697: $? = 0
configure:4697: result: yes
configure:4697: checking utime.h presence
configure:4697: gcc -E  conftest.c
configure:4697: $? = 0
configure:4697: result: yes
configure:4697: checking for utime.h
configure:4697: result: yes
configure:4697: checking zlib.h usability
configure:4697: gcc -c -g -O0 -I/Users/svetlana/include  conftest.c >&5
configure:4697: $? = 0
configure:4697: result: yes
configure:4697: checking zlib.h presence
configure:4697: gcc -E  conftest.c
configure:4697: $? = 0
configure:4697: result: yes
configure:4697: checking for zlib.h
configure:4697: result: yes
configure:4710: checking for library containing pthread_create
configure:4741: gcc -o conftest -g -O0 -I/Users/svetlana/include  -L/Users/svetlana/lib conftest.c  >&5
ld: warning: directory not found for option '-L/Users/svetlana/lib'
configure:4741: $? = 0
configure:4758: result: none required
configure:4777: checking for library containing pow
configure:4808: gcc -o conftest -g -O0 -I/Users/svetlana/include  -L/Users/svetlana/lib conftest.c  >&5
conftest.c:50:6: warning: incompatible redeclaration of library function 'pow' [-Wincompatible-library-redeclaration]
char pow ();
     ^
conftest.c:50:6: note: 'pow' is a builtin with type 'double (double, double)'
1 warning generated.
ld: warning: directory not found for option '-L/Users/svetlana/lib'
configure:4808: $? = 0
configure:4825: result: none required
configure:4844: checking for library containing pow
configure:4892: result: none required
configure:4911: checking for library containing zlibVersion
configure:4942: gcc -o conftest -g -O0 -I/Users/svetlana/include  -L/Users/svetlana/lib conftest.c  >&5
ld: warning: directory not found for option '-L/Users/svetlana/lib'
Undefined symbols for architecture x86_64:
  "_zlibVersion", referenced from:
      _main in conftest-d5650f.o
ld: symbol(s) not found for architecture x86_64
clang: error: linker command failed with exit code 1 (use -v to see invocation)
configure:4942: $? = 1
configure: failed program was:
| /* confdefs.h */
| #define PACKAGE_NAME "libbeato"
| #define PACKAGE_TARNAME "libbeato"
| #define PACKAGE_VERSION "1.0"
| #define PACKAGE_STRING "libbeato 1.0"
| #define PACKAGE_BUGREPORT ""
| #define PACKAGE_URL ""
| #define PACKAGE "libbeato"
| #define VERSION "1.0"
| #define COLOR32 1
| #define MACHTYPE_x86_64 /**/
| #define STDC_HEADERS 1
| #define HAVE_SYS_TYPES_H 1
| #define HAVE_SYS_STAT_H 1
| #define HAVE_STDLIB_H 1
| #define HAVE_STRING_H 1
| #define HAVE_MEMORY_H 1
| #define HAVE_STRINGS_H 1
| #define HAVE_INTTYPES_H 1
| #define HAVE_STDINT_H 1
| #define HAVE_UNISTD_H 1
| #define HAVE_ARPA_INET_H 1
| #define HAVE_FCNTL_H 1
| #define HAVE_FLOAT_H 1
| #define HAVE_LIMITS_H 1
| #define HAVE_NETDB_H 1
| #define HAVE_MATH_H 1
| #define HAVE_NETINET_IN_H 1
| #define HAVE_PTHREAD_H 1
| #define HAVE_STDLIB_H 1
| #define HAVE_STRING_H 1
| #define HAVE_STRINGS_H 1
| #define HAVE_SYS_FILE_H 1
| #define HAVE_SYS_SOCKET_H 1
| #define HAVE_SYS_STATVFS_H 1
| #define HAVE_SYS_TIME_H 1
| #define HAVE_SYSLOG_H 1
| #define HAVE_TERMIOS_H 1
| #define HAVE_UNISTD_H 1
| #define HAVE_UTIME_H 1
| #define HAVE_ZLIB_H 1
| /* end confdefs.h.  */
| 
| /* Override any GCC internal prototype to avoid an error.
|    Use char because int might match the return type of a GCC
|    builtin and then its argument prototype would still apply.  */
| #ifdef __cplusplus
| extern "C"
| #endif
| char zlibVersion ();
| int
| main ()
| {
| return zlibVersion ();
|   ;
|   return 0;
| }
configure:4942: gcc -o conftest -g -O0 -I/Users/svetlana/include  -L/Users/svetlana/lib conftest.c -lz   >&5
ld: warning: directory not found for option '-L/Users/svetlana/lib'
configure:4942: $? = 0
configure:4959: result: -lz
configure:4978: checking png.h usability
configure:4978: gcc -c -g -O0 -I/Users/svetlana/include  conftest.c >&5
configure:4978: $? = 0
configure:4978: result: yes
configure:4978: checking png.h presence
configure:4978: gcc -E  conftest.c
configure:4978: $? = 0
configure:4978: result: yes
configure:4978: checking for png.h
configure:4978: result: yes
configure:4980: checking for library containing png_read_png
configure:5011: gcc -o conftest -g -O0 -I/Users/svetlana/include  -L/Users/svetlana/lib conftest.c -lz  >&5
ld: warning: directory not found for option '-L/Users/svetlana/lib'
Undefined symbols for architecture x86_64:
  "_png_read_png", referenced from:
      _main in conftest-5510fd.o
ld: symbol(s) not found for architecture x86_64
clang: error: linker command failed with exit code 1 (use -v to see invocation)
configure:5011: $? = 1
configure: failed program was:
| /* confdefs.h */
| #define PACKAGE_NAME "libbeato"
| #define PACKAGE_TARNAME "libbeato"
| #define PACKAGE_VERSION "1.0"
| #define PACKAGE_STRING "libbeato 1.0"
| #define PACKAGE_BUGREPORT ""
| #define PACKAGE_URL ""
| #define PACKAGE "libbeato"
| #define VERSION "1.0"
| #define COLOR32 1
| #define MACHTYPE_x86_64 /**/
| #define STDC_HEADERS 1
| #define HAVE_SYS_TYPES_H 1
| #define HAVE_SYS_STAT_H 1
| #define HAVE_STDLIB_H 1
| #define HAVE_STRING_H 1
| #define HAVE_MEMORY_H 1
| #define HAVE_STRINGS_H 1
| #define HAVE_INTTYPES_H 1
| #define HAVE_STDINT_H 1
| #define HAVE_UNISTD_H 1
| #define HAVE_ARPA_INET_H 1
| #define HAVE_FCNTL_H 1
| #define HAVE_FLOAT_H 1
| #define HAVE_LIMITS_H 1
| #define HAVE_NETDB_H 1
| #define HAVE_MATH_H 1
| #define HAVE_NETINET_IN_H 1
| #define HAVE_PTHREAD_H 1
| #define HAVE_STDLIB_H 1
| #define HAVE_STRING_H 1
| #define HAVE_STRINGS_H 1
| #define HAVE_SYS_FILE_H 1
| #define HAVE_SYS_SOCKET_H 1
| #define HAVE_SYS_STATVFS_H 1
| #define HAVE_SYS_TIME_H 1
| #define HAVE_SYSLOG_H 1
| #define HAVE_TERMIOS_H 1
| #define HAVE_UNISTD_H 1
| #define HAVE_UTIME_H 1
| #define HAVE_ZLIB_H 1
| /* end confdefs.h.  */
| 
| /* Override any GCC internal prototype to avoid an error.
|    Use char because int might match the return type of a GCC
|    builtin and then its argument prototype would still apply.  */
| #ifdef __cplusplus
| extern "C"
| #endif
| char png_read_png ();
| int
| main ()
| {
| return png_read_png ();
|   ;
|   return 0;
| }
configure:5011: gcc -o conftest -g -O0 -I/Users/svetlana/include  -L/Users/svetlana/lib conftest.c -lpng  -lz  >&5
ld: warning: directory not found for option '-L/Users/svetlana/lib'
configure:5011: $? = 0
configure:5028: result: -lpng
configure:5061: checking openssl/ssl.h usability
configure:5061: gcc -c -g -O0 -I/Users/svetlana/include  conftest.c >&5
conftest.c:77:10: fatal error: 'openssl/ssl.h' file not found
#include <openssl/ssl.h>
         ^
1 error generated.
configure:5061: $? = 1
configure: failed program was:
| /* confdefs.h */
| #define PACKAGE_NAME "libbeato"
| #define PACKAGE_TARNAME "libbeato"
| #define PACKAGE_VERSION "1.0"
| #define PACKAGE_STRING "libbeato 1.0"
| #define PACKAGE_BUGREPORT ""
| #define PACKAGE_URL ""
| #define PACKAGE "libbeato"
| #define VERSION "1.0"
| #define COLOR32 1
| #define MACHTYPE_x86_64 /**/
| #define STDC_HEADERS 1
| #define HAVE_SYS_TYPES_H 1
| #define HAVE_SYS_STAT_H 1
| #define HAVE_STDLIB_H 1
| #define HAVE_STRING_H 1
| #define HAVE_MEMORY_H 1
| #define HAVE_STRINGS_H 1
| #define HAVE_INTTYPES_H 1
| #define HAVE_STDINT_H 1
| #define HAVE_UNISTD_H 1
| #define HAVE_ARPA_INET_H 1
| #define HAVE_FCNTL_H 1
| #define HAVE_FLOAT_H 1
| #define HAVE_LIMITS_H 1
| #define HAVE_NETDB_H 1
| #define HAVE_MATH_H 1
| #define HAVE_NETINET_IN_H 1
| #define HAVE_PTHREAD_H 1
| #define HAVE_STDLIB_H 1
| #define HAVE_STRING_H 1
| #define HAVE_STRINGS_H 1
| #define HAVE_SYS_FILE_H 1
| #define HAVE_SYS_SOCKET_H 1
| #define HAVE_SYS_STATVFS_H 1
| #define HAVE_SYS_TIME_H 1
| #define HAVE_SYSLOG_H 1
| #define HAVE_TERMIOS_H 1
| #define HAVE_UNISTD_H 1
| #define HAVE_UTIME_H 1
| #define HAVE_ZLIB_H 1
| #define USE_PNG 1
| /* end confdefs.h.  */
| #include <stdio.h>
| #ifdef HAVE_SYS_TYPES_H
| # include <sys/types.h>
| #endif
| #ifdef HAVE_SYS_STAT_H
| # include <sys/stat.h>
| #endif
| #ifdef STDC_HEADERS
| # include <stdlib.h>
| # include <stddef.h>
| #else
| # ifdef HAVE_STDLIB_H
| #  include <stdlib.h>
| # endif
| #endif
| #ifdef HAVE_STRING_H
| # if !defined STDC_HEADERS && defined HAVE_MEMORY_H
| #  include <memory.h>
| # endif
| # include <string.h>
| #endif
| #ifdef HAVE_STRINGS_H
| # include <strings.h>
| #endif
| #ifdef HAVE_INTTYPES_H
| # include <inttypes.h>
| #endif
| #ifdef HAVE_STDINT_H
| # include <stdint.h>
| #endif
| #ifdef HAVE_UNISTD_H
| # include <unistd.h>
| #endif
| #include <openssl/ssl.h>
configure:5061: result: no
configure:5061: checking openssl/ssl.h presence
configure:5061: gcc -E  conftest.c
conftest.c:44:10: fatal error: 'openssl/ssl.h' file not found
#include <openssl/ssl.h>
         ^
1 error generated.
configure:5061: $? = 1
configure: failed program was:
| /* confdefs.h */
| #define PACKAGE_NAME "libbeato"
| #define PACKAGE_TARNAME "libbeato"
| #define PACKAGE_VERSION "1.0"
| #define PACKAGE_STRING "libbeato 1.0"
| #define PACKAGE_BUGREPORT ""
| #define PACKAGE_URL ""
| #define PACKAGE "libbeato"
| #define VERSION "1.0"
| #define COLOR32 1
| #define MACHTYPE_x86_64 /**/
| #define STDC_HEADERS 1
| #define HAVE_SYS_TYPES_H 1
| #define HAVE_SYS_STAT_H 1
| #define HAVE_STDLIB_H 1
| #define HAVE_STRING_H 1
| #define HAVE_MEMORY_H 1
| #define HAVE_STRINGS_H 1
| #define HAVE_INTTYPES_H 1
| #define HAVE_STDINT_H 1
| #define HAVE_UNISTD_H 1
| #define HAVE_ARPA_INET_H 1
| #define HAVE_FCNTL_H 1
| #define HAVE_FLOAT_H 1
| #define HAVE_LIMITS_H 1
| #define HAVE_NETDB_H 1
| #define HAVE_MATH_H 1
| #define HAVE_NETINET_IN_H 1
| #define HAVE_PTHREAD_H 1
| #define HAVE_STDLIB_H 1
| #define HAVE_STRING_H 1
| #define HAVE_STRINGS_H 1
| #define HAVE_SYS_FILE_H 1
| #define HAVE_SYS_SOCKET_H 1
| #define HAVE_SYS_STATVFS_H 1
| #define HAVE_SYS_TIME_H 1
| #define HAVE_SYSLOG_H 1
| #define HAVE_TERMIOS_H 1
| #define HAVE_UNISTD_H 1
| #define HAVE_UTIME_H 1
| #define HAVE_ZLIB_H 1
| #define USE_PNG 1
| /* end confdefs.h.  */
| #include <openssl/ssl.h>
configure:5061: result: no
configure:5061: checking for openssl/ssl.h
configure:5061: result: no
configure:5061: checking openssl/err.h usability
configure:5061: gcc -c -g -O0 -I/Users/svetlana/include  conftest.c >&5
conftest.c:77:10: fatal error: 'openssl/err.h' file not found
#include <openssl/err.h>
         ^
1 error generated.
configure:5061: $? = 1
configure: failed program was:
| /* confdefs.h */
| #define PACKAGE_NAME "libbeato"
| #define PACKAGE_TARNAME "libbeato"
| #define PACKAGE_VERSION "1.0"
| #define PACKAGE_STRING "libbeato 1.0"
| #define PACKAGE_BUGREPORT ""
| #define PACKAGE_URL ""
| #define PACKAGE "libbeato"
| #define VERSION "1.0"
| #define COLOR32 1
| #define MACHTYPE_x86_64 /**/
| #define STDC_HEADERS 1
| #define HAVE_SYS_TYPES_H 1
| #define HAVE_SYS_STAT_H 1
| #define HAVE_STDLIB_H 1
| #define HAVE_STRING_H 1
| #define HAVE_MEMORY_H 1
| #define HAVE_STRINGS_H 1
| #define HAVE_INTTYPES_H 1
| #define HAVE_STDINT_H 1
| #define HAVE_UNISTD_H 1
| #define HAVE_ARPA_INET_H 1
| #define HAVE_FCNTL_H 1
| #define HAVE_FLOAT_H 1
| #define HAVE_LIMITS_H 1
| #define HAVE_NETDB_H 1
| #define HAVE_MATH_H 1
| #define HAVE_NETINET_IN_H 1
| #define HAVE_PTHREAD_H 1
| #define HAVE_STDLIB_H 1
| #define HAVE_STRING_H 1
| #define HAVE_STRINGS_H 1
| #define HAVE_SYS_FILE_H 1
| #define HAVE_SYS_SOCKET_H 1
| #define HAVE_SYS_STATVFS_H 1
| #define HAVE_SYS_TIME_H 1
| #define HAVE_SYSLOG_H 1
| #define HAVE_TERMIOS_H 1
| #define HAVE_UNISTD_H 1
| #define HAVE_UTIME_H 1
| #define HAVE_ZLIB_H 1
| #define USE_PNG 1
| /* end confdefs.h.  */
| #include <stdio.h>
| #ifdef HAVE_SYS_TYPES_H
| # include <sys/types.h>
| #endif
| #ifdef HAVE_SYS_STAT_H
| # include <sys/stat.h>
| #endif
| #ifdef STDC_HEADERS
| # include <stdlib.h>
| # include <stddef.h>
| #else
| # ifdef HAVE_STDLIB_H
| #  include <stdlib.h>
| # endif
| #endif
| #ifdef HAVE_STRING_H
| # if !defined STDC_HEADERS && defined HAVE_MEMORY_H
| #  include <memory.h>
| # endif
| # include <string.h>
| #endif
| #ifdef HAVE_STRINGS_H
| # include <strings.h>
| #endif
| #ifdef HAVE_INTTYPES_H
| # include <inttypes.h>
| #endif
| #ifdef HAVE_STDINT_H
| # include <stdint.h>
| #endif
| #ifdef HAVE_UNISTD_H
| # include <unistd.h>
| #endif
| #include <openssl/err.h>
configure:5061: result: no
configure:5061: checking openssl/err.h presence
configure:5061: gcc -E  conftest.c
conftest.c:44:10: fatal error: 'openssl/err.h' file not found
#include <openssl/err.h>
         ^
1 error generated.
configure:5061: $? = 1
configure: failed program was:
| /* confdefs.h */
| #define PACKAGE_NAME "libbeato"
| #define PACKAGE_TARNAME "libbeato"
| #define PACKAGE_VERSION "1.0"
| #define PACKAGE_STRING "libbeato 1.0"
| #define PACKAGE_BUGREPORT ""
| #define PACKAGE_URL ""
| #define PACKAGE "libbeato"
| #define VERSION "1.0"
| #define COLOR32 1
| #define MACHTYPE_x86_64 /**/
| #define STDC_HEADERS 1
| #define HAVE_SYS_TYPES_H 1
| #define HAVE_SYS_STAT_H 1
| #define HAVE_STDLIB_H 1
| #define HAVE_STRING_H 1
| #define HAVE_MEMORY_H 1
| #define HAVE_STRINGS_H 1
| #define HAVE_INTTYPES_H 1
| #define HAVE_STDINT_H 1
| #define HAVE_UNISTD_H 1
| #define HAVE_ARPA_INET_H 1
| #define HAVE_FCNTL_H 1
| #define HAVE_FLOAT_H 1
| #define HAVE_LIMITS_H 1
| #define HAVE_NETDB_H 1
| #define HAVE_MATH_H 1
| #define HAVE_NETINET_IN_H 1
| #define HAVE_PTHREAD_H 1
| #define HAVE_STDLIB_H 1
| #define HAVE_STRING_H 1
| #define HAVE_STRINGS_H 1
| #define HAVE_SYS_FILE_H 1
| #define HAVE_SYS_SOCKET_H 1
| #define HAVE_SYS_STATVFS_H 1
| #define HAVE_SYS_TIME_H 1
| #define HAVE_SYSLOG_H 1
| #define HAVE_TERMIOS_H 1
| #define HAVE_UNISTD_H 1
| #define HAVE_UTIME_H 1
| #define HAVE_ZLIB_H 1
| #define USE_PNG 1
| /* end confdefs.h.  */
| #include <openssl/err.h>
configure:5061: result: no
configure:5061: checking for openssl/err.h
configure:5061: result: no
configure:5078: checking for library containing hts_version
configure:5109: gcc -o conftest -g -O0 -I/Users/svetlana/include  -L/Users/svetlana/lib conftest.c -lpng -lz  >&5
ld: warning: directory not found for option '-L/Users/svetlana/lib'
Undefined symbols for architecture x86_64:
  "_hts_version", referenced from:
      _main in conftest-c45c11.o
ld: symbol(s) not found for architecture x86_64
clang: error: linker command failed with exit code 1 (use -v to see invocation)
configure:5109: $? = 1
configure: failed program was:
| /* confdefs.h */
| #define PACKAGE_NAME "libbeato"
| #define PACKAGE_TARNAME "libbeato"
| #define PACKAGE_VERSION "1.0"
| #define PACKAGE_STRING "libbeato 1.0"
| #define PACKAGE_BUGREPORT ""
| #define PACKAGE_URL ""
| #define PACKAGE "libbeato"
| #define VERSION "1.0"
| #define COLOR32 1
| #define MACHTYPE_x86_64 /**/
| #define STDC_HEADERS 1
| #define HAVE_SYS_TYPES_H 1
| #define HAVE_SYS_STAT_H 1
| #define HAVE_STDLIB_H 1
| #define HAVE_STRING_H 1
| #define HAVE_MEMORY_H 1
| #define HAVE_STRINGS_H 1
| #define HAVE_INTTYPES_H 1
| #define HAVE_STDINT_H 1
| #define HAVE_UNISTD_H 1
| #define HAVE_ARPA_INET_H 1
| #define HAVE_FCNTL_H 1
| #define HAVE_FLOAT_H 1
| #define HAVE_LIMITS_H 1
| #define HAVE_NETDB_H 1
| #define HAVE_MATH_H 1
| #define HAVE_NETINET_IN_H 1
| #define HAVE_PTHREAD_H 1
| #define HAVE_STDLIB_H 1
| #define HAVE_STRING_H 1
| #define HAVE_STRINGS_H 1
| #define HAVE_SYS_FILE_H 1
| #define HAVE_SYS_SOCKET_H 1
| #define HAVE_SYS_STATVFS_H 1
| #define HAVE_SYS_TIME_H 1
| #define HAVE_SYSLOG_H 1
| #define HAVE_TERMIOS_H 1
| #define HAVE_UNISTD_H 1
| #define HAVE_UTIME_H 1
| #define HAVE_ZLIB_H 1
| #define USE_PNG 1
| /* end confdefs.h.  */
| 
| /* Override any GCC internal prototype to avoid an error.
|    Use char because int might match the return type of a GCC
|    builtin and then its argument prototype would still apply.  */
| #ifdef __cplusplus
| extern "C"
| #endif
| char hts_version ();
| int
| main ()
| {
| return hts_version ();
|   ;
|   return 0;
| }
configure:5109: gcc -o conftest -g -O0 -I/Users/svetlana/include  -L/Users/svetlana/lib conftest.c -lhts  -lpng -lz  >&5
ld: warning: directory not found for option '-L/Users/svetlana/lib'
ld: library not found for -lhts
clang: error: linker command failed with exit code 1 (use -v to see invocation)
configure:5109: $? = 1
configure: failed program was:
| /* confdefs.h */
| #define PACKAGE_NAME "libbeato"
| #define PACKAGE_TARNAME "libbeato"
| #define PACKAGE_VERSION "1.0"
| #define PACKAGE_STRING "libbeato 1.0"
| #define PACKAGE_BUGREPORT ""
| #define PACKAGE_URL ""
| #define PACKAGE "libbeato"
| #define VERSION "1.0"
| #define COLOR32 1
| #define MACHTYPE_x86_64 /**/
| #define STDC_HEADERS 1
| #define HAVE_SYS_TYPES_H 1
| #define HAVE_SYS_STAT_H 1
| #define HAVE_STDLIB_H 1
| #define HAVE_STRING_H 1
| #define HAVE_MEMORY_H 1
| #define HAVE_STRINGS_H 1
| #define HAVE_INTTYPES_H 1
| #define HAVE_STDINT_H 1
| #define HAVE_UNISTD_H 1
| #define HAVE_ARPA_INET_H 1
| #define HAVE_FCNTL_H 1
| #define HAVE_FLOAT_H 1
| #define HAVE_LIMITS_H 1
| #define HAVE_NETDB_H 1
| #define HAVE_MATH_H 1
| #define HAVE_NETINET_IN_H 1
| #define HAVE_PTHREAD_H 1
| #define HAVE_STDLIB_H 1
| #define HAVE_STRING_H 1
| #define HAVE_STRINGS_H 1
| #define HAVE_SYS_FILE_H 1
| #define HAVE_SYS_SOCKET_H 1
| #define HAVE_SYS_STATVFS_H 1
| #define HAVE_SYS_TIME_H 1
| #define HAVE_SYSLOG_H 1
| #define HAVE_TERMIOS_H 1
| #define HAVE_UNISTD_H 1
| #define HAVE_UTIME_H 1
| #define HAVE_ZLIB_H 1
| #define USE_PNG 1
| /* end confdefs.h.  */
| 
| /* Override any GCC internal prototype to avoid an error.
|    Use char because int might match the return type of a GCC
|    builtin and then its argument prototype would still apply.  */
| #ifdef __cplusplus
| extern "C"
| #endif
| char hts_version ();
| int
| main ()
| {
| return hts_version ();
|   ;
|   return 0;
| }
configure:5126: result: no
configure:5150: checking for special C compiler options needed for large files
configure:5195: result: no
configure:5201: checking for _FILE_OFFSET_BITS value needed for large files
configure:5226: gcc -c -g -O0 -I/Users/svetlana/include  conftest.c >&5
configure:5226: $? = 0
configure:5258: result: no
configure:5345: checking for stdbool.h that conforms to C99
configure:5412: gcc -c -g -O0 -I/Users/svetlana/include  conftest.c >&5
conftest.c:93:24: warning: address of 's' will always evaluate to 'true' [-Wpointer-bool-conversion]
             bool e = &s;
                  ~    ^
conftest.c:97:23: warning: address of array 'a' will always evaluate to 'true' [-Wpointer-bool-conversion]
             return (!a + !b + !c + !d + !e + !f + !g + !h + !i + !!j + !k + !!l
                     ~^
conftest.c:97:28: warning: address of array 'b' will always evaluate to 'true' [-Wpointer-bool-conversion]
             return (!a + !b + !c + !d + !e + !f + !g + !h + !i + !!j + !k + !!l
                          ~^
conftest.c:97:33: warning: address of array 'c' will always evaluate to 'true' [-Wpointer-bool-conversion]
             return (!a + !b + !c + !d + !e + !f + !g + !h + !i + !!j + !k + !!l
                               ~^
conftest.c:97:38: warning: address of array 'd' will always evaluate to 'true' [-Wpointer-bool-conversion]
             return (!a + !b + !c + !d + !e + !f + !g + !h + !i + !!j + !k + !!l
                                    ~^
conftest.c:97:48: warning: address of array 'f' will always evaluate to 'true' [-Wpointer-bool-conversion]
             return (!a + !b + !c + !d + !e + !f + !g + !h + !i + !!j + !k + !!l
                                              ~^
conftest.c:97:53: warning: address of array 'g' will always evaluate to 'true' [-Wpointer-bool-conversion]
             return (!a + !b + !c + !d + !e + !f + !g + !h + !i + !!j + !k + !!l
                                                   ~^
conftest.c:97:58: warning: address of array 'h' will always evaluate to 'true' [-Wpointer-bool-conversion]
             return (!a + !b + !c + !d + !e + !f + !g + !h + !i + !!j + !k + !!l
                                                        ~^
conftest.c:97:63: warning: address of array 'i' will always evaluate to 'true' [-Wpointer-bool-conversion]
             return (!a + !b + !c + !d + !e + !f + !g + !h + !i + !!j + !k + !!l
                                                             ~^
conftest.c:98:30: warning: address of array 'n' will always evaluate to 'true' [-Wpointer-bool-conversion]
                            ~^
conftest.c:98:35: warning: address of array 'o' will always evaluate to 'true' [-Wpointer-bool-conversion]
                                 ~^
conftest.c:98:40: warning: address of array 'p' will always evaluate to 'true' [-Wpointer-bool-conversion]
                                      ~^
12 warnings generated.
configure:5412: $? = 0
configure:5419: result: yes
configure:5421: checking for _Bool
configure:5421: gcc -c -g -O0 -I/Users/svetlana/include  conftest.c >&5
configure:5421: $? = 0
configure:5421: gcc -c -g -O0 -I/Users/svetlana/include  conftest.c >&5
conftest.c:80:20: error: expected expression
if (sizeof ((_Bool)))
                   ^
1 error generated.
configure:5421: $? = 1
configure: failed program was:
| /* confdefs.h */
| #define PACKAGE_NAME "libbeato"
| #define PACKAGE_TARNAME "libbeato"
| #define PACKAGE_VERSION "1.0"
| #define PACKAGE_STRING "libbeato 1.0"
| #define PACKAGE_BUGREPORT ""
| #define PACKAGE_URL ""
| #define PACKAGE "libbeato"
| #define VERSION "1.0"
| #define COLOR32 1
| #define MACHTYPE_x86_64 /**/
| #define STDC_HEADERS 1
| #define HAVE_SYS_TYPES_H 1
| #define HAVE_SYS_STAT_H 1
| #define HAVE_STDLIB_H 1
| #define HAVE_STRING_H 1
| #define HAVE_MEMORY_H 1
| #define HAVE_STRINGS_H 1
| #define HAVE_INTTYPES_H 1
| #define HAVE_STDINT_H 1
| #define HAVE_UNISTD_H 1
| #define HAVE_ARPA_INET_H 1
| #define HAVE_FCNTL_H 1
| #define HAVE_FLOAT_H 1
| #define HAVE_LIMITS_H 1
| #define HAVE_NETDB_H 1
| #define HAVE_MATH_H 1
| #define HAVE_NETINET_IN_H 1
| #define HAVE_PTHREAD_H 1
| #define HAVE_STDLIB_H 1
| #define HAVE_STRING_H 1
| #define HAVE_STRINGS_H 1
| #define HAVE_SYS_FILE_H 1
| #define HAVE_SYS_SOCKET_H 1
| #define HAVE_SYS_STATVFS_H 1
| #define HAVE_SYS_TIME_H 1
| #define HAVE_SYSLOG_H 1
| #define HAVE_TERMIOS_H 1
| #define HAVE_UNISTD_H 1
| #define HAVE_UTIME_H 1
| #define HAVE_ZLIB_H 1
| #define USE_PNG 1
| /* end confdefs.h.  */
| #include <stdio.h>
| #ifdef HAVE_SYS_TYPES_H
| # include <sys/types.h>
| #endif
| #ifdef HAVE_SYS_STAT_H
| # include <sys/stat.h>
| #endif
| #ifdef STDC_HEADERS
| # include <stdlib.h>
| # include <stddef.h>
| #else
| # ifdef HAVE_STDLIB_H
| #  include <stdlib.h>
| # endif
| #endif
| #ifdef HAVE_STRING_H
| # if !defined STDC_HEADERS && defined HAVE_MEMORY_H
| #  include <memory.h>
| # endif
| # include <string.h>
| #endif
| #ifdef HAVE_STRINGS_H
| # include <strings.h>
| #endif
| #ifdef HAVE_INTTYPES_H
| # include <inttypes.h>
| #endif
| #ifdef HAVE_STDINT_H
| # include <stdint.h>
| #endif
| #ifdef HAVE_UNISTD_H
| # include <unistd.h>
| #endif
| int
| main ()
| {
| if (sizeof ((_Bool)))
| 	    return 0;
|   ;
|   return 0;
| }
configure:5421: result: yes
configure:5438: checking for inline
configure:5454: gcc -c -g -O0 -I/Users/svetlana/include  conftest.c >&5
configure:5454: $? = 0
configure:5462: result: inline
configure:5480: checking for int16_t
configure:5480: gcc -c -g -O0 -I/Users/svetlana/include  conftest.c >&5
configure:5480: $? = 0
configure:5480: gcc -c -g -O0 -I/Users/svetlana/include  conftest.c >&5
conftest.c:83:24: error: 'test_array' declared as an array with a negative size
static int test_array [1 - 2 * !((int16_t) (((((int16_t) 1 << N) << N) - 1) * 2 + 1)
                       ^~~~~~~~~~~~~~~~~~~~~~~~~~~~~~~~~~~~~~~~~~~~~~~~~~~~~~~~~~~~~
1 error generated.
configure:5480: $? = 1
configure: failed program was:
| /* confdefs.h */
| #define PACKAGE_NAME "libbeato"
| #define PACKAGE_TARNAME "libbeato"
| #define PACKAGE_VERSION "1.0"
| #define PACKAGE_STRING "libbeato 1.0"
| #define PACKAGE_BUGREPORT ""
| #define PACKAGE_URL ""
| #define PACKAGE "libbeato"
| #define VERSION "1.0"
| #define COLOR32 1
| #define MACHTYPE_x86_64 /**/
| #define STDC_HEADERS 1
| #define HAVE_SYS_TYPES_H 1
| #define HAVE_SYS_STAT_H 1
| #define HAVE_STDLIB_H 1
| #define HAVE_STRING_H 1
| #define HAVE_MEMORY_H 1
| #define HAVE_STRINGS_H 1
| #define HAVE_INTTYPES_H 1
| #define HAVE_STDINT_H 1
| #define HAVE_UNISTD_H 1
| #define HAVE_ARPA_INET_H 1
| #define HAVE_FCNTL_H 1
| #define HAVE_FLOAT_H 1
| #define HAVE_LIMITS_H 1
| #define HAVE_NETDB_H 1
| #define HAVE_MATH_H 1
| #define HAVE_NETINET_IN_H 1
| #define HAVE_PTHREAD_H 1
| #define HAVE_STDLIB_H 1
| #define HAVE_STRING_H 1
| #define HAVE_STRINGS_H 1
| #define HAVE_SYS_FILE_H 1
| #define HAVE_SYS_SOCKET_H 1
| #define HAVE_SYS_STATVFS_H 1
| #define HAVE_SYS_TIME_H 1
| #define HAVE_SYSLOG_H 1
| #define HAVE_TERMIOS_H 1
| #define HAVE_UNISTD_H 1
| #define HAVE_UTIME_H 1
| #define HAVE_ZLIB_H 1
| #define USE_PNG 1
| #define HAVE__BOOL 1
| #define HAVE_STDBOOL_H 1
| /* end confdefs.h.  */
| #include <stdio.h>
| #ifdef HAVE_SYS_TYPES_H
| # include <sys/types.h>
| #endif
| #ifdef HAVE_SYS_STAT_H
| # include <sys/stat.h>
| #endif
| #ifdef STDC_HEADERS
| # include <stdlib.h>
| # include <stddef.h>
| #else
| # ifdef HAVE_STDLIB_H
| #  include <stdlib.h>
| # endif
| #endif
| #ifdef HAVE_STRING_H
| # if !defined STDC_HEADERS && defined HAVE_MEMORY_H
| #  include <memory.h>
| # endif
| # include <string.h>
| #endif
| #ifdef HAVE_STRINGS_H
| # include <strings.h>
| #endif
| #ifdef HAVE_INTTYPES_H
| # include <inttypes.h>
| #endif
| #ifdef HAVE_STDINT_H
| # include <stdint.h>
| #endif
| #ifdef HAVE_UNISTD_H
| # include <unistd.h>
| #endif
| 	        enum { N = 16 / 2 - 1 };
| int
| main ()
| {
| static int test_array [1 - 2 * !((int16_t) (((((int16_t) 1 << N) << N) - 1) * 2 + 1)
| 		 < (int16_t) (((((int16_t) 1 << N) << N) - 1) * 2 + 2))];
| test_array [0] = 0;
| return test_array [0];
| 
|   ;
|   return 0;
| }
configure:5480: result: yes
configure:5491: checking for int32_t
configure:5491: gcc -c -g -O0 -I/Users/svetlana/include  conftest.c >&5
configure:5491: $? = 0
configure:5491: gcc -c -g -O0 -I/Users/svetlana/include  conftest.c >&5
conftest.c:83:24: error: 'test_array' declared as an array with a negative size
static int test_array [1 - 2 * !((int32_t) (((((int32_t) 1 << N) << N) - 1) * 2 + 1)
                       ^~~~~~~~~~~~~~~~~~~~~~~~~~~~~~~~~~~~~~~~~~~~~~~~~~~~~~~~~~~~~
1 error generated.
configure:5491: $? = 1
configure: failed program was:
| /* confdefs.h */
| #define PACKAGE_NAME "libbeato"
| #define PACKAGE_TARNAME "libbeato"
| #define PACKAGE_VERSION "1.0"
| #define PACKAGE_STRING "libbeato 1.0"
| #define PACKAGE_BUGREPORT ""
| #define PACKAGE_URL ""
| #define PACKAGE "libbeato"
| #define VERSION "1.0"
| #define COLOR32 1
| #define MACHTYPE_x86_64 /**/
| #define STDC_HEADERS 1
| #define HAVE_SYS_TYPES_H 1
| #define HAVE_SYS_STAT_H 1
| #define HAVE_STDLIB_H 1
| #define HAVE_STRING_H 1
| #define HAVE_MEMORY_H 1
| #define HAVE_STRINGS_H 1
| #define HAVE_INTTYPES_H 1
| #define HAVE_STDINT_H 1
| #define HAVE_UNISTD_H 1
| #define HAVE_ARPA_INET_H 1
| #define HAVE_FCNTL_H 1
| #define HAVE_FLOAT_H 1
| #define HAVE_LIMITS_H 1
| #define HAVE_NETDB_H 1
| #define HAVE_MATH_H 1
| #define HAVE_NETINET_IN_H 1
| #define HAVE_PTHREAD_H 1
| #define HAVE_STDLIB_H 1
| #define HAVE_STRING_H 1
| #define HAVE_STRINGS_H 1
| #define HAVE_SYS_FILE_H 1
| #define HAVE_SYS_SOCKET_H 1
| #define HAVE_SYS_STATVFS_H 1
| #define HAVE_SYS_TIME_H 1
| #define HAVE_SYSLOG_H 1
| #define HAVE_TERMIOS_H 1
| #define HAVE_UNISTD_H 1
| #define HAVE_UTIME_H 1
| #define HAVE_ZLIB_H 1
| #define USE_PNG 1
| #define HAVE__BOOL 1
| #define HAVE_STDBOOL_H 1
| /* end confdefs.h.  */
| #include <stdio.h>
| #ifdef HAVE_SYS_TYPES_H
| # include <sys/types.h>
| #endif
| #ifdef HAVE_SYS_STAT_H
| # include <sys/stat.h>
| #endif
| #ifdef STDC_HEADERS
| # include <stdlib.h>
| # include <stddef.h>
| #else
| # ifdef HAVE_STDLIB_H
| #  include <stdlib.h>
| # endif
| #endif
| #ifdef HAVE_STRING_H
| # if !defined STDC_HEADERS && defined HAVE_MEMORY_H
| #  include <memory.h>
| # endif
| # include <string.h>
| #endif
| #ifdef HAVE_STRINGS_H
| # include <strings.h>
| #endif
| #ifdef HAVE_INTTYPES_H
| # include <inttypes.h>
| #endif
| #ifdef HAVE_STDINT_H
| # include <stdint.h>
| #endif
| #ifdef HAVE_UNISTD_H
| # include <unistd.h>
| #endif
| 	        enum { N = 32 / 2 - 1 };
| int
| main ()
| {
| static int test_array [1 - 2 * !((int32_t) (((((int32_t) 1 << N) << N) - 1) * 2 + 1)
| 		 < (int32_t) (((((int32_t) 1 << N) << N) - 1) * 2 + 2))];
| test_array [0] = 0;
| return test_array [0];
| 
|   ;
|   return 0;
| }
configure:5491: result: yes
configure:5502: checking for int64_t
configure:5502: gcc -c -g -O0 -I/Users/svetlana/include  conftest.c >&5
configure:5502: $? = 0
configure:5502: gcc -c -g -O0 -I/Users/svetlana/include  conftest.c >&5
conftest.c:83:24: error: 'test_array' declared as an array with a negative size
static int test_array [1 - 2 * !((int64_t) (((((int64_t) 1 << N) << N) - 1) * 2 + 1)
                       ^~~~~~~~~~~~~~~~~~~~~~~~~~~~~~~~~~~~~~~~~~~~~~~~~~~~~~~~~~~~~
1 error generated.
configure:5502: $? = 1
configure: failed program was:
| /* confdefs.h */
| #define PACKAGE_NAME "libbeato"
| #define PACKAGE_TARNAME "libbeato"
| #define PACKAGE_VERSION "1.0"
| #define PACKAGE_STRING "libbeato 1.0"
| #define PACKAGE_BUGREPORT ""
| #define PACKAGE_URL ""
| #define PACKAGE "libbeato"
| #define VERSION "1.0"
| #define COLOR32 1
| #define MACHTYPE_x86_64 /**/
| #define STDC_HEADERS 1
| #define HAVE_SYS_TYPES_H 1
| #define HAVE_SYS_STAT_H 1
| #define HAVE_STDLIB_H 1
| #define HAVE_STRING_H 1
| #define HAVE_MEMORY_H 1
| #define HAVE_STRINGS_H 1
| #define HAVE_INTTYPES_H 1
| #define HAVE_STDINT_H 1
| #define HAVE_UNISTD_H 1
| #define HAVE_ARPA_INET_H 1
| #define HAVE_FCNTL_H 1
| #define HAVE_FLOAT_H 1
| #define HAVE_LIMITS_H 1
| #define HAVE_NETDB_H 1
| #define HAVE_MATH_H 1
| #define HAVE_NETINET_IN_H 1
| #define HAVE_PTHREAD_H 1
| #define HAVE_STDLIB_H 1
| #define HAVE_STRING_H 1
| #define HAVE_STRINGS_H 1
| #define HAVE_SYS_FILE_H 1
| #define HAVE_SYS_SOCKET_H 1
| #define HAVE_SYS_STATVFS_H 1
| #define HAVE_SYS_TIME_H 1
| #define HAVE_SYSLOG_H 1
| #define HAVE_TERMIOS_H 1
| #define HAVE_UNISTD_H 1
| #define HAVE_UTIME_H 1
| #define HAVE_ZLIB_H 1
| #define USE_PNG 1
| #define HAVE__BOOL 1
| #define HAVE_STDBOOL_H 1
| /* end confdefs.h.  */
| #include <stdio.h>
| #ifdef HAVE_SYS_TYPES_H
| # include <sys/types.h>
| #endif
| #ifdef HAVE_SYS_STAT_H
| # include <sys/stat.h>
| #endif
| #ifdef STDC_HEADERS
| # include <stdlib.h>
| # include <stddef.h>
| #else
| # ifdef HAVE_STDLIB_H
| #  include <stdlib.h>
| # endif
| #endif
| #ifdef HAVE_STRING_H
| # if !defined STDC_HEADERS && defined HAVE_MEMORY_H
| #  include <memory.h>
| # endif
| # include <string.h>
| #endif
| #ifdef HAVE_STRINGS_H
| # include <strings.h>
| #endif
| #ifdef HAVE_INTTYPES_H
| # include <inttypes.h>
| #endif
| #ifdef HAVE_STDINT_H
| # include <stdint.h>
| #endif
| #ifdef HAVE_UNISTD_H
| # include <unistd.h>
| #endif
| 	        enum { N = 64 / 2 - 1 };
| int
| main ()
| {
| static int test_array [1 - 2 * !((int64_t) (((((int64_t) 1 << N) << N) - 1) * 2 + 1)
| 		 < (int64_t) (((((int64_t) 1 << N) << N) - 1) * 2 + 2))];
| test_array [0] = 0;
| return test_array [0];
| 
|   ;
|   return 0;
| }
configure:5502: result: yes
configure:5513: checking for int8_t
configure:5513: gcc -c -g -O0 -I/Users/svetlana/include  conftest.c >&5
configure:5513: $? = 0
configure:5513: gcc -c -g -O0 -I/Users/svetlana/include  conftest.c >&5
conftest.c:83:24: error: 'test_array' declared as an array with a negative size
static int test_array [1 - 2 * !((int8_t) (((((int8_t) 1 << N) << N) - 1) * 2 + 1)
                       ^~~~~~~~~~~~~~~~~~~~~~~~~~~~~~~~~~~~~~~~~~~~~~~~~~~~~~~~~~~
1 error generated.
configure:5513: $? = 1
configure: failed program was:
| /* confdefs.h */
| #define PACKAGE_NAME "libbeato"
| #define PACKAGE_TARNAME "libbeato"
| #define PACKAGE_VERSION "1.0"
| #define PACKAGE_STRING "libbeato 1.0"
| #define PACKAGE_BUGREPORT ""
| #define PACKAGE_URL ""
| #define PACKAGE "libbeato"
| #define VERSION "1.0"
| #define COLOR32 1
| #define MACHTYPE_x86_64 /**/
| #define STDC_HEADERS 1
| #define HAVE_SYS_TYPES_H 1
| #define HAVE_SYS_STAT_H 1
| #define HAVE_STDLIB_H 1
| #define HAVE_STRING_H 1
| #define HAVE_MEMORY_H 1
| #define HAVE_STRINGS_H 1
| #define HAVE_INTTYPES_H 1
| #define HAVE_STDINT_H 1
| #define HAVE_UNISTD_H 1
| #define HAVE_ARPA_INET_H 1
| #define HAVE_FCNTL_H 1
| #define HAVE_FLOAT_H 1
| #define HAVE_LIMITS_H 1
| #define HAVE_NETDB_H 1
| #define HAVE_MATH_H 1
| #define HAVE_NETINET_IN_H 1
| #define HAVE_PTHREAD_H 1
| #define HAVE_STDLIB_H 1
| #define HAVE_STRING_H 1
| #define HAVE_STRINGS_H 1
| #define HAVE_SYS_FILE_H 1
| #define HAVE_SYS_SOCKET_H 1
| #define HAVE_SYS_STATVFS_H 1
| #define HAVE_SYS_TIME_H 1
| #define HAVE_SYSLOG_H 1
| #define HAVE_TERMIOS_H 1
| #define HAVE_UNISTD_H 1
| #define HAVE_UTIME_H 1
| #define HAVE_ZLIB_H 1
| #define USE_PNG 1
| #define HAVE__BOOL 1
| #define HAVE_STDBOOL_H 1
| /* end confdefs.h.  */
| #include <stdio.h>
| #ifdef HAVE_SYS_TYPES_H
| # include <sys/types.h>
| #endif
| #ifdef HAVE_SYS_STAT_H
| # include <sys/stat.h>
| #endif
| #ifdef STDC_HEADERS
| # include <stdlib.h>
| # include <stddef.h>
| #else
| # ifdef HAVE_STDLIB_H
| #  include <stdlib.h>
| # endif
| #endif
| #ifdef HAVE_STRING_H
| # if !defined STDC_HEADERS && defined HAVE_MEMORY_H
| #  include <memory.h>
| # endif
| # include <string.h>
| #endif
| #ifdef HAVE_STRINGS_H
| # include <strings.h>
| #endif
| #ifdef HAVE_INTTYPES_H
| # include <inttypes.h>
| #endif
| #ifdef HAVE_STDINT_H
| # include <stdint.h>
| #endif
| #ifdef HAVE_UNISTD_H
| # include <unistd.h>
| #endif
| 	        enum { N = 8 / 2 - 1 };
| int
| main ()
| {
| static int test_array [1 - 2 * !((int8_t) (((((int8_t) 1 << N) << N) - 1) * 2 + 1)
| 		 < (int8_t) (((((int8_t) 1 << N) << N) - 1) * 2 + 2))];
| test_array [0] = 0;
| return test_array [0];
| 
|   ;
|   return 0;
| }
configure:5513: result: yes
configure:5524: checking for off_t
configure:5524: gcc -c -g -O0 -I/Users/svetlana/include  conftest.c >&5
configure:5524: $? = 0
configure:5524: gcc -c -g -O0 -I/Users/svetlana/include  conftest.c >&5
conftest.c:82:20: error: expected expression
if (sizeof ((off_t)))
                   ^
1 error generated.
configure:5524: $? = 1
configure: failed program was:
| /* confdefs.h */
| #define PACKAGE_NAME "libbeato"
| #define PACKAGE_TARNAME "libbeato"
| #define PACKAGE_VERSION "1.0"
| #define PACKAGE_STRING "libbeato 1.0"
| #define PACKAGE_BUGREPORT ""
| #define PACKAGE_URL ""
| #define PACKAGE "libbeato"
| #define VERSION "1.0"
| #define COLOR32 1
| #define MACHTYPE_x86_64 /**/
| #define STDC_HEADERS 1
| #define HAVE_SYS_TYPES_H 1
| #define HAVE_SYS_STAT_H 1
| #define HAVE_STDLIB_H 1
| #define HAVE_STRING_H 1
| #define HAVE_MEMORY_H 1
| #define HAVE_STRINGS_H 1
| #define HAVE_INTTYPES_H 1
| #define HAVE_STDINT_H 1
| #define HAVE_UNISTD_H 1
| #define HAVE_ARPA_INET_H 1
| #define HAVE_FCNTL_H 1
| #define HAVE_FLOAT_H 1
| #define HAVE_LIMITS_H 1
| #define HAVE_NETDB_H 1
| #define HAVE_MATH_H 1
| #define HAVE_NETINET_IN_H 1
| #define HAVE_PTHREAD_H 1
| #define HAVE_STDLIB_H 1
| #define HAVE_STRING_H 1
| #define HAVE_STRINGS_H 1
| #define HAVE_SYS_FILE_H 1
| #define HAVE_SYS_SOCKET_H 1
| #define HAVE_SYS_STATVFS_H 1
| #define HAVE_SYS_TIME_H 1
| #define HAVE_SYSLOG_H 1
| #define HAVE_TERMIOS_H 1
| #define HAVE_UNISTD_H 1
| #define HAVE_UTIME_H 1
| #define HAVE_ZLIB_H 1
| #define USE_PNG 1
| #define HAVE__BOOL 1
| #define HAVE_STDBOOL_H 1
| /* end confdefs.h.  */
| #include <stdio.h>
| #ifdef HAVE_SYS_TYPES_H
| # include <sys/types.h>
| #endif
| #ifdef HAVE_SYS_STAT_H
| # include <sys/stat.h>
| #endif
| #ifdef STDC_HEADERS
| # include <stdlib.h>
| # include <stddef.h>
| #else
| # ifdef HAVE_STDLIB_H
| #  include <stdlib.h>
| # endif
| #endif
| #ifdef HAVE_STRING_H
| # if !defined STDC_HEADERS && defined HAVE_MEMORY_H
| #  include <memory.h>
| # endif
| # include <string.h>
| #endif
| #ifdef HAVE_STRINGS_H
| # include <strings.h>
| #endif
| #ifdef HAVE_INTTYPES_H
| # include <inttypes.h>
| #endif
| #ifdef HAVE_STDINT_H
| # include <stdint.h>
| #endif
| #ifdef HAVE_UNISTD_H
| # include <unistd.h>
| #endif
| int
| main ()
| {
| if (sizeof ((off_t)))
| 	    return 0;
|   ;
|   return 0;
| }
configure:5524: result: yes
configure:5535: checking for pid_t
configure:5535: gcc -c -g -O0 -I/Users/svetlana/include  conftest.c >&5
configure:5535: $? = 0
configure:5535: gcc -c -g -O0 -I/Users/svetlana/include  conftest.c >&5
conftest.c:82:20: error: expected expression
if (sizeof ((pid_t)))
                   ^
1 error generated.
configure:5535: $? = 1
configure: failed program was:
| /* confdefs.h */
| #define PACKAGE_NAME "libbeato"
| #define PACKAGE_TARNAME "libbeato"
| #define PACKAGE_VERSION "1.0"
| #define PACKAGE_STRING "libbeato 1.0"
| #define PACKAGE_BUGREPORT ""
| #define PACKAGE_URL ""
| #define PACKAGE "libbeato"
| #define VERSION "1.0"
| #define COLOR32 1
| #define MACHTYPE_x86_64 /**/
| #define STDC_HEADERS 1
| #define HAVE_SYS_TYPES_H 1
| #define HAVE_SYS_STAT_H 1
| #define HAVE_STDLIB_H 1
| #define HAVE_STRING_H 1
| #define HAVE_MEMORY_H 1
| #define HAVE_STRINGS_H 1
| #define HAVE_INTTYPES_H 1
| #define HAVE_STDINT_H 1
| #define HAVE_UNISTD_H 1
| #define HAVE_ARPA_INET_H 1
| #define HAVE_FCNTL_H 1
| #define HAVE_FLOAT_H 1
| #define HAVE_LIMITS_H 1
| #define HAVE_NETDB_H 1
| #define HAVE_MATH_H 1
| #define HAVE_NETINET_IN_H 1
| #define HAVE_PTHREAD_H 1
| #define HAVE_STDLIB_H 1
| #define HAVE_STRING_H 1
| #define HAVE_STRINGS_H 1
| #define HAVE_SYS_FILE_H 1
| #define HAVE_SYS_SOCKET_H 1
| #define HAVE_SYS_STATVFS_H 1
| #define HAVE_SYS_TIME_H 1
| #define HAVE_SYSLOG_H 1
| #define HAVE_TERMIOS_H 1
| #define HAVE_UNISTD_H 1
| #define HAVE_UTIME_H 1
| #define HAVE_ZLIB_H 1
| #define USE_PNG 1
| #define HAVE__BOOL 1
| #define HAVE_STDBOOL_H 1
| /* end confdefs.h.  */
| #include <stdio.h>
| #ifdef HAVE_SYS_TYPES_H
| # include <sys/types.h>
| #endif
| #ifdef HAVE_SYS_STAT_H
| # include <sys/stat.h>
| #endif
| #ifdef STDC_HEADERS
| # include <stdlib.h>
| # include <stddef.h>
| #else
| # ifdef HAVE_STDLIB_H
| #  include <stdlib.h>
| # endif
| #endif
| #ifdef HAVE_STRING_H
| # if !defined STDC_HEADERS && defined HAVE_MEMORY_H
| #  include <memory.h>
| # endif
| # include <string.h>
| #endif
| #ifdef HAVE_STRINGS_H
| # include <strings.h>
| #endif
| #ifdef HAVE_INTTYPES_H
| # include <inttypes.h>
| #endif
| #ifdef HAVE_STDINT_H
| # include <stdint.h>
| #endif
| #ifdef HAVE_UNISTD_H
| # include <unistd.h>
| #endif
| int
| main ()
| {
| if (sizeof ((pid_t)))
| 	    return 0;
|   ;
|   return 0;
| }
configure:5535: result: yes
configure:5546: checking for size_t
configure:5546: gcc -c -g -O0 -I/Users/svetlana/include  conftest.c >&5
configure:5546: $? = 0
configure:5546: gcc -c -g -O0 -I/Users/svetlana/include  conftest.c >&5
conftest.c:82:21: error: expected expression
if (sizeof ((size_t)))
                    ^
1 error generated.
configure:5546: $? = 1
configure: failed program was:
| /* confdefs.h */
| #define PACKAGE_NAME "libbeato"
| #define PACKAGE_TARNAME "libbeato"
| #define PACKAGE_VERSION "1.0"
| #define PACKAGE_STRING "libbeato 1.0"
| #define PACKAGE_BUGREPORT ""
| #define PACKAGE_URL ""
| #define PACKAGE "libbeato"
| #define VERSION "1.0"
| #define COLOR32 1
| #define MACHTYPE_x86_64 /**/
| #define STDC_HEADERS 1
| #define HAVE_SYS_TYPES_H 1
| #define HAVE_SYS_STAT_H 1
| #define HAVE_STDLIB_H 1
| #define HAVE_STRING_H 1
| #define HAVE_MEMORY_H 1
| #define HAVE_STRINGS_H 1
| #define HAVE_INTTYPES_H 1
| #define HAVE_STDINT_H 1
| #define HAVE_UNISTD_H 1
| #define HAVE_ARPA_INET_H 1
| #define HAVE_FCNTL_H 1
| #define HAVE_FLOAT_H 1
| #define HAVE_LIMITS_H 1
| #define HAVE_NETDB_H 1
| #define HAVE_MATH_H 1
| #define HAVE_NETINET_IN_H 1
| #define HAVE_PTHREAD_H 1
| #define HAVE_STDLIB_H 1
| #define HAVE_STRING_H 1
| #define HAVE_STRINGS_H 1
| #define HAVE_SYS_FILE_H 1
| #define HAVE_SYS_SOCKET_H 1
| #define HAVE_SYS_STATVFS_H 1
| #define HAVE_SYS_TIME_H 1
| #define HAVE_SYSLOG_H 1
| #define HAVE_TERMIOS_H 1
| #define HAVE_UNISTD_H 1
| #define HAVE_UTIME_H 1
| #define HAVE_ZLIB_H 1
| #define USE_PNG 1
| #define HAVE__BOOL 1
| #define HAVE_STDBOOL_H 1
| /* end confdefs.h.  */
| #include <stdio.h>
| #ifdef HAVE_SYS_TYPES_H
| # include <sys/types.h>
| #endif
| #ifdef HAVE_SYS_STAT_H
| # include <sys/stat.h>
| #endif
| #ifdef STDC_HEADERS
| # include <stdlib.h>
| # include <stddef.h>
| #else
| # ifdef HAVE_STDLIB_H
| #  include <stdlib.h>
| # endif
| #endif
| #ifdef HAVE_STRING_H
| # if !defined STDC_HEADERS && defined HAVE_MEMORY_H
| #  include <memory.h>
| # endif
| # include <string.h>
| #endif
| #ifdef HAVE_STRINGS_H
| # include <strings.h>
| #endif
| #ifdef HAVE_INTTYPES_H
| # include <inttypes.h>
| #endif
| #ifdef HAVE_STDINT_H
| # include <stdint.h>
| #endif
| #ifdef HAVE_UNISTD_H
| # include <unistd.h>
| #endif
| int
| main ()
| {
| if (sizeof ((size_t)))
| 	    return 0;
|   ;
|   return 0;
| }
configure:5546: result: yes
configure:5557: checking for ssize_t
configure:5557: gcc -c -g -O0 -I/Users/svetlana/include  conftest.c >&5
configure:5557: $? = 0
configure:5557: gcc -c -g -O0 -I/Users/svetlana/include  conftest.c >&5
conftest.c:82:22: error: expected expression
if (sizeof ((ssize_t)))
                     ^
1 error generated.
configure:5557: $? = 1
configure: failed program was:
| /* confdefs.h */
| #define PACKAGE_NAME "libbeato"
| #define PACKAGE_TARNAME "libbeato"
| #define PACKAGE_VERSION "1.0"
| #define PACKAGE_STRING "libbeato 1.0"
| #define PACKAGE_BUGREPORT ""
| #define PACKAGE_URL ""
| #define PACKAGE "libbeato"
| #define VERSION "1.0"
| #define COLOR32 1
| #define MACHTYPE_x86_64 /**/
| #define STDC_HEADERS 1
| #define HAVE_SYS_TYPES_H 1
| #define HAVE_SYS_STAT_H 1
| #define HAVE_STDLIB_H 1
| #define HAVE_STRING_H 1
| #define HAVE_MEMORY_H 1
| #define HAVE_STRINGS_H 1
| #define HAVE_INTTYPES_H 1
| #define HAVE_STDINT_H 1
| #define HAVE_UNISTD_H 1
| #define HAVE_ARPA_INET_H 1
| #define HAVE_FCNTL_H 1
| #define HAVE_FLOAT_H 1
| #define HAVE_LIMITS_H 1
| #define HAVE_NETDB_H 1
| #define HAVE_MATH_H 1
| #define HAVE_NETINET_IN_H 1
| #define HAVE_PTHREAD_H 1
| #define HAVE_STDLIB_H 1
| #define HAVE_STRING_H 1
| #define HAVE_STRINGS_H 1
| #define HAVE_SYS_FILE_H 1
| #define HAVE_SYS_SOCKET_H 1
| #define HAVE_SYS_STATVFS_H 1
| #define HAVE_SYS_TIME_H 1
| #define HAVE_SYSLOG_H 1
| #define HAVE_TERMIOS_H 1
| #define HAVE_UNISTD_H 1
| #define HAVE_UTIME_H 1
| #define HAVE_ZLIB_H 1
| #define USE_PNG 1
| #define HAVE__BOOL 1
| #define HAVE_STDBOOL_H 1
| /* end confdefs.h.  */
| #include <stdio.h>
| #ifdef HAVE_SYS_TYPES_H
| # include <sys/types.h>
| #endif
| #ifdef HAVE_SYS_STAT_H
| # include <sys/stat.h>
| #endif
| #ifdef STDC_HEADERS
| # include <stdlib.h>
| # include <stddef.h>
| #else
| # ifdef HAVE_STDLIB_H
| #  include <stdlib.h>
| # endif
| #endif
| #ifdef HAVE_STRING_H
| # if !defined STDC_HEADERS && defined HAVE_MEMORY_H
| #  include <memory.h>
| # endif
| # include <string.h>
| #endif
| #ifdef HAVE_STRINGS_H
| # include <strings.h>
| #endif
| #ifdef HAVE_INTTYPES_H
| # include <inttypes.h>
| #endif
| #ifdef HAVE_STDINT_H
| # include <stdint.h>
| #endif
| #ifdef HAVE_UNISTD_H
| # include <unistd.h>
| #endif
| int
| main ()
| {
| if (sizeof ((ssize_t)))
| 	    return 0;
|   ;
|   return 0;
| }
configure:5557: result: yes
configure:5568: checking for uid_t in sys/types.h
configure:5587: result: yes
configure:5598: checking for uint16_t
configure:5598: gcc -c -g -O0 -I/Users/svetlana/include  conftest.c >&5
configure:5598: $? = 0
configure:5598: result: yes
configure:5610: checking for uint32_t
configure:5610: gcc -c -g -O0 -I/Users/svetlana/include  conftest.c >&5
configure:5610: $? = 0
configure:5610: result: yes
configure:5624: checking for uint8_t
configure:5624: gcc -c -g -O0 -I/Users/svetlana/include  conftest.c >&5
configure:5624: $? = 0
configure:5624: result: yes
configure:5642: checking vfork.h usability
configure:5642: gcc -c -g -O0 -I/Users/svetlana/include  conftest.c >&5
conftest.c:79:10: fatal error: 'vfork.h' file not found
#include <vfork.h>
         ^
1 error generated.
configure:5642: $? = 1
configure: failed program was:
| /* confdefs.h */
| #define PACKAGE_NAME "libbeato"
| #define PACKAGE_TARNAME "libbeato"
| #define PACKAGE_VERSION "1.0"
| #define PACKAGE_STRING "libbeato 1.0"
| #define PACKAGE_BUGREPORT ""
| #define PACKAGE_URL ""
| #define PACKAGE "libbeato"
| #define VERSION "1.0"
| #define COLOR32 1
| #define MACHTYPE_x86_64 /**/
| #define STDC_HEADERS 1
| #define HAVE_SYS_TYPES_H 1
| #define HAVE_SYS_STAT_H 1
| #define HAVE_STDLIB_H 1
| #define HAVE_STRING_H 1
| #define HAVE_MEMORY_H 1
| #define HAVE_STRINGS_H 1
| #define HAVE_INTTYPES_H 1
| #define HAVE_STDINT_H 1
| #define HAVE_UNISTD_H 1
| #define HAVE_ARPA_INET_H 1
| #define HAVE_FCNTL_H 1
| #define HAVE_FLOAT_H 1
| #define HAVE_LIMITS_H 1
| #define HAVE_NETDB_H 1
| #define HAVE_MATH_H 1
| #define HAVE_NETINET_IN_H 1
| #define HAVE_PTHREAD_H 1
| #define HAVE_STDLIB_H 1
| #define HAVE_STRING_H 1
| #define HAVE_STRINGS_H 1
| #define HAVE_SYS_FILE_H 1
| #define HAVE_SYS_SOCKET_H 1
| #define HAVE_SYS_STATVFS_H 1
| #define HAVE_SYS_TIME_H 1
| #define HAVE_SYSLOG_H 1
| #define HAVE_TERMIOS_H 1
| #define HAVE_UNISTD_H 1
| #define HAVE_UTIME_H 1
| #define HAVE_ZLIB_H 1
| #define USE_PNG 1
| #define HAVE__BOOL 1
| #define HAVE_STDBOOL_H 1
| /* end confdefs.h.  */
| #include <stdio.h>
| #ifdef HAVE_SYS_TYPES_H
| # include <sys/types.h>
| #endif
| #ifdef HAVE_SYS_STAT_H
| # include <sys/stat.h>
| #endif
| #ifdef STDC_HEADERS
| # include <stdlib.h>
| # include <stddef.h>
| #else
| # ifdef HAVE_STDLIB_H
| #  include <stdlib.h>
| # endif
| #endif
| #ifdef HAVE_STRING_H
| # if !defined STDC_HEADERS && defined HAVE_MEMORY_H
| #  include <memory.h>
| # endif
| # include <string.h>
| #endif
| #ifdef HAVE_STRINGS_H
| # include <strings.h>
| #endif
| #ifdef HAVE_INTTYPES_H
| # include <inttypes.h>
| #endif
| #ifdef HAVE_STDINT_H
| # include <stdint.h>
| #endif
| #ifdef HAVE_UNISTD_H
| # include <unistd.h>
| #endif
| #include <vfork.h>
configure:5642: result: no
configure:5642: checking vfork.h presence
configure:5642: gcc -E  conftest.c
conftest.c:46:10: fatal error: 'vfork.h' file not found
#include <vfork.h>
         ^
1 error generated.
configure:5642: $? = 1
configure: failed program was:
| /* confdefs.h */
| #define PACKAGE_NAME "libbeato"
| #define PACKAGE_TARNAME "libbeato"
| #define PACKAGE_VERSION "1.0"
| #define PACKAGE_STRING "libbeato 1.0"
| #define PACKAGE_BUGREPORT ""
| #define PACKAGE_URL ""
| #define PACKAGE "libbeato"
| #define VERSION "1.0"
| #define COLOR32 1
| #define MACHTYPE_x86_64 /**/
| #define STDC_HEADERS 1
| #define HAVE_SYS_TYPES_H 1
| #define HAVE_SYS_STAT_H 1
| #define HAVE_STDLIB_H 1
| #define HAVE_STRING_H 1
| #define HAVE_MEMORY_H 1
| #define HAVE_STRINGS_H 1
| #define HAVE_INTTYPES_H 1
| #define HAVE_STDINT_H 1
| #define HAVE_UNISTD_H 1
| #define HAVE_ARPA_INET_H 1
| #define HAVE_FCNTL_H 1
| #define HAVE_FLOAT_H 1
| #define HAVE_LIMITS_H 1
| #define HAVE_NETDB_H 1
| #define HAVE_MATH_H 1
| #define HAVE_NETINET_IN_H 1
| #define HAVE_PTHREAD_H 1
| #define HAVE_STDLIB_H 1
| #define HAVE_STRING_H 1
| #define HAVE_STRINGS_H 1
| #define HAVE_SYS_FILE_H 1
| #define HAVE_SYS_SOCKET_H 1
| #define HAVE_SYS_STATVFS_H 1
| #define HAVE_SYS_TIME_H 1
| #define HAVE_SYSLOG_H 1
| #define HAVE_TERMIOS_H 1
| #define HAVE_UNISTD_H 1
| #define HAVE_UTIME_H 1
| #define HAVE_ZLIB_H 1
| #define USE_PNG 1
| #define HAVE__BOOL 1
| #define HAVE_STDBOOL_H 1
| /* end confdefs.h.  */
| #include <vfork.h>
configure:5642: result: no
configure:5642: checking for vfork.h
configure:5642: result: no
configure:5655: checking for fork
configure:5655: gcc -o conftest -g -O0 -I/Users/svetlana/include  -L/Users/svetlana/lib conftest.c -lpng -lz  >&5
ld: warning: directory not found for option '-L/Users/svetlana/lib'
configure:5655: $? = 0
configure:5655: result: yes
configure:5655: checking for vfork
configure:5655: gcc -o conftest -g -O0 -I/Users/svetlana/include  -L/Users/svetlana/lib conftest.c -lpng -lz  >&5
conftest.c:70:6: warning: incompatible redeclaration of library function 'vfork' [-Wincompatible-library-redeclaration]
char vfork ();
     ^
conftest.c:70:6: note: 'vfork' is a builtin with type 'int (void)'
1 warning generated.
ld: warning: directory not found for option '-L/Users/svetlana/lib'
configure:5655: $? = 0
configure:5655: result: yes
configure:5665: checking for working fork
configure:5687: gcc -o conftest -g -O0 -I/Users/svetlana/include  -L/Users/svetlana/lib conftest.c -lpng -lz  >&5
ld: warning: directory not found for option '-L/Users/svetlana/lib'
configure:5687: $? = 0
configure:5687: ./conftest
configure:5687: $? = 0
configure:5697: result: yes
configure:5718: checking for working vfork
configure:5828: result: yes
configure:5853: checking for _LARGEFILE_SOURCE value needed for large files
configure:5872: gcc -o conftest -g -O0 -I/Users/svetlana/include  -L/Users/svetlana/lib conftest.c -lpng -lz  >&5
ld: warning: directory not found for option '-L/Users/svetlana/lib'
configure:5872: $? = 0
configure:5900: result: no
configure:5921: checking whether time.h and sys/time.h may both be included
configure:5941: gcc -c -g -O0 -I/Users/svetlana/include  conftest.c >&5
configure:5941: $? = 0
configure:5948: result: yes
configure:5962: checking for sys/time.h
configure:5962: result: yes
configure:5962: checking for unistd.h
configure:5962: result: yes
configure:5962: checking for stdlib.h
configure:5962: result: yes
configure:5962: checking for sys/param.h
configure:5962: gcc -c -g -O0 -I/Users/svetlana/include  conftest.c >&5
configure:5962: $? = 0
configure:5962: result: yes
configure:5983: checking for alarm
configure:5983: gcc -o conftest -g -O0 -I/Users/svetlana/include  -L/Users/svetlana/lib conftest.c -lpng -lz  >&5
ld: warning: directory not found for option '-L/Users/svetlana/lib'
configure:5983: $? = 0
configure:5983: result: yes
configure:5996: checking for working mktime
configure:6198: gcc -o conftest -g -O0 -I/Users/svetlana/include  -L/Users/svetlana/lib conftest.c -lpng -lz  >&5
ld: warning: directory not found for option '-L/Users/svetlana/lib'
configure:6198: $? = 0
configure:6198: ./conftest
configure:6198: $? = 1
configure: program exited with status 1
configure: failed program was:
| /* confdefs.h */
| #define PACKAGE_NAME "libbeato"
| #define PACKAGE_TARNAME "libbeato"
| #define PACKAGE_VERSION "1.0"
| #define PACKAGE_STRING "libbeato 1.0"
| #define PACKAGE_BUGREPORT ""
| #define PACKAGE_URL ""
| #define PACKAGE "libbeato"
| #define VERSION "1.0"
| #define COLOR32 1
| #define MACHTYPE_x86_64 /**/
| #define STDC_HEADERS 1
| #define HAVE_SYS_TYPES_H 1
| #define HAVE_SYS_STAT_H 1
| #define HAVE_STDLIB_H 1
| #define HAVE_STRING_H 1
| #define HAVE_MEMORY_H 1
| #define HAVE_STRINGS_H 1
| #define HAVE_INTTYPES_H 1
| #define HAVE_STDINT_H 1
| #define HAVE_UNISTD_H 1
| #define HAVE_ARPA_INET_H 1
| #define HAVE_FCNTL_H 1
| #define HAVE_FLOAT_H 1
| #define HAVE_LIMITS_H 1
| #define HAVE_NETDB_H 1
| #define HAVE_MATH_H 1
| #define HAVE_NETINET_IN_H 1
| #define HAVE_PTHREAD_H 1
| #define HAVE_STDLIB_H 1
| #define HAVE_STRING_H 1
| #define HAVE_STRINGS_H 1
| #define HAVE_SYS_FILE_H 1
| #define HAVE_SYS_SOCKET_H 1
| #define HAVE_SYS_STATVFS_H 1
| #define HAVE_SYS_TIME_H 1
| #define HAVE_SYSLOG_H 1
| #define HAVE_TERMIOS_H 1
| #define HAVE_UNISTD_H 1
| #define HAVE_UTIME_H 1
| #define HAVE_ZLIB_H 1
| #define USE_PNG 1
| #define HAVE__BOOL 1
| #define HAVE_STDBOOL_H 1
| #define HAVE_FORK 1
| #define HAVE_VFORK 1
| #define HAVE_WORKING_VFORK 1
| #define HAVE_WORKING_FORK 1
| #define HAVE_FSEEKO 1
| #define TIME_WITH_SYS_TIME 1
| #define HAVE_SYS_TIME_H 1
| #define HAVE_UNISTD_H 1
| #define HAVE_STDLIB_H 1
| #define HAVE_SYS_PARAM_H 1
| #define HAVE_ALARM 1
| /* end confdefs.h.  */
| /* Test program from Paul Eggert and Tony Leneis.  */
| #ifdef TIME_WITH_SYS_TIME
| # include <sys/time.h>
| # include <time.h>
| #else
| # ifdef HAVE_SYS_TIME_H
| #  include <sys/time.h>
| # else
| #  include <time.h>
| # endif
| #endif
| 
| #include <limits.h>
| #include <stdlib.h>
| 
| #ifdef HAVE_UNISTD_H
| # include <unistd.h>
| #endif
| 
| #ifndef HAVE_ALARM
| # define alarm(X) /* empty */
| #endif
| 
| /* Work around redefinition to rpl_putenv by other config tests.  */
| #undef putenv
| 
| static time_t time_t_max;
| static time_t time_t_min;
| 
| /* Values we'll use to set the TZ environment variable.  */
| static const char *tz_strings[] = {
|   (const char *) 0, "TZ=GMT0", "TZ=JST-9",
|   "TZ=EST+3EDT+2,M10.1.0/00:00:00,M2.3.0/00:00:00"
| };
| #define N_STRINGS (sizeof (tz_strings) / sizeof (tz_strings[0]))
| 
| /* Return 0 if mktime fails to convert a date in the spring-forward gap.
|    Based on a problem report from Andreas Jaeger.  */
| static int
| spring_forward_gap ()
| {
|   /* glibc (up to about 1998-10-07) failed this test. */
|   struct tm tm;
| 
|   /* Use the portable POSIX.1 specification "TZ=PST8PDT,M4.1.0,M10.5.0"
|      instead of "TZ=America/Vancouver" in order to detect the bug even
|      on systems that don't support the Olson extension, or don't have the
|      full zoneinfo tables installed.  */
|   putenv ((char*) "TZ=PST8PDT,M4.1.0,M10.5.0");
| 
|   tm.tm_year = 98;
|   tm.tm_mon = 3;
|   tm.tm_mday = 5;
|   tm.tm_hour = 2;
|   tm.tm_min = 0;
|   tm.tm_sec = 0;
|   tm.tm_isdst = -1;
|   return mktime (&tm) != (time_t) -1;
| }
| 
| static int
| mktime_test1 (time_t now)
| {
|   struct tm *lt;
|   return ! (lt = localtime (&now)) || mktime (lt) == now;
| }
| 
| static int
| mktime_test (time_t now)
| {
|   return (mktime_test1 (now)
| 	  && mktime_test1 ((time_t) (time_t_max - now))
| 	  && mktime_test1 ((time_t) (time_t_min + now)));
| }
| 
| static int
| irix_6_4_bug ()
| {
|   /* Based on code from Ariel Faigon.  */
|   struct tm tm;
|   tm.tm_year = 96;
|   tm.tm_mon = 3;
|   tm.tm_mday = 0;
|   tm.tm_hour = 0;
|   tm.tm_min = 0;
|   tm.tm_sec = 0;
|   tm.tm_isdst = -1;
|   mktime (&tm);
|   return tm.tm_mon == 2 && tm.tm_mday == 31;
| }
| 
| static int
| bigtime_test (int j)
| {
|   struct tm tm;
|   time_t now;
|   tm.tm_year = tm.tm_mon = tm.tm_mday = tm.tm_hour = tm.tm_min = tm.tm_sec = j;
|   now = mktime (&tm);
|   if (now != (time_t) -1)
|     {
|       struct tm *lt = localtime (&now);
|       if (! (lt
| 	     && lt->tm_year == tm.tm_year
| 	     && lt->tm_mon == tm.tm_mon
| 	     && lt->tm_mday == tm.tm_mday
| 	     && lt->tm_hour == tm.tm_hour
| 	     && lt->tm_min == tm.tm_min
| 	     && lt->tm_sec == tm.tm_sec
| 	     && lt->tm_yday == tm.tm_yday
| 	     && lt->tm_wday == tm.tm_wday
| 	     && ((lt->tm_isdst < 0 ? -1 : 0 < lt->tm_isdst)
| 		  == (tm.tm_isdst < 0 ? -1 : 0 < tm.tm_isdst))))
| 	return 0;
|     }
|   return 1;
| }
| 
| static int
| year_2050_test ()
| {
|   /* The correct answer for 2050-02-01 00:00:00 in Pacific time,
|      ignoring leap seconds.  */
|   unsigned long int answer = 2527315200UL;
| 
|   struct tm tm;
|   time_t t;
|   tm.tm_year = 2050 - 1900;
|   tm.tm_mon = 2 - 1;
|   tm.tm_mday = 1;
|   tm.tm_hour = tm.tm_min = tm.tm_sec = 0;
|   tm.tm_isdst = -1;
| 
|   /* Use the portable POSIX.1 specification "TZ=PST8PDT,M4.1.0,M10.5.0"
|      instead of "TZ=America/Vancouver" in order to detect the bug even
|      on systems that don't support the Olson extension, or don't have the
|      full zoneinfo tables installed.  */
|   putenv ((char*) "TZ=PST8PDT,M4.1.0,M10.5.0");
| 
|   t = mktime (&tm);
| 
|   /* Check that the result is either a failure, or close enough
|      to the correct answer that we can assume the discrepancy is
|      due to leap seconds.  */
|   return (t == (time_t) -1
| 	  || (0 < t && answer - 120 <= t && t <= answer + 120));
| }
| 
| int
| main ()
| {
|   time_t t, delta;
|   int i, j;
| 
|   /* This test makes some buggy mktime implementations loop.
|      Give up after 60 seconds; a mktime slower than that
|      isn't worth using anyway.  */
|   alarm (60);
| 
|   for (;;)
|     {
|       t = (time_t_max << 1) + 1;
|       if (t <= time_t_max)
| 	break;
|       time_t_max = t;
|     }
|   time_t_min = - ((time_t) ~ (time_t) 0 == (time_t) -1) - time_t_max;
| 
|   delta = time_t_max / 997; /* a suitable prime number */
|   for (i = 0; i < N_STRINGS; i++)
|     {
|       if (tz_strings[i])
| 	putenv ((char*) tz_strings[i]);
| 
|       for (t = 0; t <= time_t_max - delta; t += delta)
| 	if (! mktime_test (t))
| 	  return 1;
|       if (! (mktime_test ((time_t) 1)
| 	     && mktime_test ((time_t) (60 * 60))
| 	     && mktime_test ((time_t) (60 * 60 * 24))))
| 	return 1;
| 
|       for (j = 1; ; j <<= 1)
| 	if (! bigtime_test (j))
| 	  return 1;
| 	else if (INT_MAX / 2 < j)
| 	  break;
|       if (! bigtime_test (INT_MAX))
| 	return 1;
|     }
|   return ! (irix_6_4_bug () && spring_forward_gap () && year_2050_test ());
| }
configure:6208: result: no
configure:6226: checking for getpagesize
configure:6226: gcc -o conftest -g -O0 -I/Users/svetlana/include  -L/Users/svetlana/lib conftest.c -lpng -lz  >&5
ld: warning: directory not found for option '-L/Users/svetlana/lib'
configure:6226: $? = 0
configure:6226: result: yes
configure:6235: checking for working mmap
configure:6382: gcc -o conftest -g -O0 -I/Users/svetlana/include  -L/Users/svetlana/lib conftest.c -lpng -lz  >&5
ld: warning: directory not found for option '-L/Users/svetlana/lib'
configure:6382: $? = 0
configure:6382: ./conftest
configure:6382: $? = 0
configure:6392: result: yes
configure:6401: checking for working strtod
configure:6442: gcc -o conftest -g -O0 -I/Users/svetlana/include  -L/Users/svetlana/lib conftest.c -lpng -lz  >&5
ld: warning: directory not found for option '-L/Users/svetlana/lib'
configure:6442: $? = 0
configure:6442: ./conftest
configure:6442: $? = 0
configure:6452: result: yes
configure:6517: checking for bzero
configure:6517: gcc -o conftest -g -O0 -I/Users/svetlana/include  -L/Users/svetlana/lib conftest.c -lpng -lz  >&5
conftest.c:82:6: warning: incompatible redeclaration of library function 'bzero' [-Wincompatible-library-redeclaration]
char bzero ();
     ^
conftest.c:82:6: note: 'bzero' is a builtin with type 'void (void *, unsigned long)'
1 warning generated.
ld: warning: directory not found for option '-L/Users/svetlana/lib'
configure:6517: $? = 0
configure:6517: result: yes
configure:6517: checking for dup2
configure:6517: gcc -o conftest -g -O0 -I/Users/svetlana/include  -L/Users/svetlana/lib conftest.c -lpng -lz  >&5
ld: warning: directory not found for option '-L/Users/svetlana/lib'
configure:6517: $? = 0
configure:6517: result: yes
configure:6517: checking for floor
configure:6517: gcc -o conftest -g -O0 -I/Users/svetlana/include  -L/Users/svetlana/lib conftest.c -lpng -lz  >&5
conftest.c:84:6: warning: incompatible redeclaration of library function 'floor' [-Wincompatible-library-redeclaration]
char floor ();
     ^
conftest.c:84:6: note: 'floor' is a builtin with type 'double (double)'
1 warning generated.
ld: warning: directory not found for option '-L/Users/svetlana/lib'
configure:6517: $? = 0
configure:6517: result: yes
configure:6517: checking for getcwd
configure:6517: gcc -o conftest -g -O0 -I/Users/svetlana/include  -L/Users/svetlana/lib conftest.c -lpng -lz  >&5
ld: warning: directory not found for option '-L/Users/svetlana/lib'
configure:6517: $? = 0
configure:6517: result: yes
configure:6517: checking for gettimeofday
configure:6517: gcc -o conftest -g -O0 -I/Users/svetlana/include  -L/Users/svetlana/lib conftest.c -lpng -lz  >&5
ld: warning: directory not found for option '-L/Users/svetlana/lib'
configure:6517: $? = 0
configure:6517: result: yes
configure:6517: checking for memmove
configure:6517: gcc -o conftest -g -O0 -I/Users/svetlana/include  -L/Users/svetlana/lib conftest.c -lpng -lz  >&5
conftest.c:87:6: warning: incompatible redeclaration of library function 'memmove' [-Wincompatible-library-redeclaration]
char memmove ();
     ^
conftest.c:87:6: note: 'memmove' is a builtin with type 'void *(void *, const void *, unsigned long)'
1 warning generated.
ld: warning: directory not found for option '-L/Users/svetlana/lib'
configure:6517: $? = 0
configure:6517: result: yes
configure:6517: checking for memset
configure:6517: gcc -o conftest -g -O0 -I/Users/svetlana/include  -L/Users/svetlana/lib conftest.c -lpng -lz  >&5
conftest.c:88:6: warning: incompatible redeclaration of library function 'memset' [-Wincompatible-library-redeclaration]
char memset ();
     ^
conftest.c:88:6: note: 'memset' is a builtin with type 'void *(void *, int, unsigned long)'
1 warning generated.
ld: warning: directory not found for option '-L/Users/svetlana/lib'
configure:6517: $? = 0
configure:6517: result: yes
configure:6517: checking for mkdir
configure:6517: gcc -o conftest -g -O0 -I/Users/svetlana/include  -L/Users/svetlana/lib conftest.c -lpng -lz  >&5
ld: warning: directory not found for option '-L/Users/svetlana/lib'
configure:6517: $? = 0
configure:6517: result: yes
configure:6517: checking for munmap
configure:6517: gcc -o conftest -g -O0 -I/Users/svetlana/include  -L/Users/svetlana/lib conftest.c -lpng -lz  >&5
ld: warning: directory not found for option '-L/Users/svetlana/lib'
configure:6517: $? = 0
configure:6517: result: yes
configure:6517: checking for pow
configure:6517: gcc -o conftest -g -O0 -I/Users/svetlana/include  -L/Users/svetlana/lib conftest.c -lpng -lz  >&5
conftest.c:91:6: warning: incompatible redeclaration of library function 'pow' [-Wincompatible-library-redeclaration]
char pow ();
     ^
conftest.c:91:6: note: 'pow' is a builtin with type 'double (double, double)'
1 warning generated.
ld: warning: directory not found for option '-L/Users/svetlana/lib'
configure:6517: $? = 0
configure:6517: result: yes
configure:6517: checking for putenv
configure:6517: gcc -o conftest -g -O0 -I/Users/svetlana/include  -L/Users/svetlana/lib conftest.c -lpng -lz  >&5
ld: warning: directory not found for option '-L/Users/svetlana/lib'
configure:6517: $? = 0
configure:6517: result: yes
configure:6517: checking for regcomp
configure:6517: gcc -o conftest -g -O0 -I/Users/svetlana/include  -L/Users/svetlana/lib conftest.c -lpng -lz  >&5
ld: warning: directory not found for option '-L/Users/svetlana/lib'
configure:6517: $? = 0
configure:6517: result: yes
configure:6517: checking for rint
configure:6517: gcc -o conftest -g -O0 -I/Users/svetlana/include  -L/Users/svetlana/lib conftest.c -lpng -lz  >&5
conftest.c:94:6: warning: incompatible redeclaration of library function 'rint' [-Wincompatible-library-redeclaration]
char rint ();
     ^
conftest.c:94:6: note: 'rint' is a builtin with type 'double (double)'
1 warning generated.
ld: warning: directory not found for option '-L/Users/svetlana/lib'
configure:6517: $? = 0
configure:6517: result: yes
configure:6517: checking for select
configure:6517: gcc -o conftest -g -O0 -I/Users/svetlana/include  -L/Users/svetlana/lib conftest.c -lpng -lz  >&5
ld: warning: directory not found for option '-L/Users/svetlana/lib'
configure:6517: $? = 0
configure:6517: result: yes
configure:6517: checking for setenv
configure:6517: gcc -o conftest -g -O0 -I/Users/svetlana/include  -L/Users/svetlana/lib conftest.c -lpng -lz  >&5
ld: warning: directory not found for option '-L/Users/svetlana/lib'
configure:6517: $? = 0
configure:6517: result: yes
configure:6517: checking for socket
configure:6517: gcc -o conftest -g -O0 -I/Users/svetlana/include  -L/Users/svetlana/lib conftest.c -lpng -lz  >&5
ld: warning: directory not found for option '-L/Users/svetlana/lib'
configure:6517: $? = 0
configure:6517: result: yes
configure:6517: checking for sqrt
configure:6517: gcc -o conftest -g -O0 -I/Users/svetlana/include  -L/Users/svetlana/lib conftest.c -lpng -lz  >&5
conftest.c:98:6: warning: incompatible redeclaration of library function 'sqrt' [-Wincompatible-library-redeclaration]
char sqrt ();
     ^
conftest.c:98:6: note: 'sqrt' is a builtin with type 'double (double)'
1 warning generated.
ld: warning: directory not found for option '-L/Users/svetlana/lib'
configure:6517: $? = 0
configure:6517: result: yes
configure:6517: checking for strcasecmp
configure:6517: gcc -o conftest -g -O0 -I/Users/svetlana/include  -L/Users/svetlana/lib conftest.c -lpng -lz  >&5
conftest.c:99:6: warning: incompatible redeclaration of library function 'strcasecmp' [-Wincompatible-library-redeclaration]
char strcasecmp ();
     ^
conftest.c:99:6: note: 'strcasecmp' is a builtin with type 'int (const char *, const char *)'
1 warning generated.
ld: warning: directory not found for option '-L/Users/svetlana/lib'
configure:6517: $? = 0
configure:6517: result: yes
configure:6517: checking for strchr
configure:6517: gcc -o conftest -g -O0 -I/Users/svetlana/include  -L/Users/svetlana/lib conftest.c -lpng -lz  >&5
conftest.c:100:6: warning: incompatible redeclaration of library function 'strchr' [-Wincompatible-library-redeclaration]
char strchr ();
     ^
conftest.c:100:6: note: 'strchr' is a builtin with type 'char *(const char *, int)'
1 warning generated.
ld: warning: directory not found for option '-L/Users/svetlana/lib'
configure:6517: $? = 0
configure:6517: result: yes
configure:6517: checking for strcspn
configure:6517: gcc -o conftest -g -O0 -I/Users/svetlana/include  -L/Users/svetlana/lib conftest.c -lpng -lz  >&5
conftest.c:101:6: warning: incompatible redeclaration of library function 'strcspn' [-Wincompatible-library-redeclaration]
char strcspn ();
     ^
conftest.c:101:6: note: 'strcspn' is a builtin with type 'unsigned long (const char *, const char *)'
1 warning generated.
ld: warning: directory not found for option '-L/Users/svetlana/lib'
configure:6517: $? = 0
configure:6517: result: yes
configure:6517: checking for strdup
configure:6517: gcc -o conftest -g -O0 -I/Users/svetlana/include  -L/Users/svetlana/lib conftest.c -lpng -lz  >&5
conftest.c:102:6: warning: incompatible redeclaration of library function 'strdup' [-Wincompatible-library-redeclaration]
char strdup ();
     ^
conftest.c:102:6: note: 'strdup' is a builtin with type 'char *(const char *)'
1 warning generated.
ld: warning: directory not found for option '-L/Users/svetlana/lib'
configure:6517: $? = 0
configure:6517: result: yes
configure:6517: checking for strerror
configure:6517: gcc -o conftest -g -O0 -I/Users/svetlana/include  -L/Users/svetlana/lib conftest.c -lpng -lz  >&5
conftest.c:103:6: warning: incompatible redeclaration of library function 'strerror' [-Wincompatible-library-redeclaration]
char strerror ();
     ^
conftest.c:103:6: note: 'strerror' is a builtin with type 'char *(int)'
1 warning generated.
ld: warning: directory not found for option '-L/Users/svetlana/lib'
configure:6517: $? = 0
configure:6517: result: yes
configure:6517: checking for strrchr
configure:6517: gcc -o conftest -g -O0 -I/Users/svetlana/include  -L/Users/svetlana/lib conftest.c -lpng -lz  >&5
conftest.c:104:6: warning: incompatible redeclaration of library function 'strrchr' [-Wincompatible-library-redeclaration]
char strrchr ();
     ^
conftest.c:104:6: note: 'strrchr' is a builtin with type 'char *(const char *, int)'
1 warning generated.
ld: warning: directory not found for option '-L/Users/svetlana/lib'
configure:6517: $? = 0
configure:6517: result: yes
configure:6517: checking for strspn
configure:6517: gcc -o conftest -g -O0 -I/Users/svetlana/include  -L/Users/svetlana/lib conftest.c -lpng -lz  >&5
conftest.c:105:6: warning: incompatible redeclaration of library function 'strspn' [-Wincompatible-library-redeclaration]
char strspn ();
     ^
conftest.c:105:6: note: 'strspn' is a builtin with type 'unsigned long (const char *, const char *)'
1 warning generated.
ld: warning: directory not found for option '-L/Users/svetlana/lib'
configure:6517: $? = 0
configure:6517: result: yes
configure:6517: checking for strstr
configure:6517: gcc -o conftest -g -O0 -I/Users/svetlana/include  -L/Users/svetlana/lib conftest.c -lpng -lz  >&5
conftest.c:106:6: warning: incompatible redeclaration of library function 'strstr' [-Wincompatible-library-redeclaration]
char strstr ();
     ^
conftest.c:106:6: note: 'strstr' is a builtin with type 'char *(const char *, const char *)'
1 warning generated.
ld: warning: directory not found for option '-L/Users/svetlana/lib'
configure:6517: $? = 0
configure:6517: result: yes
configure:6517: checking for strtol
configure:6517: gcc -o conftest -g -O0 -I/Users/svetlana/include  -L/Users/svetlana/lib conftest.c -lpng -lz  >&5
ld: warning: directory not found for option '-L/Users/svetlana/lib'
configure:6517: $? = 0
configure:6517: result: yes
configure:6517: checking for tzset
configure:6517: gcc -o conftest -g -O0 -I/Users/svetlana/include  -L/Users/svetlana/lib conftest.c -lpng -lz  >&5
ld: warning: directory not found for option '-L/Users/svetlana/lib'
configure:6517: $? = 0
configure:6517: result: yes
configure:6517: checking for uname
configure:6517: gcc -o conftest -g -O0 -I/Users/svetlana/include  -L/Users/svetlana/lib conftest.c -lpng -lz  >&5
ld: warning: directory not found for option '-L/Users/svetlana/lib'
configure:6517: $? = 0
configure:6517: result: yes
configure:6517: checking for utime
configure:6517: gcc -o conftest -g -O0 -I/Users/svetlana/include  -L/Users/svetlana/lib conftest.c -lpng -lz  >&5
ld: warning: directory not found for option '-L/Users/svetlana/lib'
configure:6517: $? = 0
configure:6517: result: yes
configure:6639: checking that generated files are newer than configure
configure:6645: result: done
configure:6672: creating ./config.status

## ---------------------- ##
## Running config.status. ##
## ---------------------- ##

This file was extended by libbeato config.status 1.0, which was
generated by GNU Autoconf 2.69.  Invocation command line was

  CONFIG_FILES    = 
  CONFIG_HEADERS  = 
  CONFIG_LINKS    = 
  CONFIG_COMMANDS = 
  $ ./config.status 

on Need

config.status:939: creating Makefile
config.status:939: creating beato/Makefile
config.status:939: creating jkweb/Makefile
config.status:939: creating config.h
config.status:1168: executing depfiles commands

## ---------------- ##
## Cache variables. ##
## ---------------- ##

ac_cv_build=x86_64-apple-darwin15.6.0
ac_cv_c_compiler_gnu=yes
ac_cv_c_inline=inline
ac_cv_c_int16_t=yes
ac_cv_c_int32_t=yes
ac_cv_c_int64_t=yes
ac_cv_c_int8_t=yes
ac_cv_c_uint16_t=yes
ac_cv_c_uint32_t=yes
ac_cv_c_uint8_t=yes
ac_cv_env_CC_set=
ac_cv_env_CC_value=
ac_cv_env_CFLAGS_set=set
ac_cv_env_CFLAGS_value='-g -O0 -I/Users/svetlana/include'
ac_cv_env_CPPFLAGS_set=
ac_cv_env_CPPFLAGS_value=
ac_cv_env_CPP_set=
ac_cv_env_CPP_value=
ac_cv_env_LDFLAGS_set=set
ac_cv_env_LDFLAGS_value=-L/Users/svetlana/lib
ac_cv_env_LIBS_set=
ac_cv_env_LIBS_value=
ac_cv_env_build_alias_set=
ac_cv_env_build_alias_value=
ac_cv_env_host_alias_set=
ac_cv_env_host_alias_value=
ac_cv_env_target_alias_set=
ac_cv_env_target_alias_value=
ac_cv_func_alarm=yes
ac_cv_func_bzero=yes
ac_cv_func_dup2=yes
ac_cv_func_floor=yes
ac_cv_func_fork=yes
ac_cv_func_fork_works=yes
ac_cv_func_getcwd=yes
ac_cv_func_getpagesize=yes
ac_cv_func_gettimeofday=yes
ac_cv_func_memmove=yes
ac_cv_func_memset=yes
ac_cv_func_mkdir=yes
ac_cv_func_mmap_fixed_mapped=yes
ac_cv_func_munmap=yes
ac_cv_func_pow=yes
ac_cv_func_putenv=yes
ac_cv_func_regcomp=yes
ac_cv_func_rint=yes
ac_cv_func_select=yes
ac_cv_func_setenv=yes
ac_cv_func_socket=yes
ac_cv_func_sqrt=yes
ac_cv_func_strcasecmp=yes
ac_cv_func_strchr=yes
ac_cv_func_strcspn=yes
ac_cv_func_strdup=yes
ac_cv_func_strerror=yes
ac_cv_func_strrchr=yes
ac_cv_func_strspn=yes
ac_cv_func_strstr=yes
ac_cv_func_strtod=yes
ac_cv_func_strtol=yes
ac_cv_func_tzset=yes
ac_cv_func_uname=yes
ac_cv_func_utime=yes
ac_cv_func_vfork=yes
ac_cv_func_vfork_works=yes
ac_cv_func_working_mktime=no
ac_cv_header_arpa_inet_h=yes
ac_cv_header_fcntl_h=yes
ac_cv_header_float_h=yes
ac_cv_header_inttypes_h=yes
ac_cv_header_limits_h=yes
ac_cv_header_math_h=yes
ac_cv_header_memory_h=yes
ac_cv_header_netdb_h=yes
ac_cv_header_netinet_in_h=yes
ac_cv_header_openssl_err_h=no
ac_cv_header_openssl_ssl_h=no
ac_cv_header_png_h=yes
ac_cv_header_pthread_h=yes
ac_cv_header_stdbool_h=yes
ac_cv_header_stdc=yes
ac_cv_header_stdint_h=yes
ac_cv_header_stdlib_h=yes
ac_cv_header_string_h=yes
ac_cv_header_strings_h=yes
ac_cv_header_sys_file_h=yes
ac_cv_header_sys_param_h=yes
ac_cv_header_sys_socket_h=yes
ac_cv_header_sys_stat_h=yes
ac_cv_header_sys_statvfs_h=yes
ac_cv_header_sys_time_h=yes
ac_cv_header_sys_types_h=yes
ac_cv_header_syslog_h=yes
ac_cv_header_termios_h=yes
ac_cv_header_time=yes
ac_cv_header_unistd_h=yes
ac_cv_header_utime_h=yes
ac_cv_header_vfork_h=no
ac_cv_header_zlib_h=yes
ac_cv_host=x86_64-apple-darwin15.6.0
ac_cv_objext=o
ac_cv_path_EGREP='/usr/bin/grep -E'
ac_cv_path_GREP=/usr/bin/grep
ac_cv_path_install='/usr/bin/install -c'
ac_cv_prog_AWK=awk
ac_cv_prog_CPP='gcc -E'
ac_cv_prog_ac_ct_CC=gcc
ac_cv_prog_ac_ct_RANLIB=ranlib
ac_cv_prog_cc_c89=
ac_cv_prog_cc_g=yes
ac_cv_prog_make_make_set=yes
ac_cv_search_hts_version=no
ac_cv_search_png_read_png=-lpng
ac_cv_search_pow='none required'
ac_cv_search_pthread_create='none required'
ac_cv_search_zlibVersion=-lz
ac_cv_sys_file_offset_bits=no
ac_cv_sys_largefile_CC=no
ac_cv_sys_largefile_source=no
ac_cv_target=x86_64-apple-darwin15.6.0
ac_cv_type__Bool=yes
ac_cv_type_off_t=yes
ac_cv_type_pid_t=yes
ac_cv_type_size_t=yes
ac_cv_type_ssize_t=yes
ac_cv_type_uid_t=yes
am_cv_CC_dependencies_compiler_type=gcc3
am_cv_make_support_nested_variables=yes
am_cv_prog_cc_c_o=yes

## ----------------- ##
## Output variables. ##
## ----------------- ##

ACLOCAL='${SHELL} /Users/svetlana/Documents/work/magic-2.0/bin/libbeato/missing aclocal-1.14'
AMDEPBACKSLASH='\'
AMDEP_FALSE='#'
AMDEP_TRUE=''
AMTAR='$${TAR-tar}'
AM_BACKSLASH='\'
AM_DEFAULT_V='$(AM_DEFAULT_VERBOSITY)'
AM_DEFAULT_VERBOSITY='1'
AM_V='$(V)'
AUTOCONF='${SHELL} /Users/svetlana/Documents/work/magic-2.0/bin/libbeato/missing autoconf'
AUTOHEADER='${SHELL} /Users/svetlana/Documents/work/magic-2.0/bin/libbeato/missing autoheader'
AUTOMAKE='${SHELL} /Users/svetlana/Documents/work/magic-2.0/bin/libbeato/missing automake-1.14'
AWK='awk'
CC='gcc'
CCDEPMODE='depmode=gcc3'
CFLAGS='-g -O0 -I/Users/svetlana/include'
CPP='gcc -E'
CPPFLAGS=''
CYGPATH_W='echo'
DEFS='-DHAVE_CONFIG_H'
DEPDIR='.deps'
ECHO_C='\c'
ECHO_N=''
ECHO_T=''
EGREP='/usr/bin/grep -E'
EXEEXT=''
GREP='/usr/bin/grep'
INSTALL_DATA='${INSTALL} -m 644'
INSTALL_PROGRAM='${INSTALL}'
INSTALL_SCRIPT='${INSTALL}'
INSTALL_STRIP_PROGRAM='$(install_sh) -c -s'
LDFLAGS='-L/Users/svetlana/lib'
LIBOBJS=' ${LIBOBJDIR}mktime$U.o'
LIBS='-lpng -lz '
LTLIBOBJS=' ${LIBOBJDIR}mktime$U.lo'
MACHTYPE_WARN='-Wall -Wformat -Wimplicit -Wreturn-type -Wuninitialized'
MAINT='#'
MAINTAINER_MODE_FALSE=''
MAINTAINER_MODE_TRUE='#'
MAKEINFO='${SHELL} /Users/svetlana/Documents/work/magic-2.0/bin/libbeato/missing makeinfo'
MKDIR_P='./install-sh -c -d'
OBJEXT='o'
PACKAGE='libbeato'
PACKAGE_BUGREPORT=''
PACKAGE_NAME='libbeato'
PACKAGE_STRING='libbeato 1.0'
PACKAGE_TARNAME='libbeato'
PACKAGE_URL=''
PACKAGE_VERSION='1.0'
PATH_SEPARATOR=':'
POW_LIB=''
RANLIB='ranlib'
SET_MAKE=''
SHELL='/bin/sh'
STRIP=''
VERSION='1.0'
ac_ct_CC='gcc'
am__EXEEXT_FALSE=''
am__EXEEXT_TRUE='#'
am__fastdepCC_FALSE='#'
am__fastdepCC_TRUE=''
am__include='include'
am__isrc=''
am__leading_dot='.'
am__nodep='_no'
am__quote=''
am__tar='$${TAR-tar} chof - "$$tardir"'
am__untar='$${TAR-tar} xf -'
bindir='${exec_prefix}/bin'
build='x86_64-apple-darwin15.6.0'
build_alias=''
build_cpu='x86_64'
build_os='darwin15.6.0'
build_vendor='apple'
datadir='${datarootdir}'
datarootdir='${prefix}/share'
docdir='${datarootdir}/doc/${PACKAGE_TARNAME}'
dvidir='${docdir}'
exec_prefix='${prefix}'
host='x86_64-apple-darwin15.6.0'
host_alias=''
host_cpu='x86_64'
host_os='darwin15.6.0'
host_vendor='apple'
htmldir='${docdir}'
includedir='${prefix}/include'
infodir='${datarootdir}/info'
install_sh='${SHELL} /Users/svetlana/Documents/work/magic-2.0/bin/libbeato/install-sh'
libdir='${exec_prefix}/lib'
libexecdir='${exec_prefix}/libexec'
localedir='${datarootdir}/locale'
localstatedir='${prefix}/var'
mandir='${datarootdir}/man'
mkdir_p='$(MKDIR_P)'
oldincludedir='/usr/include'
pdfdir='${docdir}'
prefix='/Users/svetlana'
program_transform_name='s,x,x,'
psdir='${docdir}'
sbindir='${exec_prefix}/sbin'
sharedstatedir='${prefix}/com'
sysconfdir='${prefix}/etc'
target='x86_64-apple-darwin15.6.0'
target_alias=''
target_cpu='x86_64'
target_os='darwin15.6.0'
target_vendor='apple'

## ----------- ##
## confdefs.h. ##
## ----------- ##

/* confdefs.h */
#define PACKAGE_NAME "libbeato"
#define PACKAGE_TARNAME "libbeato"
#define PACKAGE_VERSION "1.0"
#define PACKAGE_STRING "libbeato 1.0"
#define PACKAGE_BUGREPORT ""
#define PACKAGE_URL ""
#define PACKAGE "libbeato"
#define VERSION "1.0"
#define COLOR32 1
#define MACHTYPE_x86_64 /**/
#define STDC_HEADERS 1
#define HAVE_SYS_TYPES_H 1
#define HAVE_SYS_STAT_H 1
#define HAVE_STDLIB_H 1
#define HAVE_STRING_H 1
#define HAVE_MEMORY_H 1
#define HAVE_STRINGS_H 1
#define HAVE_INTTYPES_H 1
#define HAVE_STDINT_H 1
#define HAVE_UNISTD_H 1
#define HAVE_ARPA_INET_H 1
#define HAVE_FCNTL_H 1
#define HAVE_FLOAT_H 1
#define HAVE_LIMITS_H 1
#define HAVE_NETDB_H 1
#define HAVE_MATH_H 1
#define HAVE_NETINET_IN_H 1
#define HAVE_PTHREAD_H 1
#define HAVE_STDLIB_H 1
#define HAVE_STRING_H 1
#define HAVE_STRINGS_H 1
#define HAVE_SYS_FILE_H 1
#define HAVE_SYS_SOCKET_H 1
#define HAVE_SYS_STATVFS_H 1
#define HAVE_SYS_TIME_H 1
#define HAVE_SYSLOG_H 1
#define HAVE_TERMIOS_H 1
#define HAVE_UNISTD_H 1
#define HAVE_UTIME_H 1
#define HAVE_ZLIB_H 1
#define USE_PNG 1
#define HAVE__BOOL 1
#define HAVE_STDBOOL_H 1
#define HAVE_FORK 1
#define HAVE_VFORK 1
#define HAVE_WORKING_VFORK 1
#define HAVE_WORKING_FORK 1
#define HAVE_FSEEKO 1
#define TIME_WITH_SYS_TIME 1
#define HAVE_SYS_TIME_H 1
#define HAVE_UNISTD_H 1
#define HAVE_STDLIB_H 1
#define HAVE_SYS_PARAM_H 1
#define HAVE_ALARM 1
#define HAVE_GETPAGESIZE 1
#define HAVE_MMAP 1
#define HAVE_BZERO 1
#define HAVE_DUP2 1
#define HAVE_FLOOR 1
#define HAVE_GETCWD 1
#define HAVE_GETTIMEOFDAY 1
#define HAVE_MEMMOVE 1
#define HAVE_MEMSET 1
#define HAVE_MKDIR 1
#define HAVE_MUNMAP 1
#define HAVE_POW 1
#define HAVE_PUTENV 1
#define HAVE_REGCOMP 1
#define HAVE_RINT 1
#define HAVE_SELECT 1
#define HAVE_SETENV 1
#define HAVE_SOCKET 1
#define HAVE_SQRT 1
#define HAVE_STRCASECMP 1
#define HAVE_STRCHR 1
#define HAVE_STRCSPN 1
#define HAVE_STRDUP 1
#define HAVE_STRERROR 1
#define HAVE_STRRCHR 1
#define HAVE_STRSPN 1
#define HAVE_STRSTR 1
#define HAVE_STRTOL 1
#define HAVE_TZSET 1
#define HAVE_UNAME 1
#define HAVE_UTIME 1

configure: exit 0
